2025-06-20 16:53:05,015 [INFO] Activator:176 - 


2025-06-20 16:53:05,017 [INFO] Activator:177 - !SESSION log4j initialized
2025-06-20 16:53:08,919 [INFO] LogOutputStream:77 - [STDOUT_REDIRECT] 
2025-06-20 16:53:12,156 [INFO] ApplicationProperties:184 - Using Application install path: C:\ST\STM32CubeIDE_1.18.1\STM32CubeIDE\plugins\com.st.stm32cube.common.mx_6.14.1.202504091515
2025-06-20 16:53:12,184 [INFO] DbMcusXml:78 - Set database path to: C:\ST\STM32CubeIDE_1.18.1\STM32CubeIDE\plugins\com.st.stm32cube.common.mx_6.14.1.202504091515\\db\/mcu/
2025-06-20 16:53:12,184 [INFO] ApiDb:274 - Set plugin database path to: C:\ST\STM32CubeIDE_1.18.1\STM32CubeIDE\plugins\com.st.stm32cube.common.mx_6.14.1.202504091515\\db\/plugins/boardmanager/
2025-06-20 16:53:12,186 [WARN] ApiDb:259 - Overriding images path with different value:  => C:\ST\STM32CubeIDE_1.18.1\STM32CubeIDE\plugins\com.st.stm32cube.common.mx_6.14.1.202504091515\\db\/plugins/mcufinder/images/
2025-06-20 16:53:12,196 [INFO] ApiDb:250 - Set database path to: C:\Users\Administrator\.stmcufinder\plugins\mcufinder//mcu/
2025-06-20 16:53:12,198 [INFO] DbMcusAds:125 - Set database path to: C:\Users\Administrator\.stmcufinder\plugins\mcufinder//mcu/
2025-06-20 16:53:12,202 [INFO] CrossReferenceDbSqlite:203 - Set database path to: C:\Users\Administrator\.stmcufinder\plugins\mcufinder//mcu/cs/
2025-06-20 16:53:12,401 [INFO] RulesReader:64 - Compatibility file has been processed (302 Rules)
2025-06-20 16:53:12,501 [INFO] DbMcusXml:78 - Set database path to: C:\ST\STM32CubeIDE_1.18.1\STM32CubeIDE\plugins\com.st.stm32cube.common.mx_6.14.1.202504091515\\db\/mcu/
2025-06-20 16:53:12,501 [INFO] ApiDb:274 - Set plugin database path to: C:\ST\STM32CubeIDE_1.18.1\STM32CubeIDE\plugins\com.st.stm32cube.common.mx_6.14.1.202504091515\\db\/plugins/boardmanager/
2025-06-20 16:53:12,502 [INFO] ApiDb:261 - Set plugin images path to: C:\ST\STM32CubeIDE_1.18.1\STM32CubeIDE\plugins\com.st.stm32cube.common.mx_6.14.1.202504091515\\db\/plugins/mcufinder/images/
2025-06-20 16:53:12,502 [WARN] DbFile:41 - Overriding database path with different value: C:\Users\Administrator\.stmcufinder\plugins\mcufinder/ => C:\Users\Administrator\.stmcufinder\plugins\mcufinder
2025-06-20 16:53:12,502 [INFO] ApiDb:250 - Set database path to: C:\Users\Administrator\.stmcufinder\plugins\mcufinder//mcu/
2025-06-20 16:53:12,502 [WARN] DbFile:41 - Overriding database path with different value: C:\Users\Administrator\.stmcufinder\plugins\mcufinder/ => C:\Users\Administrator\.stmcufinder\plugins\mcufinder
2025-06-20 16:53:12,503 [INFO] DbMcusAds:125 - Set database path to: C:\Users\Administrator\.stmcufinder\plugins\mcufinder//mcu/
2025-06-20 16:53:12,503 [WARN] DbFile:41 - Overriding database path with different value: C:\Users\Administrator\.stmcufinder\plugins\mcufinder/ => C:\Users\Administrator\.stmcufinder\plugins\mcufinder
2025-06-20 16:53:12,503 [WARN] DbFile:41 - Overriding database path with different value: C:\Users\Administrator\.stmcufinder\plugins\mcufinder/ => C:\Users\Administrator\.stmcufinder\plugins\mcufinder
2025-06-20 16:53:12,503 [INFO] CrossReferenceDbSqlite:203 - Set database path to: C:\Users\Administrator\.stmcufinder\plugins\mcufinder//mcu/cs/
2025-06-20 16:53:12,592 [INFO] MainPanel:272 - HeapMemory: 268435456
2025-06-20 16:53:12,702 [INFO] DbMcusXml:78 - Set database path to: C:\ST\STM32CubeIDE_1.18.1\STM32CubeIDE\plugins\com.st.stm32cube.common.mx_6.14.1.202504091515\\db\/mcu/
2025-06-20 16:53:12,703 [INFO] ApiDb:274 - Set plugin database path to: C:\ST\STM32CubeIDE_1.18.1\STM32CubeIDE\plugins\com.st.stm32cube.common.mx_6.14.1.202504091515\\db\/plugins/boardmanager/
2025-06-20 16:53:12,703 [INFO] ApiDb:261 - Set plugin images path to: C:\ST\STM32CubeIDE_1.18.1\STM32CubeIDE\plugins\com.st.stm32cube.common.mx_6.14.1.202504091515\\db\/plugins/mcufinder/images/
2025-06-20 16:53:12,704 [WARN] DbFile:41 - Overriding database path with different value: C:\Users\Administrator\.stmcufinder\plugins\mcufinder/ => C:\Users\Administrator\.stmcufinder\plugins\mcufinder
2025-06-20 16:53:12,704 [INFO] ApiDb:250 - Set database path to: C:\Users\Administrator\.stmcufinder\plugins\mcufinder//mcu/
2025-06-20 16:53:12,705 [WARN] DbFile:41 - Overriding database path with different value: C:\Users\Administrator\.stmcufinder\plugins\mcufinder/ => C:\Users\Administrator\.stmcufinder\plugins\mcufinder
2025-06-20 16:53:12,705 [INFO] DbMcusAds:125 - Set database path to: C:\Users\Administrator\.stmcufinder\plugins\mcufinder//mcu/
2025-06-20 16:53:12,705 [WARN] DbFile:41 - Overriding database path with different value: C:\Users\Administrator\.stmcufinder\plugins\mcufinder/ => C:\Users\Administrator\.stmcufinder\plugins\mcufinder
2025-06-20 16:53:12,705 [WARN] DbFile:41 - Overriding database path with different value: C:\Users\Administrator\.stmcufinder\plugins\mcufinder/ => C:\Users\Administrator\.stmcufinder\plugins\mcufinder
2025-06-20 16:53:12,705 [INFO] CrossReferenceDbSqlite:203 - Set database path to: C:\Users\Administrator\.stmcufinder\plugins\mcufinder//mcu/cs/
2025-06-20 16:53:12,741 [INFO] ApplicationProperties:184 - Using Application install path: C:\ST\STM32CubeIDE_1.18.1\STM32CubeIDE\plugins\com.st.stm32cube.common.mx_6.14.1.202504091515
2025-06-20 16:53:12,742 [INFO] PluginManage:196 - Search for loadable plugins [exclusion list=, ]
2025-06-20 16:53:12,744 [INFO] PluginManage:310 - Check plugin analytics
2025-06-20 16:53:13,011 [INFO] AnalyticsPlugin:253 - Accepted Software Licenses: STM32CubeMX.6.14.1
2025-06-20 16:53:13,012 [INFO] AnalyticsPlugin:255 - Accepted CMSIS Pack Licenses: 
2025-06-20 16:53:13,012 [INFO] AnalyticsPlugin:257 - Accepted Firmware Licenses: FW.F4.1.28.0
2025-06-20 16:53:13,017 [INFO] PluginManage:359 - Loaded plugin analytics (category:tool,tabindex:-1)
2025-06-20 16:53:13,018 [INFO] PluginManage:310 - Check plugin cadmodel
2025-06-20 16:53:13,024 [INFO] CADModel:105 - Init CAD model plugin
2025-06-20 16:53:13,025 [INFO] PluginManage:359 - Loaded plugin cadmodel (category:power,tabindex:5)
2025-06-20 16:53:13,025 [INFO] PluginManage:310 - Check plugin clock
2025-06-20 16:53:13,040 [INFO] PluginManage:359 - Loaded plugin clock (category:base,tabindex:2)
2025-06-20 16:53:13,040 [INFO] PluginManage:310 - Check plugin ddr
2025-06-20 16:53:13,043 [INFO] PluginManage:359 - Loaded plugin ddr (category:tool,tabindex:6)
2025-06-20 16:53:13,044 [INFO] PluginManage:310 - Check plugin filemanager
2025-06-20 16:53:13,373 [INFO] PluginManage:359 - Loaded plugin filemanager (category:base,tabindex:10)
2025-06-20 16:53:13,374 [INFO] PluginManage:310 - Check plugin ipmanager
2025-06-20 16:53:13,381 [INFO] PluginManage:359 - Loaded plugin ipmanager (category:base,tabindex:5)
2025-06-20 16:53:13,381 [INFO] PluginManage:310 - Check plugin lpbam
2025-06-20 16:53:13,392 [INFO] PluginManage:359 - Loaded plugin lpbam (category:base,tabindex:0)
2025-06-20 16:53:13,392 [INFO] PluginManage:310 - Check plugin memorymap
2025-06-20 16:53:13,406 [INFO] PluginManage:359 - Loaded plugin memorymap (category:base,tabindex:4)
2025-06-20 16:53:13,406 [INFO] PluginManage:310 - Check plugin pinoutandconfiguration
2025-06-20 16:53:13,413 [INFO] PluginManage:359 - Loaded plugin pinoutandconfiguration (category:base,tabindex:1)
2025-06-20 16:53:13,414 [INFO] PluginManage:310 - Check plugin pinoutconfig
2025-06-20 16:53:13,511 [WARN] SupportedApi:132 - Cannot load RTOS API schema: s4s-elt-must-match.1: The content of 'definitions' must match (annotation?, (simpleType | complexType)?, (unique | key | keyref)*)). A problem was found starting at: attribute.
2025-06-20 16:53:13,689 [INFO] PluginManage:359 - Loaded plugin pinoutconfig (category:base,tabindex:0)
2025-06-20 16:53:13,689 [INFO] PluginManage:310 - Check plugin power
2025-06-20 16:53:13,699 [INFO] PluginManage:359 - Loaded plugin power (category:power,tabindex:4)
2025-06-20 16:53:13,699 [INFO] PluginManage:310 - Check plugin projectmanager
2025-06-20 16:53:13,722 [INFO] PluginManage:359 - Loaded plugin projectmanager (category:projectmanager,tabindex:4)
2025-06-20 16:53:13,723 [INFO] PluginManage:310 - Check plugin rif
2025-06-20 16:53:13,730 [INFO] PluginManage:359 - Loaded plugin rif (category:base,tabindex:3)
2025-06-20 16:53:13,730 [INFO] PluginManage:310 - Check plugin thirdparty
2025-06-20 16:53:13,935 [INFO] PluginManage:359 - Loaded plugin thirdparty (category:base,tabindex:-1)
2025-06-20 16:53:13,935 [INFO] PluginManage:310 - Check plugin tools
2025-06-20 16:53:13,938 [INFO] PluginManage:359 - Loaded plugin tools (category:base,tabindex:7)
2025-06-20 16:53:13,939 [INFO] PluginManage:310 - Check plugin tutovideos
2025-06-20 16:53:13,942 [WARN] IntegrityCheckThread:84 - waiting for thirdparty lock release [integrity check]
2025-06-20 16:53:13,943 [INFO] IntegrityCheckThread:86 - entering critical section [integrity check]
2025-06-20 16:53:13,944 [INFO] ThirdPartyUpdaterWithRetryManager:70 - Updater plugin not ready yet. [1/15]
2025-06-20 16:53:14,153 [INFO] PluginManage:359 - Loaded plugin tutovideos (category:base,tabindex:-1)
2025-06-20 16:53:14,156 [INFO] PluginManage:310 - Check plugin updater
2025-06-20 16:53:14,194 [INFO] PluginManage:359 - Loaded plugin updater (category:base,tabindex:12)
2025-06-20 16:53:14,194 [INFO] PluginManage:310 - Check plugin userauth
2025-06-20 16:53:14,198 [INFO] UserAuth:118 - Init User Auth plugin
2025-06-20 16:53:14,199 [INFO] PluginManage:359 - Loaded plugin userauth (category:base,tabindex:14)
2025-06-20 16:53:14,200 [INFO] PluginManage:283 - PluginManage : Loaded plugins [18]
2025-06-20 16:53:14,491 [INFO] PinOutPanel:1589 - setPackage(No Configuration,No Configuration)
2025-06-20 16:53:14,634 [INFO] CADModel:165 - CPN selected for project level
2025-06-20 16:53:14,635 [INFO] CADModel:114 - Register for checkConnection events
2025-06-20 16:53:14,660 [INFO] IPUIPlugin:80 - create IPUIPlugin
2025-06-20 16:53:14,661 [INFO] PluginManager:220 - loadIPPluginJar : add adc
2025-06-20 16:53:14,664 [INFO] IPUIPlugin:80 - create IPUIPlugin
2025-06-20 16:53:14,665 [INFO] PluginManager:220 - loadIPPluginJar : add aes
2025-06-20 16:53:14,672 [INFO] IPUIPlugin:80 - create IPUIPlugin
2025-06-20 16:53:14,673 [INFO] PluginManager:220 - loadIPPluginJar : add can
2025-06-20 16:53:14,677 [INFO] IPUIPlugin:80 - create IPUIPlugin
2025-06-20 16:53:14,678 [INFO] PluginManager:220 - loadIPPluginJar : add comp
2025-06-20 16:53:14,684 [INFO] IPUIPlugin:80 - create IPUIPlugin
2025-06-20 16:53:14,684 [INFO] PluginManager:220 - loadIPPluginJar : add cryp
2025-06-20 16:53:14,690 [INFO] IPUIPlugin:80 - create IPUIPlugin
2025-06-20 16:53:14,691 [INFO] PluginManager:220 - loadIPPluginJar : add ddr_ctrl_phy
2025-06-20 16:53:14,695 [INFO] IPUIPlugin:80 - create IPUIPlugin
2025-06-20 16:53:14,696 [INFO] PluginManager:220 - loadIPPluginJar : add dfsdm
2025-06-20 16:53:14,706 [INFO] IPUIPlugin:80 - create IPUIPlugin
2025-06-20 16:53:14,707 [INFO] PluginManager:220 - loadIPPluginJar : add dma
2025-06-20 16:53:14,712 [INFO] IPUIPlugin:80 - create IPUIPlugin
2025-06-20 16:53:14,712 [INFO] PluginManager:220 - loadIPPluginJar : add dma3
2025-06-20 16:53:14,717 [INFO] IPUIPlugin:80 - create IPUIPlugin
2025-06-20 16:53:14,717 [INFO] PluginManager:220 - loadIPPluginJar : add extmemmanager
2025-06-20 16:53:14,722 [INFO] IPUIPlugin:80 - create IPUIPlugin
2025-06-20 16:53:14,723 [INFO] PluginManager:220 - loadIPPluginJar : add fatfs
2025-06-20 16:53:14,735 [INFO] IPUIPlugin:80 - create IPUIPlugin
2025-06-20 16:53:14,736 [INFO] PluginManager:220 - loadIPPluginJar : add fmc
2025-06-20 16:53:14,746 [INFO] IPUIPlugin:80 - create IPUIPlugin
2025-06-20 16:53:14,746 [INFO] PluginManager:220 - loadIPPluginJar : add freertos
2025-06-20 16:53:14,779 [INFO] IPUIPlugin:80 - create IPUIPlugin
2025-06-20 16:53:14,780 [INFO] PluginManager:220 - loadIPPluginJar : add genericplugin
2025-06-20 16:53:14,795 [INFO] IPUIPlugin:80 - create IPUIPlugin
2025-06-20 16:53:14,795 [INFO] PluginManager:220 - loadIPPluginJar : add gfxmmu
2025-06-20 16:53:14,805 [INFO] IPUIPlugin:80 - create IPUIPlugin
2025-06-20 16:53:14,805 [INFO] PluginManager:220 - loadIPPluginJar : add gic
2025-06-20 16:53:14,813 [INFO] IPUIPlugin:80 - create IPUIPlugin
2025-06-20 16:53:14,814 [INFO] PluginManager:220 - loadIPPluginJar : add gpio
2025-06-20 16:53:14,822 [INFO] IPUIPlugin:80 - create IPUIPlugin
2025-06-20 16:53:14,822 [INFO] PluginManager:220 - loadIPPluginJar : add gtzc
2025-06-20 16:53:14,827 [INFO] IPUIPlugin:80 - create IPUIPlugin
2025-06-20 16:53:14,827 [INFO] PluginManager:220 - loadIPPluginJar : add hash
2025-06-20 16:53:14,833 [INFO] IPUIPlugin:80 - create IPUIPlugin
2025-06-20 16:53:14,833 [INFO] PluginManager:220 - loadIPPluginJar : add i2c
2025-06-20 16:53:14,839 [INFO] IPUIPlugin:80 - create IPUIPlugin
2025-06-20 16:53:14,840 [INFO] PluginManager:220 - loadIPPluginJar : add i2s
2025-06-20 16:53:14,846 [INFO] IPUIPlugin:80 - create IPUIPlugin
2025-06-20 16:53:14,847 [INFO] PluginManager:220 - loadIPPluginJar : add i3c
2025-06-20 16:53:14,854 [INFO] IPUIPlugin:80 - create IPUIPlugin
2025-06-20 16:53:14,854 [INFO] PluginManager:220 - loadIPPluginJar : add ipddr
2025-06-20 16:53:14,865 [INFO] IPUIPlugin:80 - create IPUIPlugin
2025-06-20 16:53:14,865 [INFO] PluginManager:220 - loadIPPluginJar : add linkedlist
2025-06-20 16:53:14,871 [INFO] IPUIPlugin:80 - create IPUIPlugin
2025-06-20 16:53:14,872 [INFO] PluginManager:220 - loadIPPluginJar : add lorawan
2025-06-20 16:53:14,874 [INFO] IPUIPlugin:80 - create IPUIPlugin
2025-06-20 16:53:14,874 [INFO] PluginManager:220 - loadIPPluginJar : add ltdc
2025-06-20 16:53:14,886 [INFO] IPUIPlugin:80 - create IPUIPlugin
2025-06-20 16:53:14,886 [INFO] PluginManager:220 - loadIPPluginJar : add mdma
2025-06-20 16:53:14,893 [INFO] IPUIPlugin:80 - create IPUIPlugin
2025-06-20 16:53:14,893 [INFO] PluginManager:220 - loadIPPluginJar : add nvic
2025-06-20 16:53:14,898 [INFO] IPUIPlugin:80 - create IPUIPlugin
2025-06-20 16:53:14,899 [INFO] PluginManager:220 - loadIPPluginJar : add opamp
2025-06-20 16:53:14,904 [INFO] IPUIPlugin:80 - create IPUIPlugin
2025-06-20 16:53:14,904 [INFO] PluginManager:220 - loadIPPluginJar : add openamp
2025-06-20 16:53:14,909 [INFO] IPUIPlugin:80 - create IPUIPlugin
2025-06-20 16:53:14,909 [INFO] PluginManager:220 - loadIPPluginJar : add pdm2pcm
2025-06-20 16:53:14,924 [INFO] IPUIPlugin:80 - create IPUIPlugin
2025-06-20 16:53:14,928 [INFO] PluginManager:220 - loadIPPluginJar : add plateformsettings
2025-06-20 16:53:14,930 [INFO] IPUIPlugin:80 - create IPUIPlugin
2025-06-20 16:53:14,930 [INFO] PluginManager:220 - loadIPPluginJar : add quadspi
2025-06-20 16:53:14,933 [INFO] IPUIPlugin:80 - create IPUIPlugin
2025-06-20 16:53:14,937 [INFO] PluginManager:220 - loadIPPluginJar : add radio
2025-06-20 16:53:14,943 [INFO] IPUIPlugin:80 - create IPUIPlugin
2025-06-20 16:53:14,944 [INFO] PluginManager:220 - loadIPPluginJar : add resmgrutility
2025-06-20 16:53:14,949 [INFO] IPUIPlugin:80 - create IPUIPlugin
2025-06-20 16:53:14,949 [INFO] PluginManager:220 - loadIPPluginJar : add sai
2025-06-20 16:53:14,954 [INFO] IPUIPlugin:80 - create IPUIPlugin
2025-06-20 16:53:14,955 [INFO] PluginManager:220 - loadIPPluginJar : add spi
2025-06-20 16:53:14,962 [INFO] IPUIPlugin:80 - create IPUIPlugin
2025-06-20 16:53:14,963 [INFO] PluginManager:220 - loadIPPluginJar : add stm32_wpan
2025-06-20 16:53:14,966 [INFO] IPUIPlugin:80 - create IPUIPlugin
2025-06-20 16:53:14,968 [INFO] PluginManager:220 - loadIPPluginJar : add tim
2025-06-20 16:53:14,977 [INFO] IPUIPlugin:80 - create IPUIPlugin
2025-06-20 16:53:14,978 [INFO] PluginManager:220 - loadIPPluginJar : add touchsensing
2025-06-20 16:53:14,981 [INFO] IPUIPlugin:80 - create IPUIPlugin
2025-06-20 16:53:14,981 [INFO] PluginManager:220 - loadIPPluginJar : add tracer_emb
2025-06-20 16:53:14,985 [INFO] IPUIPlugin:80 - create IPUIPlugin
2025-06-20 16:53:14,985 [INFO] PluginManager:220 - loadIPPluginJar : add ts
2025-06-20 16:53:14,988 [INFO] IPUIPlugin:80 - create IPUIPlugin
2025-06-20 16:53:14,988 [INFO] PluginManager:220 - loadIPPluginJar : add tsc
2025-06-20 16:53:14,991 [INFO] IPUIPlugin:80 - create IPUIPlugin
2025-06-20 16:53:14,991 [INFO] PluginManager:220 - loadIPPluginJar : add ucpd
2025-06-20 16:53:14,996 [INFO] IPUIPlugin:80 - create IPUIPlugin
2025-06-20 16:53:14,997 [INFO] PluginManager:220 - loadIPPluginJar : add usart
2025-06-20 16:53:15,002 [INFO] IPUIPlugin:80 - create IPUIPlugin
2025-06-20 16:53:15,002 [INFO] PluginManager:220 - loadIPPluginJar : add usbx
2025-06-20 16:53:15,174 [FATAL] Updater:351 - Updater called before beeing initialized
2025-06-20 16:53:15,231 [INFO] RulesReader:64 - Compatibility file has been processed (302 Rules)
2025-06-20 16:53:15,264 [INFO] RulesReader:64 - Compatibility file has been processed (302 Rules)
2025-06-20 16:53:15,277 [INFO] CADModel:165 - CPN selected for project level
2025-06-20 16:53:15,277 [INFO] CADModel:114 - Register for checkConnection events
2025-06-20 16:53:15,278 [FATAL] Updater:351 - Updater called before beeing initialized
2025-06-20 16:53:15,278 [ERROR] CADModel:125 - Updater not yet initialized, retry later 
2025-06-20 16:53:15,467 [FATAL] Updater:351 - Updater called before beeing initialized
2025-06-20 16:53:15,469 [INFO] CADModel:165 - CPN selected for project level
2025-06-20 16:53:15,469 [INFO] CADModel:114 - Register for checkConnection events
2025-06-20 16:53:15,469 [FATAL] Updater:351 - Updater called before beeing initialized
2025-06-20 16:53:15,469 [ERROR] CADModel:125 - Updater not yet initialized, retry later 
2025-06-20 16:53:15,474 [FATAL] Updater:351 - Updater called before beeing initialized
2025-06-20 16:53:15,611 [FATAL] Updater:351 - Updater called before beeing initialized
2025-06-20 16:53:15,615 [INFO] DbMcusAds:53 - JSON generation date=Thu Jun 19 15:32:34 ICT 2025 (1750321954415)
2025-06-20 16:53:15,615 [FATAL] Updater:351 - Updater called before beeing initialized
2025-06-20 16:53:15,653 [WARN] DetailPanel:346 - Failed to get advertising image, set to default
2025-06-20 16:53:15,928 [FATAL] Updater:351 - Updater called before beeing initialized
2025-06-20 16:53:15,929 [FATAL] Updater:351 - Updater called before beeing initialized
2025-06-20 16:53:15,930 [FATAL] Updater:351 - Updater called before beeing initialized
2025-06-20 16:53:15,930 [WARN] DetailPanel:346 - Failed to get advertising image, set to default
2025-06-20 16:53:15,930 [FATAL] Updater:351 - Updater called before beeing initialized
2025-06-20 16:53:15,982 [ERROR] Updater:1198 - MainUpdater not yet initialized. External WinMGr cannot be set.
2025-06-20 16:53:15,984 [INFO] Updater:1134 - Updater Version found : 6.14.1
2025-06-20 16:53:16,006 [INFO] ApplicationProperties:184 - Using Application install path: C:\ST\STM32CubeIDE_1.18.1\STM32CubeIDE\plugins\com.st.stm32cube.common.mx_6.14.1.202504091515
2025-06-20 16:53:16,730 [INFO] MainUpdater:2872 - connection check result : 10
2025-06-20 16:53:16,730 [INFO] MainUpdater:289 - Updater Check For Update Now.
2025-06-20 16:53:16,731 [INFO] MicroXplorer:498 - Change Database Version : DB.6.0.141
2025-06-20 16:53:16,736 [INFO] McuFinderGlobals:63 - Set McuFinder mode to 2 (CubeIDE integrated)
2025-06-20 16:53:16,736 [INFO] UserAuth:484 - Internet connection configuration mode: 1
2025-06-20 16:53:16,766 [INFO] JxBrowserEngine:152 - Initiate JxBrowser Engine with user profile folder
2025-06-20 16:53:16,948 [WARN] MainUpdater:1193 - Updater busy. Cannot search thirdparties
2025-06-20 16:53:16,956 [INFO] ThirdPartyUpdaterWithRetryManager:96 - Updater plugin is busy. [1/15]
2025-06-20 16:53:17,060 [INFO] CheckServerUpdateThread:120 - End of CheckServer Thread
2025-06-20 16:53:17,908 [INFO] WebApp:169 - Instantiating new browser for Auth
2025-06-20 16:53:18,834 [INFO] WebApp:463 - Apply proxy settings
2025-06-20 16:53:18,834 [INFO] WebApp:548 - Chromium requires no authentication
2025-06-20 16:53:18,846 [INFO] WebApp:491 - Direct internet connection detected
2025-06-20 16:53:18,885 [INFO] WebApp:894 - Register for checkConnection events
2025-06-20 16:53:18,885 [INFO] WebApp:463 - Apply proxy settings
2025-06-20 16:53:18,885 [INFO] WebApp:548 - Chromium requires no authentication
2025-06-20 16:53:18,885 [INFO] WebApp:491 - Direct internet connection detected
2025-06-20 16:53:19,047 [INFO] WebApp:225 - Starting web application
2025-06-20 16:53:19,047 [INFO] WebApp:593 - Web application path used C:\ST\STM32CubeIDE_1.18.1\STM32CubeIDE\plugins\com.st.stm32cube.common.mx_6.14.1.202504091515\db\plugins\mcufinder\reactClient1\index.html
2025-06-20 16:53:19,160 [INFO] UserAuth:484 - Internet connection configuration mode: 1
2025-06-20 16:53:19,615 [INFO] WebApp:191 - Connection restablished
2025-06-20 16:53:20,368 [WARN] PackLoader:240 - Cannot read IP mode file for STMicroelectronics.FP-SNS-MOTENVWB1.1.4.0
2025-06-20 16:53:20,381 [WARN] PackLoader:240 - Cannot read IP mode file for STMicroelectronics.FP-ATR-ASTRA1.2.0.2
2025-06-20 16:53:20,393 [WARN] PackLoader:240 - Cannot read IP mode file for STMicroelectronics.X-CUBE-SMBUS.2.1.0
2025-06-20 16:53:20,399 [WARN] PackLoader:240 - Cannot read IP mode file for STMicroelectronics.X-CUBE-ST60.1.0.0
2025-06-20 16:53:20,449 [WARN] PackLoader:240 - Cannot read IP mode file for STMicroelectronics.X-CUBE-AZRTOS-F7.1.1.0
2025-06-20 16:53:20,546 [WARN] PackLoader:240 - Cannot read IP mode file for Infineon.AIROC-Wi-Fi-Bluetooth-STM32.1.7.0
2025-06-20 16:53:20,565 [WARN] PackLoader:240 - Cannot read IP mode file for STMicroelectronics.X-CUBE-DISPLAY.3.0.0
2025-06-20 16:53:20,582 [WARN] PackLoader:240 - Cannot read IP mode file for STMicroelectronics.X-CUBE-NFC10.1.0.0
2025-06-20 16:53:20,604 [WARN] PackLoader:240 - Cannot read IP mode file for STMicroelectronics.X-CUBE-BLEMGR.4.0.0
2025-06-20 16:53:20,635 [WARN] PackLoader:240 - Cannot read IP mode file for emotas.I-CUBE-CANOPEN.1.3.0
2025-06-20 16:53:20,642 [WARN] ConditionMgr:438 - getConditionDescription Invalid condition id : Cortex-A Device cause : null
2025-06-20 16:53:20,801 [WARN] ConditionMgr:1044 - genDependencies : Invalid condition id : Cortex-A Device cause : null
2025-06-20 16:53:20,801 [WARN] ConditionMgr:1044 - genDependencies : Invalid condition id : Cortex-A Device cause : null
2025-06-20 16:53:20,801 [WARN] ConditionMgr:1044 - genDependencies : Invalid condition id : Cortex-A Device cause : null
2025-06-20 16:53:20,807 [WARN] PackLoader:240 - Cannot read IP mode file for STMicroelectronics.X-CUBE-AI.10.0.0
2025-06-20 16:53:20,820 [WARN] PackLoader:240 - Cannot read IP mode file for STMicroelectronics.FP-SNS-SMARTAG2.1.2.0
2025-06-20 16:53:20,828 [WARN] PackLoader:240 - Cannot read IP mode file for STMicroelectronics.FP-SNS-FLIGHT1.5.1.0
2025-06-20 16:53:20,841 [INFO] LogOutputStream:77 - [STDOUT_REDIRECT] 1 : Invalid condition id : UX_CORESTACK_Condition cause : null
2025-06-20 16:53:20,842 [INFO] LogOutputStream:77 - [STDOUT_REDIRECT] 1 : Invalid condition id : UX_CORESTACK_Condition cause : null
2025-06-20 16:53:20,844 [INFO] LogOutputStream:77 - [STDOUT_REDIRECT] 1 : Invalid condition id : UX_CORESTACK_Condition cause : null
2025-06-20 16:53:20,846 [INFO] LogOutputStream:77 - [STDOUT_REDIRECT] 1 : Invalid condition id : UX_CORESTACK_Condition cause : null
2025-06-20 16:53:20,847 [INFO] LogOutputStream:77 - [STDOUT_REDIRECT] 1 : Invalid condition id : UX_CORESTACK_Condition cause : null
2025-06-20 16:53:20,852 [WARN] PackLoader:240 - Cannot read IP mode file for STMicroelectronics.X-CUBE-AZRTOS-WL.2.0.0
2025-06-20 16:53:20,860 [WARN] PackLoader:240 - Cannot read IP mode file for STMicroelectronics.FP-SNS-MOTENV1.5.0.0
2025-06-20 16:53:20,870 [WARN] PackLoader:240 - Cannot read IP mode file for WES.I-CUBE-Cesium.1.3.0
2025-06-20 16:53:20,877 [WARN] PackLoader:240 - Cannot read IP mode file for STMicroelectronics.X-CUBE-BLE2.3.3.0
2025-06-20 16:53:20,927 [WARN] PackLoader:240 - Cannot read IP mode file for STMicroelectronics.X-CUBE-NFC9.1.0.0
2025-06-20 16:53:21,029 [WARN] PackLoader:240 - Cannot read IP mode file for STMicroelectronics.X-CUBE-BLE1.7.1.0
2025-06-20 16:53:21,033 [WARN] PackLoader:240 - Cannot read IP mode file for wolfSSL.I-CUBE-wolfMQTT.1.19.2
2025-06-20 16:53:21,045 [WARN] PackLoader:240 - Cannot read IP mode file for STMicroelectronics.X-CUBE-AI.10.1.0
2025-06-20 16:53:21,142 [WARN] PackLoader:240 - Cannot read IP mode file for STMicroelectronics.X-CUBE-MEMS1.11.2.0
2025-06-20 16:53:21,433 [WARN] PackLoader:240 - Cannot read IP mode file for STMicroelectronics.X-CUBE-AZRTOS-G0.1.1.0
2025-06-20 16:53:21,467 [WARN] PackLoader:240 - Cannot read IP mode file for STMicroelectronics.X-CUBE-SAFEA1.1.2.2
2025-06-20 16:53:21,474 [WARN] PackLoader:240 - Cannot read IP mode file for STMicroelectronics.X-CUBE-NFC4.3.0.0
2025-06-20 16:53:21,486 [WARN] PackLoader:240 - Cannot read IP mode file for EmbeddedOffice.I-CUBE-FS-RTOS.1.0.1
2025-06-20 16:53:21,493 [WARN] PackLoader:240 - Cannot read IP mode file for STMicroelectronics.X-CUBE-WB05N.2.0.0
2025-06-20 16:53:21,498 [WARN] PackLoader:240 - Cannot read IP mode file for wolfSSL.I-CUBE-wolfTPM.3.8.0
2025-06-20 16:53:21,503 [WARN] PackLoader:240 - Cannot read IP mode file for STMicroelectronics.X-CUBE-TCPP.4.2.0
2025-06-20 16:53:21,510 [WARN] PackLoader:240 - Cannot read IP mode file for RealThread.X-CUBE-RT-Thread_Nano.4.1.1
2025-06-20 16:53:21,514 [WARN] PackLoader:240 - Cannot read IP mode file for STMicroelectronics.FP-ATR-SIGFOX1.3.2.0
2025-06-20 16:53:21,521 [WARN] PackLoader:240 - Cannot read IP mode file for STMicroelectronics.X-CUBE-EEPRMA1.5.1.0
2025-06-20 16:53:21,550 [WARN] PackLoader:240 - Cannot read IP mode file for wolfSSL.I-CUBE-wolfSSL.5.7.6
2025-06-20 16:53:21,562 [WARN] PackLoader:240 - Cannot read IP mode file for ITTIA_DB.I-CUBE-ITTIADB.8.9.0
2025-06-20 16:53:21,569 [WARN] PackLoader:240 - Cannot read IP mode file for STMicroelectronics.X-CUBE-ST67W61.1.0.0
2025-06-20 16:53:21,638 [WARN] PackLoader:240 - Cannot read IP mode file for SEGGER.I-CUBE-embOS.1.3.1
2025-06-20 16:53:21,705 [WARN] PackLoader:240 - Cannot read IP mode file for STMicroelectronics.X-CUBE-ALGOBUILD.1.4.0
2025-06-20 16:53:21,867 [WARN] PackLoader:240 - Cannot read IP mode file for STMicroelectronics.X-CUBE-MEMS1.11.3.0
2025-06-20 16:53:22,123 [WARN] PackLoader:240 - Cannot read IP mode file for STMicroelectronics.X-CUBE-PM33A1.1.0.0
2025-06-20 16:53:22,147 [WARN] PackLoader:240 - Cannot read IP mode file for STMicroelectronics.X-CUBE-AZRTOS-F4.1.1.0
2025-06-20 16:53:22,154 [WARN] PackLoader:240 - Cannot read IP mode file for Avnet-IotConnect.X-CUBE-IoTC-DA16k-PMOD.1.0.0
2025-06-20 16:53:22,158 [WARN] PackLoader:240 - Cannot read IP mode file for STMicroelectronics.X-CUBE-ISPU.2.1.0
2025-06-20 16:53:22,178 [WARN] PackLoader:240 - Cannot read IP mode file for STMicroelectronics.X-CUBE-AZRTOS-L5.2.0.0
2025-06-20 16:53:22,189 [WARN] PackLoader:240 - Cannot read IP mode file for STMicroelectronics.X-CUBE-NFC6.3.1.0
2025-06-20 16:53:22,199 [WARN] PackLoader:240 - Cannot read IP mode file for STMicroelectronics.X-CUBE-FREERTOS.1.3.1
2025-06-20 16:53:22,203 [WARN] PackLoader:240 - Cannot read IP mode file for STMicroelectronics.X-CUBE-FREERTOS.1.3.0
2025-06-20 16:53:22,208 [WARN] PackLoader:240 - Cannot read IP mode file for STMicroelectronics.X-CUBE-NFC7.1.0.1
2025-06-20 16:53:22,215 [WARN] PackLoader:240 - Cannot read IP mode file for STMicroelectronics.X-CUBE-DPower.1.3.0
2025-06-20 16:53:22,245 [WARN] ConditionMgr:438 - getConditionDescription Invalid condition id : LAN8742 Phy interface Condition cause : null
2025-06-20 16:53:22,246 [WARN] PackLoader:240 - Cannot read IP mode file for STMicroelectronics.X-CUBE-AZRTOS-L4.2.0.0
2025-06-20 16:53:22,247 [WARN] ConditionMgr:1044 - genDependencies : Invalid condition id : LAN8742 Phy interface Condition cause : null
2025-06-20 16:53:22,248 [WARN] ConditionMgr:1044 - genDependencies : Invalid condition id : LAN8742 Phy interface Condition cause : null
2025-06-20 16:53:22,248 [WARN] ConditionMgr:1044 - genDependencies : Invalid condition id : LAN8742 Phy interface Condition cause : null
2025-06-20 16:53:22,256 [WARN] PackLoader:240 - Cannot read IP mode file for STMicroelectronics.X-CUBE-SFXS2LP1.4.0.0
2025-06-20 16:53:22,282 [WARN] PackLoader:240 - Cannot read IP mode file for STMicroelectronics.X-CUBE-AZRTOS-H7.3.3.0
2025-06-20 16:53:22,298 [WARN] ConditionMgr:438 - getConditionDescription Invalid condition id : UX DEVICE CLASS RTOS Condition cause : null
2025-06-20 16:53:22,298 [WARN] ConditionMgr:438 - getConditionDescription Invalid condition id : UX DEVICE CLASS RTOS Condition cause : null
2025-06-20 16:53:22,301 [WARN] PackLoader:240 - Cannot read IP mode file for STMicroelectronics.X-CUBE-AZRTOS-WB.2.0.0
2025-06-20 16:53:22,301 [WARN] ConditionMgr:1044 - genDependencies : Invalid condition id : UX DEVICE CLASS RTOS Condition cause : null
2025-06-20 16:53:22,302 [WARN] ConditionMgr:1044 - genDependencies : Invalid condition id : UX DEVICE CLASS RTOS Condition cause : null
2025-06-20 16:53:22,302 [WARN] ConditionMgr:1044 - genDependencies : Invalid condition id : UX DEVICE CLASS RTOS Condition cause : null
2025-06-20 16:53:22,302 [WARN] ConditionMgr:1044 - genDependencies : Invalid condition id : UX DEVICE CLASS RTOS Condition cause : null
2025-06-20 16:53:22,303 [WARN] ConditionMgr:1044 - genDependencies : Invalid condition id : UX DEVICE CLASS RTOS Condition cause : null
2025-06-20 16:53:22,308 [WARN] PackLoader:240 - Cannot read IP mode file for STMicroelectronics.X-CUBE-GNSS1.7.0.1
2025-06-20 16:53:22,315 [WARN] PackLoader:240 - Cannot read IP mode file for STMicroelectronics.X-CUBE-TOUCHGFX.4.25.0
2025-06-20 16:53:22,322 [WARN] PackLoader:240 - Cannot read IP mode file for STMicroelectronics.FP-SNS-STBOX1.2.0.0
2025-06-20 16:53:22,350 [WARN] PackLoader:240 - Cannot read IP mode file for STMicroelectronics.X-CUBE-SUBG2.5.0.0
2025-06-20 16:53:22,379 [WARN] PackLoader:240 - Cannot read IP mode file for STMicroelectronics.X-CUBE-AZRTOS-H7RS.1.1.0
2025-06-20 16:53:22,387 [WARN] PackLoader:240 - Cannot read IP mode file for Cesanta.I-CUBE-Mongoose.7.13.0
2025-06-20 16:53:22,404 [WARN] PackLoader:240 - Cannot read IP mode file for STMicroelectronics.X-CUBE-AZRTOS-G4.2.0.0
2025-06-20 16:53:22,412 [WARN] PackLoader:240 - Cannot read IP mode file for wolfSSL.I-CUBE-wolfSSH.1.4.20
2025-06-20 16:53:22,417 [WARN] PackLoader:240 - Cannot read IP mode file for STMicroelectronics.X-CUBE-NFC7.2.0.0
2025-06-20 16:53:22,469 [WARN] PackLoader:240 - Cannot read IP mode file for STMicroelectronics.X-CUBE-IPS.3.1.0
2025-06-20 16:53:22,481 [WARN] PackLoader:240 - Cannot read IP mode file for STMicroelectronics.X-CUBE-ALS.1.0.2
2025-06-20 16:53:22,486 [WARN] PackLoader:240 - Cannot read IP mode file for portGmbH.I-Cube-SoM-uGOAL.1.1.0
2025-06-20 16:53:22,537 [WARN] PackLoader:240 - Cannot read IP mode file for STMicroelectronics.X-CUBE-TOF1.3.4.3
2025-06-20 16:53:22,564 [INFO] ThirdParty:978 - Integrity check success = true
2025-06-20 16:53:22,564 [INFO] IntegrityCheckThread:100 - exiting critical section [integrity check]
2025-06-20 16:53:22,564 [INFO] IntegrityCheckThread:103 - End integrity checks thread
