2025-04-28 17:00:54,409 [INFO] Activator:176 - 


2025-04-28 17:00:54,422 [INFO] Activator:177 - !SESSION log4j initialized
2025-04-28 17:01:03,141 [INFO] LogOutputStream:77 - [STDOUT_REDIRECT] 
2025-04-28 17:01:05,090 [INFO] ApplicationProperties:184 - Using Application install path: C:\ST\STM32CubeIDE_1.18.1\STM32CubeIDE\plugins\com.st.stm32cube.common.mx_6.14.1.202504091515
2025-04-28 17:01:05,109 [INFO] DbMcusXml:78 - Set database path to: C:\ST\STM32CubeIDE_1.18.1\STM32CubeIDE\plugins\com.st.stm32cube.common.mx_6.14.1.202504091515\\db\/mcu/
2025-04-28 17:01:05,110 [INFO] ApiDb:274 - Set plugin database path to: C:\ST\STM32CubeIDE_1.18.1\STM32CubeIDE\plugins\com.st.stm32cube.common.mx_6.14.1.202504091515\\db\/plugins/boardmanager/
2025-04-28 17:01:05,110 [WARN] ApiDb:259 - Overriding images path with different value:  => C:\ST\STM32CubeIDE_1.18.1\STM32CubeIDE\plugins\com.st.stm32cube.common.mx_6.14.1.202504091515\\db\/plugins/mcufinder/images/
2025-04-28 17:01:05,118 [INFO] ApiDb:250 - Set database path to: C:\Users\Administrator\.stmcufinder\plugins\mcufinder//mcu/
2025-04-28 17:01:05,119 [INFO] DbMcusAds:125 - Set database path to: C:\Users\Administrator\.stmcufinder\plugins\mcufinder//mcu/
2025-04-28 17:01:05,844 [INFO] CrossReferenceDbSqlite:203 - Set database path to: C:\Users\Administrator\.stmcufinder\plugins\mcufinder//mcu/cs/
2025-04-28 17:01:05,992 [INFO] RulesReader:64 - Compatibility file has been processed (302 Rules)
2025-04-28 17:01:06,094 [INFO] DbMcusXml:78 - Set database path to: C:\ST\STM32CubeIDE_1.18.1\STM32CubeIDE\plugins\com.st.stm32cube.common.mx_6.14.1.202504091515\\db\/mcu/
2025-04-28 17:01:06,094 [INFO] ApiDb:274 - Set plugin database path to: C:\ST\STM32CubeIDE_1.18.1\STM32CubeIDE\plugins\com.st.stm32cube.common.mx_6.14.1.202504091515\\db\/plugins/boardmanager/
2025-04-28 17:01:06,094 [INFO] ApiDb:261 - Set plugin images path to: C:\ST\STM32CubeIDE_1.18.1\STM32CubeIDE\plugins\com.st.stm32cube.common.mx_6.14.1.202504091515\\db\/plugins/mcufinder/images/
2025-04-28 17:01:06,095 [WARN] DbFile:41 - Overriding database path with different value: C:\Users\Administrator\.stmcufinder\plugins\mcufinder/ => C:\Users\Administrator\.stmcufinder\plugins\mcufinder
2025-04-28 17:01:06,095 [INFO] ApiDb:250 - Set database path to: C:\Users\Administrator\.stmcufinder\plugins\mcufinder//mcu/
2025-04-28 17:01:06,095 [WARN] DbFile:41 - Overriding database path with different value: C:\Users\Administrator\.stmcufinder\plugins\mcufinder/ => C:\Users\Administrator\.stmcufinder\plugins\mcufinder
2025-04-28 17:01:06,095 [INFO] DbMcusAds:125 - Set database path to: C:\Users\Administrator\.stmcufinder\plugins\mcufinder//mcu/
2025-04-28 17:01:06,095 [WARN] DbFile:41 - Overriding database path with different value: C:\Users\Administrator\.stmcufinder\plugins\mcufinder/ => C:\Users\Administrator\.stmcufinder\plugins\mcufinder
2025-04-28 17:01:06,095 [WARN] DbFile:41 - Overriding database path with different value: C:\Users\Administrator\.stmcufinder\plugins\mcufinder/ => C:\Users\Administrator\.stmcufinder\plugins\mcufinder
2025-04-28 17:01:06,847 [INFO] CrossReferenceDbSqlite:203 - Set database path to: C:\Users\Administrator\.stmcufinder\plugins\mcufinder//mcu/cs/
2025-04-28 17:01:06,956 [INFO] MainPanel:272 - HeapMemory: 268435456
2025-04-28 17:01:07,085 [INFO] DbMcusXml:78 - Set database path to: C:\ST\STM32CubeIDE_1.18.1\STM32CubeIDE\plugins\com.st.stm32cube.common.mx_6.14.1.202504091515\\db\/mcu/
2025-04-28 17:01:07,085 [INFO] ApiDb:274 - Set plugin database path to: C:\ST\STM32CubeIDE_1.18.1\STM32CubeIDE\plugins\com.st.stm32cube.common.mx_6.14.1.202504091515\\db\/plugins/boardmanager/
2025-04-28 17:01:07,085 [INFO] ApiDb:261 - Set plugin images path to: C:\ST\STM32CubeIDE_1.18.1\STM32CubeIDE\plugins\com.st.stm32cube.common.mx_6.14.1.202504091515\\db\/plugins/mcufinder/images/
2025-04-28 17:01:07,086 [WARN] DbFile:41 - Overriding database path with different value: C:\Users\Administrator\.stmcufinder\plugins\mcufinder/ => C:\Users\Administrator\.stmcufinder\plugins\mcufinder
2025-04-28 17:01:07,086 [INFO] ApiDb:250 - Set database path to: C:\Users\Administrator\.stmcufinder\plugins\mcufinder//mcu/
2025-04-28 17:01:07,087 [WARN] DbFile:41 - Overriding database path with different value: C:\Users\Administrator\.stmcufinder\plugins\mcufinder/ => C:\Users\Administrator\.stmcufinder\plugins\mcufinder
2025-04-28 17:01:07,087 [INFO] DbMcusAds:125 - Set database path to: C:\Users\Administrator\.stmcufinder\plugins\mcufinder//mcu/
2025-04-28 17:01:07,087 [WARN] DbFile:41 - Overriding database path with different value: C:\Users\Administrator\.stmcufinder\plugins\mcufinder/ => C:\Users\Administrator\.stmcufinder\plugins\mcufinder
2025-04-28 17:01:07,087 [WARN] DbFile:41 - Overriding database path with different value: C:\Users\Administrator\.stmcufinder\plugins\mcufinder/ => C:\Users\Administrator\.stmcufinder\plugins\mcufinder
2025-04-28 17:01:07,843 [INFO] CrossReferenceDbSqlite:203 - Set database path to: C:\Users\Administrator\.stmcufinder\plugins\mcufinder//mcu/cs/
2025-04-28 17:01:07,871 [INFO] ApplicationProperties:184 - Using Application install path: C:\ST\STM32CubeIDE_1.18.1\STM32CubeIDE\plugins\com.st.stm32cube.common.mx_6.14.1.202504091515
2025-04-28 17:01:07,873 [INFO] PluginManage:196 - Search for loadable plugins [exclusion list=, ]
2025-04-28 17:01:07,875 [INFO] PluginManage:310 - Check plugin analytics
2025-04-28 17:01:08,984 [INFO] AnalyticsPlugin:253 - Accepted Software Licenses: 
2025-04-28 17:01:08,984 [INFO] AnalyticsPlugin:255 - Accepted CMSIS Pack Licenses: 
2025-04-28 17:01:08,985 [INFO] AnalyticsPlugin:257 - Accepted Firmware Licenses: 
2025-04-28 17:01:08,988 [INFO] PluginManage:359 - Loaded plugin analytics (category:tool,tabindex:-1)
2025-04-28 17:01:08,988 [INFO] PluginManage:310 - Check plugin cadmodel
2025-04-28 17:01:08,997 [INFO] CADModel:105 - Init CAD model plugin
2025-04-28 17:01:08,998 [INFO] PluginManage:359 - Loaded plugin cadmodel (category:power,tabindex:5)
2025-04-28 17:01:08,998 [INFO] PluginManage:310 - Check plugin clock
2025-04-28 17:01:09,014 [INFO] PluginManage:359 - Loaded plugin clock (category:base,tabindex:2)
2025-04-28 17:01:09,015 [INFO] PluginManage:310 - Check plugin ddr
2025-04-28 17:01:09,020 [INFO] PluginManage:359 - Loaded plugin ddr (category:tool,tabindex:6)
2025-04-28 17:01:09,020 [INFO] PluginManage:310 - Check plugin filemanager
2025-04-28 17:01:09,210 [INFO] PluginManage:359 - Loaded plugin filemanager (category:base,tabindex:10)
2025-04-28 17:01:09,210 [INFO] PluginManage:310 - Check plugin ipmanager
2025-04-28 17:01:09,219 [INFO] PluginManage:359 - Loaded plugin ipmanager (category:base,tabindex:5)
2025-04-28 17:01:09,220 [INFO] PluginManage:310 - Check plugin lpbam
2025-04-28 17:01:09,233 [INFO] PluginManage:359 - Loaded plugin lpbam (category:base,tabindex:0)
2025-04-28 17:01:09,234 [INFO] PluginManage:310 - Check plugin memorymap
2025-04-28 17:01:09,252 [INFO] PluginManage:359 - Loaded plugin memorymap (category:base,tabindex:4)
2025-04-28 17:01:09,252 [INFO] PluginManage:310 - Check plugin pinoutandconfiguration
2025-04-28 17:01:09,265 [INFO] PluginManage:359 - Loaded plugin pinoutandconfiguration (category:base,tabindex:1)
2025-04-28 17:01:09,265 [INFO] PluginManage:310 - Check plugin pinoutconfig
2025-04-28 17:01:09,387 [WARN] SupportedApi:132 - Cannot load RTOS API schema: s4s-elt-must-match.1: The content of 'definitions' must match (annotation?, (simpleType | complexType)?, (unique | key | keyref)*)). A problem was found starting at: attribute.
2025-04-28 17:01:09,618 [INFO] PluginManage:359 - Loaded plugin pinoutconfig (category:base,tabindex:0)
2025-04-28 17:01:09,618 [INFO] PluginManage:310 - Check plugin power
2025-04-28 17:01:09,635 [INFO] PluginManage:359 - Loaded plugin power (category:power,tabindex:4)
2025-04-28 17:01:09,635 [INFO] PluginManage:310 - Check plugin projectmanager
2025-04-28 17:01:09,670 [INFO] PluginManage:359 - Loaded plugin projectmanager (category:projectmanager,tabindex:4)
2025-04-28 17:01:09,670 [INFO] PluginManage:310 - Check plugin rif
2025-04-28 17:01:09,681 [INFO] PluginManage:359 - Loaded plugin rif (category:base,tabindex:3)
2025-04-28 17:01:09,682 [INFO] PluginManage:310 - Check plugin thirdparty
2025-04-28 17:01:09,878 [INFO] PluginManage:359 - Loaded plugin thirdparty (category:base,tabindex:-1)
2025-04-28 17:01:09,878 [INFO] PluginManage:310 - Check plugin tools
2025-04-28 17:01:09,878 [WARN] IntegrityCheckThread:84 - waiting for thirdparty lock release [integrity check]
2025-04-28 17:01:09,879 [INFO] IntegrityCheckThread:86 - entering critical section [integrity check]
2025-04-28 17:01:09,880 [INFO] ThirdPartyUpdaterWithRetryManager:70 - Updater plugin not ready yet. [1/15]
2025-04-28 17:01:09,882 [INFO] PluginManage:359 - Loaded plugin tools (category:base,tabindex:7)
2025-04-28 17:01:09,883 [INFO] PluginManage:310 - Check plugin tutovideos
2025-04-28 17:01:10,162 [INFO] PluginManage:359 - Loaded plugin tutovideos (category:base,tabindex:-1)
2025-04-28 17:01:10,162 [INFO] PluginManage:310 - Check plugin updater
2025-04-28 17:01:10,203 [INFO] PluginManage:359 - Loaded plugin updater (category:base,tabindex:12)
2025-04-28 17:01:10,204 [INFO] PluginManage:310 - Check plugin userauth
2025-04-28 17:01:10,211 [INFO] UserAuth:118 - Init User Auth plugin
2025-04-28 17:01:10,212 [INFO] PluginManage:359 - Loaded plugin userauth (category:base,tabindex:14)
2025-04-28 17:01:10,213 [INFO] PluginManage:283 - PluginManage : Loaded plugins [18]
2025-04-28 17:01:10,544 [INFO] PinOutPanel:1589 - setPackage(No Configuration,No Configuration)
2025-04-28 17:01:10,658 [INFO] CADModel:165 - CPN selected for project level
2025-04-28 17:01:10,658 [INFO] CADModel:114 - Register for checkConnection events
2025-04-28 17:01:10,686 [INFO] IPUIPlugin:80 - create IPUIPlugin
2025-04-28 17:01:10,686 [INFO] PluginManager:220 - loadIPPluginJar : add adc
2025-04-28 17:01:10,690 [INFO] IPUIPlugin:80 - create IPUIPlugin
2025-04-28 17:01:10,690 [INFO] PluginManager:220 - loadIPPluginJar : add aes
2025-04-28 17:01:10,693 [INFO] IPUIPlugin:80 - create IPUIPlugin
2025-04-28 17:01:10,694 [INFO] PluginManager:220 - loadIPPluginJar : add can
2025-04-28 17:01:10,701 [INFO] IPUIPlugin:80 - create IPUIPlugin
2025-04-28 17:01:10,701 [INFO] PluginManager:220 - loadIPPluginJar : add comp
2025-04-28 17:01:10,704 [INFO] IPUIPlugin:80 - create IPUIPlugin
2025-04-28 17:01:10,705 [INFO] PluginManager:220 - loadIPPluginJar : add cryp
2025-04-28 17:01:10,708 [INFO] IPUIPlugin:80 - create IPUIPlugin
2025-04-28 17:01:10,708 [INFO] PluginManager:220 - loadIPPluginJar : add ddr_ctrl_phy
2025-04-28 17:01:10,712 [INFO] IPUIPlugin:80 - create IPUIPlugin
2025-04-28 17:01:10,712 [INFO] PluginManager:220 - loadIPPluginJar : add dfsdm
2025-04-28 17:01:10,720 [INFO] IPUIPlugin:80 - create IPUIPlugin
2025-04-28 17:01:10,721 [INFO] PluginManager:220 - loadIPPluginJar : add dma
2025-04-28 17:01:10,726 [INFO] IPUIPlugin:80 - create IPUIPlugin
2025-04-28 17:01:10,726 [INFO] PluginManager:220 - loadIPPluginJar : add dma3
2025-04-28 17:01:10,730 [INFO] IPUIPlugin:80 - create IPUIPlugin
2025-04-28 17:01:10,730 [INFO] PluginManager:220 - loadIPPluginJar : add extmemmanager
2025-04-28 17:01:10,732 [INFO] IPUIPlugin:80 - create IPUIPlugin
2025-04-28 17:01:10,732 [INFO] PluginManager:220 - loadIPPluginJar : add fatfs
2025-04-28 17:01:10,737 [INFO] IPUIPlugin:80 - create IPUIPlugin
2025-04-28 17:01:10,738 [INFO] PluginManager:220 - loadIPPluginJar : add fmc
2025-04-28 17:01:10,749 [INFO] IPUIPlugin:80 - create IPUIPlugin
2025-04-28 17:01:10,749 [INFO] PluginManager:220 - loadIPPluginJar : add freertos
2025-04-28 17:01:10,752 [INFO] IPUIPlugin:80 - create IPUIPlugin
2025-04-28 17:01:10,752 [INFO] PluginManager:220 - loadIPPluginJar : add genericplugin
2025-04-28 17:01:10,756 [INFO] IPUIPlugin:80 - create IPUIPlugin
2025-04-28 17:01:10,756 [INFO] PluginManager:220 - loadIPPluginJar : add gfxmmu
2025-04-28 17:01:10,765 [INFO] IPUIPlugin:80 - create IPUIPlugin
2025-04-28 17:01:10,765 [INFO] PluginManager:220 - loadIPPluginJar : add gic
2025-04-28 17:01:10,774 [INFO] IPUIPlugin:80 - create IPUIPlugin
2025-04-28 17:01:10,774 [INFO] PluginManager:220 - loadIPPluginJar : add gpio
2025-04-28 17:01:10,777 [INFO] IPUIPlugin:80 - create IPUIPlugin
2025-04-28 17:01:10,778 [INFO] PluginManager:220 - loadIPPluginJar : add gtzc
2025-04-28 17:01:10,782 [INFO] IPUIPlugin:80 - create IPUIPlugin
2025-04-28 17:01:10,783 [INFO] PluginManager:220 - loadIPPluginJar : add hash
2025-04-28 17:01:10,787 [INFO] IPUIPlugin:80 - create IPUIPlugin
2025-04-28 17:01:10,788 [INFO] PluginManager:220 - loadIPPluginJar : add i2c
2025-04-28 17:01:10,792 [INFO] IPUIPlugin:80 - create IPUIPlugin
2025-04-28 17:01:10,792 [INFO] PluginManager:220 - loadIPPluginJar : add i2s
2025-04-28 17:01:10,798 [INFO] IPUIPlugin:80 - create IPUIPlugin
2025-04-28 17:01:10,798 [INFO] PluginManager:220 - loadIPPluginJar : add i3c
2025-04-28 17:01:10,802 [INFO] IPUIPlugin:80 - create IPUIPlugin
2025-04-28 17:01:10,802 [INFO] PluginManager:220 - loadIPPluginJar : add ipddr
2025-04-28 17:01:10,812 [INFO] IPUIPlugin:80 - create IPUIPlugin
2025-04-28 17:01:10,812 [INFO] PluginManager:220 - loadIPPluginJar : add linkedlist
2025-04-28 17:01:10,819 [INFO] IPUIPlugin:80 - create IPUIPlugin
2025-04-28 17:01:10,819 [INFO] PluginManager:220 - loadIPPluginJar : add lorawan
2025-04-28 17:01:10,822 [INFO] IPUIPlugin:80 - create IPUIPlugin
2025-04-28 17:01:10,822 [INFO] PluginManager:220 - loadIPPluginJar : add ltdc
2025-04-28 17:01:10,830 [INFO] IPUIPlugin:80 - create IPUIPlugin
2025-04-28 17:01:10,830 [INFO] PluginManager:220 - loadIPPluginJar : add mdma
2025-04-28 17:01:10,838 [INFO] IPUIPlugin:80 - create IPUIPlugin
2025-04-28 17:01:10,838 [INFO] PluginManager:220 - loadIPPluginJar : add nvic
2025-04-28 17:01:10,843 [INFO] IPUIPlugin:80 - create IPUIPlugin
2025-04-28 17:01:10,843 [INFO] PluginManager:220 - loadIPPluginJar : add opamp
2025-04-28 17:01:10,848 [INFO] IPUIPlugin:80 - create IPUIPlugin
2025-04-28 17:01:10,849 [INFO] PluginManager:220 - loadIPPluginJar : add openamp
2025-04-28 17:01:10,854 [INFO] IPUIPlugin:80 - create IPUIPlugin
2025-04-28 17:01:10,854 [INFO] PluginManager:220 - loadIPPluginJar : add pdm2pcm
2025-04-28 17:01:10,864 [INFO] IPUIPlugin:80 - create IPUIPlugin
2025-04-28 17:01:10,867 [INFO] PluginManager:220 - loadIPPluginJar : add plateformsettings
2025-04-28 17:01:10,869 [INFO] IPUIPlugin:80 - create IPUIPlugin
2025-04-28 17:01:10,869 [INFO] PluginManager:220 - loadIPPluginJar : add quadspi
2025-04-28 17:01:10,872 [INFO] IPUIPlugin:80 - create IPUIPlugin
2025-04-28 17:01:10,873 [INFO] PluginManager:220 - loadIPPluginJar : add radio
2025-04-28 17:01:10,878 [INFO] IPUIPlugin:80 - create IPUIPlugin
2025-04-28 17:01:10,878 [INFO] PluginManager:220 - loadIPPluginJar : add resmgrutility
2025-04-28 17:01:10,881 [INFO] IPUIPlugin:80 - create IPUIPlugin
2025-04-28 17:01:10,882 [INFO] PluginManager:220 - loadIPPluginJar : add sai
2025-04-28 17:01:10,884 [INFO] IPUIPlugin:80 - create IPUIPlugin
2025-04-28 17:01:10,884 [INFO] PluginManager:220 - loadIPPluginJar : add spi
2025-04-28 17:01:10,894 [INFO] IPUIPlugin:80 - create IPUIPlugin
2025-04-28 17:01:10,894 [INFO] PluginManager:220 - loadIPPluginJar : add stm32_wpan
2025-04-28 17:01:10,897 [INFO] IPUIPlugin:80 - create IPUIPlugin
2025-04-28 17:01:10,898 [INFO] PluginManager:220 - loadIPPluginJar : add tim
2025-04-28 17:01:10,905 [INFO] IPUIPlugin:80 - create IPUIPlugin
2025-04-28 17:01:10,905 [INFO] PluginManager:220 - loadIPPluginJar : add touchsensing
2025-04-28 17:01:10,908 [INFO] IPUIPlugin:80 - create IPUIPlugin
2025-04-28 17:01:10,908 [INFO] PluginManager:220 - loadIPPluginJar : add tracer_emb
2025-04-28 17:01:10,910 [INFO] IPUIPlugin:80 - create IPUIPlugin
2025-04-28 17:01:10,910 [INFO] PluginManager:220 - loadIPPluginJar : add ts
2025-04-28 17:01:10,913 [INFO] IPUIPlugin:80 - create IPUIPlugin
2025-04-28 17:01:10,913 [INFO] PluginManager:220 - loadIPPluginJar : add tsc
2025-04-28 17:01:10,917 [INFO] IPUIPlugin:80 - create IPUIPlugin
2025-04-28 17:01:10,917 [INFO] PluginManager:220 - loadIPPluginJar : add ucpd
2025-04-28 17:01:10,922 [INFO] IPUIPlugin:80 - create IPUIPlugin
2025-04-28 17:01:10,923 [INFO] PluginManager:220 - loadIPPluginJar : add usart
2025-04-28 17:01:10,928 [INFO] IPUIPlugin:80 - create IPUIPlugin
2025-04-28 17:01:10,928 [INFO] PluginManager:220 - loadIPPluginJar : add usbx
2025-04-28 17:01:11,143 [FATAL] Updater:351 - Updater called before beeing initialized
2025-04-28 17:01:11,235 [INFO] RulesReader:64 - Compatibility file has been processed (302 Rules)
2025-04-28 17:01:11,254 [INFO] RulesReader:64 - Compatibility file has been processed (302 Rules)
2025-04-28 17:01:11,267 [INFO] CADModel:165 - CPN selected for project level
2025-04-28 17:01:11,267 [INFO] CADModel:114 - Register for checkConnection events
2025-04-28 17:01:11,267 [FATAL] Updater:351 - Updater called before beeing initialized
2025-04-28 17:01:11,267 [ERROR] CADModel:125 - Updater not yet initialized, retry later 
2025-04-28 17:01:11,460 [FATAL] Updater:351 - Updater called before beeing initialized
2025-04-28 17:01:11,463 [INFO] CADModel:165 - CPN selected for project level
2025-04-28 17:01:11,463 [INFO] CADModel:114 - Register for checkConnection events
2025-04-28 17:01:11,463 [FATAL] Updater:351 - Updater called before beeing initialized
2025-04-28 17:01:11,464 [ERROR] CADModel:125 - Updater not yet initialized, retry later 
2025-04-28 17:01:11,468 [FATAL] Updater:351 - Updater called before beeing initialized
2025-04-28 17:01:11,650 [FATAL] Updater:351 - Updater called before beeing initialized
2025-04-28 17:01:11,657 [INFO] DbMcusAds:53 - JSON generation date=Thu Sep 30 13:55:09 ICT 2021 (1632984909247)
2025-04-28 17:01:11,657 [FATAL] Updater:351 - Updater called before beeing initialized
2025-04-28 17:01:11,722 [WARN] DetailPanel:346 - Failed to get advertising image, set to default
2025-04-28 17:01:12,523 [FATAL] Updater:351 - Updater called before beeing initialized
2025-04-28 17:01:12,529 [FATAL] Updater:351 - Updater called before beeing initialized
2025-04-28 17:01:12,530 [FATAL] Updater:351 - Updater called before beeing initialized
2025-04-28 17:01:12,530 [WARN] DetailPanel:346 - Failed to get advertising image, set to default
2025-04-28 17:01:12,531 [FATAL] Updater:351 - Updater called before beeing initialized
2025-04-28 17:01:12,660 [ERROR] Updater:1198 - MainUpdater not yet initialized. External WinMGr cannot be set.
2025-04-28 17:01:12,664 [INFO] Updater:1134 - Updater Version found : 6.14.1
2025-04-28 17:01:12,701 [INFO] ApplicationProperties:184 - Using Application install path: C:\ST\STM32CubeIDE_1.18.1\STM32CubeIDE\plugins\com.st.stm32cube.common.mx_6.14.1.202504091515
2025-04-28 17:01:12,880 [INFO] ThirdPartyUpdaterWithRetryManager:70 - Updater plugin not ready yet. [2/15]
2025-04-28 17:01:13,265 [INFO] MainUpdater:2872 - connection check result : 10
2025-04-28 17:01:13,267 [INFO] MainUpdater:289 - Updater Check For Update Now.
2025-04-28 17:01:13,267 [INFO] MicroXplorer:498 - Change Database Version : DB.6.0.141
2025-04-28 17:01:13,281 [INFO] McuFinderGlobals:63 - Set McuFinder mode to 2 (CubeIDE integrated)
2025-04-28 17:01:13,281 [INFO] UserAuth:171 - activating auth plugin
2025-04-28 17:01:13,611 [INFO] CheckServerUpdateThread:120 - End of CheckServer Thread
2025-04-28 17:01:13,646 [INFO] UserAuth:484 - Internet connection configuration mode: 1
2025-04-28 17:01:13,682 [INFO] JxBrowserEngine:152 - Initiate JxBrowser Engine with user profile folder
2025-04-28 17:01:15,640 [INFO] WebApp:169 - Instantiating new browser for Auth
2025-04-28 17:01:16,829 [WARN] PackLoader:240 - Cannot read IP mode file for STMicroelectronics.FP-SNS-MOTENVWB1.1.4.0
2025-04-28 17:01:16,848 [WARN] PackLoader:240 - Cannot read IP mode file for STMicroelectronics.FP-ATR-ASTRA1.2.0.2
2025-04-28 17:01:16,862 [WARN] PackLoader:240 - Cannot read IP mode file for STMicroelectronics.X-CUBE-SMBUS.2.1.0
2025-04-28 17:01:16,905 [WARN] PackLoader:240 - Cannot read IP mode file for STMicroelectronics.X-CUBE-AZRTOS-F7.1.1.0
2025-04-28 17:01:16,973 [WARN] PackLoader:240 - Cannot read IP mode file for Infineon.AIROC-Wi-Fi-Bluetooth-STM32.1.7.0
2025-04-28 17:01:16,992 [WARN] PackLoader:240 - Cannot read IP mode file for STMicroelectronics.X-CUBE-DISPLAY.3.0.0
2025-04-28 17:01:17,011 [WARN] PackLoader:240 - Cannot read IP mode file for STMicroelectronics.X-CUBE-NFC10.1.0.0
2025-04-28 17:01:17,031 [WARN] PackLoader:240 - Cannot read IP mode file for STMicroelectronics.X-CUBE-BLEMGR.4.0.0
2025-04-28 17:01:17,042 [WARN] PackLoader:240 - Cannot read IP mode file for emotas.I-CUBE-CANOPEN.1.3.0
2025-04-28 17:01:17,049 [WARN] ConditionMgr:438 - getConditionDescription Invalid condition id : Cortex-A Device cause : null
2025-04-28 17:01:17,066 [WARN] ConditionMgr:1044 - genDependencies : Invalid condition id : Cortex-A Device cause : null
2025-04-28 17:01:17,066 [WARN] ConditionMgr:1044 - genDependencies : Invalid condition id : Cortex-A Device cause : null
2025-04-28 17:01:17,066 [WARN] ConditionMgr:1044 - genDependencies : Invalid condition id : Cortex-A Device cause : null
2025-04-28 17:01:17,071 [WARN] PackLoader:240 - Cannot read IP mode file for STMicroelectronics.X-CUBE-AI.10.0.0
2025-04-28 17:01:17,078 [WARN] PackLoader:240 - Cannot read IP mode file for STMicroelectronics.FP-SNS-SMARTAG2.1.2.0
2025-04-28 17:01:17,099 [WARN] PackLoader:240 - Cannot read IP mode file for STMicroelectronics.FP-SNS-FLIGHT1.5.1.0
2025-04-28 17:01:17,113 [INFO] LogOutputStream:77 - [STDOUT_REDIRECT] 1 : Invalid condition id : UX_CORESTACK_Condition cause : null
2025-04-28 17:01:17,115 [INFO] LogOutputStream:77 - [STDOUT_REDIRECT] 1 : Invalid condition id : UX_CORESTACK_Condition cause : null
2025-04-28 17:01:17,116 [INFO] LogOutputStream:77 - [STDOUT_REDIRECT] 1 : Invalid condition id : UX_CORESTACK_Condition cause : null
2025-04-28 17:01:17,118 [INFO] LogOutputStream:77 - [STDOUT_REDIRECT] 1 : Invalid condition id : UX_CORESTACK_Condition cause : null
2025-04-28 17:01:17,120 [INFO] LogOutputStream:77 - [STDOUT_REDIRECT] 1 : Invalid condition id : UX_CORESTACK_Condition cause : null
2025-04-28 17:01:17,125 [WARN] PackLoader:240 - Cannot read IP mode file for STMicroelectronics.X-CUBE-AZRTOS-WL.2.0.0
2025-04-28 17:01:17,134 [WARN] PackLoader:240 - Cannot read IP mode file for STMicroelectronics.FP-SNS-MOTENV1.5.0.0
2025-04-28 17:01:17,145 [WARN] PackLoader:240 - Cannot read IP mode file for WES.I-CUBE-Cesium.1.3.0
2025-04-28 17:01:17,151 [WARN] PackLoader:240 - Cannot read IP mode file for STMicroelectronics.X-CUBE-BLE2.3.3.0
2025-04-28 17:01:17,160 [WARN] PackLoader:240 - Cannot read IP mode file for STMicroelectronics.X-CUBE-NFC9.1.0.0
2025-04-28 17:01:17,167 [WARN] PackLoader:240 - Cannot read IP mode file for STMicroelectronics.X-CUBE-BLE1.7.1.0
2025-04-28 17:01:17,172 [WARN] PackLoader:240 - Cannot read IP mode file for wolfSSL.I-CUBE-wolfMQTT.1.19.2
2025-04-28 17:01:17,265 [WARN] PackLoader:240 - Cannot read IP mode file for STMicroelectronics.X-CUBE-MEMS1.11.2.0
2025-04-28 17:01:17,556 [WARN] PackLoader:240 - Cannot read IP mode file for STMicroelectronics.X-CUBE-AZRTOS-G0.1.1.0
2025-04-28 17:01:17,567 [WARN] PackLoader:240 - Cannot read IP mode file for STMicroelectronics.X-CUBE-SAFEA1.1.2.2
2025-04-28 17:01:17,575 [WARN] PackLoader:240 - Cannot read IP mode file for STMicroelectronics.X-CUBE-NFC4.3.0.0
2025-04-28 17:01:17,587 [WARN] PackLoader:240 - Cannot read IP mode file for EmbeddedOffice.I-CUBE-FS-RTOS.1.0.1
2025-04-28 17:01:17,616 [WARN] PackLoader:240 - Cannot read IP mode file for STMicroelectronics.X-CUBE-WB05N.2.0.0
2025-04-28 17:01:17,623 [WARN] PackLoader:240 - Cannot read IP mode file for wolfSSL.I-CUBE-wolfTPM.3.8.0
2025-04-28 17:01:17,630 [WARN] PackLoader:240 - Cannot read IP mode file for STMicroelectronics.X-CUBE-TCPP.4.2.0
2025-04-28 17:01:17,638 [WARN] PackLoader:240 - Cannot read IP mode file for RealThread.X-CUBE-RT-Thread_Nano.4.1.1
2025-04-28 17:01:17,643 [WARN] PackLoader:240 - Cannot read IP mode file for STMicroelectronics.FP-ATR-SIGFOX1.3.2.0
2025-04-28 17:01:17,651 [WARN] PackLoader:240 - Cannot read IP mode file for STMicroelectronics.X-CUBE-EEPRMA1.5.1.0
2025-04-28 17:01:17,657 [WARN] PackLoader:240 - Cannot read IP mode file for wolfSSL.I-CUBE-wolfSSL.5.7.6
2025-04-28 17:01:17,664 [WARN] PackLoader:240 - Cannot read IP mode file for ITTIA_DB.I-CUBE-ITTIADB.8.9.0
2025-04-28 17:01:17,718 [WARN] PackLoader:240 - Cannot read IP mode file for SEGGER.I-CUBE-embOS.1.3.1
2025-04-28 17:01:17,807 [WARN] PackLoader:240 - Cannot read IP mode file for STMicroelectronics.X-CUBE-ALGOBUILD.1.4.0
2025-04-28 17:01:17,829 [WARN] PackLoader:240 - Cannot read IP mode file for STMicroelectronics.X-CUBE-AZRTOS-F4.1.1.0
2025-04-28 17:01:17,837 [WARN] PackLoader:240 - Cannot read IP mode file for Avnet-IotConnect.X-CUBE-IoTC-DA16k-PMOD.1.0.0
2025-04-28 17:01:17,841 [WARN] PackLoader:240 - Cannot read IP mode file for STMicroelectronics.X-CUBE-ISPU.2.1.0
2025-04-28 17:01:17,864 [WARN] PackLoader:240 - Cannot read IP mode file for STMicroelectronics.X-CUBE-AZRTOS-L5.2.0.0
2025-04-28 17:01:17,909 [WARN] PackLoader:240 - Cannot read IP mode file for STMicroelectronics.X-CUBE-NFC6.3.1.0
2025-04-28 17:01:17,920 [WARN] PackLoader:240 - Cannot read IP mode file for STMicroelectronics.X-CUBE-FREERTOS.1.3.0
2025-04-28 17:01:17,925 [WARN] PackLoader:240 - Cannot read IP mode file for STMicroelectronics.X-CUBE-NFC7.1.0.1
2025-04-28 17:01:17,933 [WARN] PackLoader:240 - Cannot read IP mode file for STMicroelectronics.X-CUBE-DPower.1.3.0
2025-04-28 17:01:17,954 [WARN] ConditionMgr:438 - getConditionDescription Invalid condition id : LAN8742 Phy interface Condition cause : null
2025-04-28 17:01:17,957 [WARN] PackLoader:240 - Cannot read IP mode file for STMicroelectronics.X-CUBE-AZRTOS-L4.2.0.0
2025-04-28 17:01:17,958 [WARN] ConditionMgr:1044 - genDependencies : Invalid condition id : LAN8742 Phy interface Condition cause : null
2025-04-28 17:01:17,959 [WARN] ConditionMgr:1044 - genDependencies : Invalid condition id : LAN8742 Phy interface Condition cause : null
2025-04-28 17:01:17,959 [WARN] ConditionMgr:1044 - genDependencies : Invalid condition id : LAN8742 Phy interface Condition cause : null
2025-04-28 17:01:17,969 [WARN] PackLoader:240 - Cannot read IP mode file for STMicroelectronics.X-CUBE-SFXS2LP1.4.0.0
2025-04-28 17:01:17,996 [WARN] PackLoader:240 - Cannot read IP mode file for STMicroelectronics.X-CUBE-AZRTOS-H7.3.3.0
2025-04-28 17:01:18,031 [WARN] ConditionMgr:438 - getConditionDescription Invalid condition id : UX DEVICE CLASS RTOS Condition cause : null
2025-04-28 17:01:18,031 [WARN] ConditionMgr:438 - getConditionDescription Invalid condition id : UX DEVICE CLASS RTOS Condition cause : null
2025-04-28 17:01:18,034 [WARN] PackLoader:240 - Cannot read IP mode file for STMicroelectronics.X-CUBE-AZRTOS-WB.2.0.0
2025-04-28 17:01:18,036 [WARN] ConditionMgr:1044 - genDependencies : Invalid condition id : UX DEVICE CLASS RTOS Condition cause : null
2025-04-28 17:01:18,036 [WARN] ConditionMgr:1044 - genDependencies : Invalid condition id : UX DEVICE CLASS RTOS Condition cause : null
2025-04-28 17:01:18,037 [WARN] ConditionMgr:1044 - genDependencies : Invalid condition id : UX DEVICE CLASS RTOS Condition cause : null
2025-04-28 17:01:18,038 [WARN] ConditionMgr:1044 - genDependencies : Invalid condition id : UX DEVICE CLASS RTOS Condition cause : null
2025-04-28 17:01:18,038 [WARN] ConditionMgr:1044 - genDependencies : Invalid condition id : UX DEVICE CLASS RTOS Condition cause : null
2025-04-28 17:01:18,045 [WARN] PackLoader:240 - Cannot read IP mode file for STMicroelectronics.X-CUBE-GNSS1.7.0.1
2025-04-28 17:01:18,052 [WARN] PackLoader:240 - Cannot read IP mode file for STMicroelectronics.X-CUBE-TOUCHGFX.4.25.0
2025-04-28 17:01:18,059 [WARN] PackLoader:240 - Cannot read IP mode file for STMicroelectronics.FP-SNS-STBOX1.2.0.0
2025-04-28 17:01:18,074 [WARN] PackLoader:240 - Cannot read IP mode file for STMicroelectronics.X-CUBE-SUBG2.5.0.0
2025-04-28 17:01:18,122 [WARN] PackLoader:240 - Cannot read IP mode file for STMicroelectronics.X-CUBE-AZRTOS-H7RS.1.1.0
2025-04-28 17:01:18,131 [WARN] PackLoader:240 - Cannot read IP mode file for Cesanta.I-CUBE-Mongoose.7.13.0
2025-04-28 17:01:18,202 [WARN] PackLoader:240 - Cannot read IP mode file for STMicroelectronics.X-CUBE-AZRTOS-G4.2.0.0
2025-04-28 17:01:18,210 [WARN] PackLoader:240 - Cannot read IP mode file for wolfSSL.I-CUBE-wolfSSH.1.4.20
2025-04-28 17:01:18,228 [WARN] PackLoader:240 - Cannot read IP mode file for STMicroelectronics.X-CUBE-IPS.3.1.0
2025-04-28 17:01:18,248 [WARN] PackLoader:240 - Cannot read IP mode file for STMicroelectronics.X-CUBE-ALS.1.0.2
2025-04-28 17:01:18,256 [WARN] PackLoader:240 - Cannot read IP mode file for portGmbH.I-Cube-SoM-uGOAL.1.1.0
2025-04-28 17:01:18,275 [WARN] PackLoader:240 - Cannot read IP mode file for STMicroelectronics.X-CUBE-TOF1.3.4.3
2025-04-28 17:01:18,295 [INFO] ThirdParty:978 - Integrity check success = true
2025-04-28 17:01:18,295 [INFO] IntegrityCheckThread:100 - exiting critical section [integrity check]
2025-04-28 17:01:18,295 [INFO] IntegrityCheckThread:103 - End integrity checks thread
2025-04-28 17:01:18,764 [INFO] WebApp:463 - Apply proxy settings
2025-04-28 17:01:18,765 [INFO] WebApp:548 - Chromium requires no authentication
2025-04-28 17:01:18,784 [INFO] WebApp:491 - Direct internet connection detected
2025-04-28 17:01:18,833 [INFO] WebApp:894 - Register for checkConnection events
2025-04-28 17:01:18,833 [INFO] WebApp:463 - Apply proxy settings
2025-04-28 17:01:18,833 [INFO] WebApp:548 - Chromium requires no authentication
2025-04-28 17:01:18,834 [INFO] WebApp:491 - Direct internet connection detected
2025-04-28 17:01:19,072 [INFO] WebApp:191 - Connection restablished
2025-04-28 17:01:19,086 [INFO] WebApp:225 - Starting web application
2025-04-28 17:01:19,086 [INFO] WebApp:593 - Web application path used C:\ST\STM32CubeIDE_1.18.1\STM32CubeIDE\plugins\com.st.stm32cube.common.mx_6.14.1.202504091515\db\plugins\mcufinder\reactClient1\index.html
2025-04-28 17:04:59,580 [ERROR] LogOutputStream:75 - [STDERR_REDIRECT] 
2025-04-28 19:52:34,010 [INFO] Activator:176 - 


2025-04-28 19:52:34,013 [INFO] Activator:177 - !SESSION log4j initialized
2025-04-28 19:52:42,613 [INFO] LogOutputStream:77 - [STDOUT_REDIRECT] 
2025-04-28 19:52:44,445 [INFO] ApplicationProperties:184 - Using Application install path: C:\ST\STM32CubeIDE_1.18.1\STM32CubeIDE\plugins\com.st.stm32cube.common.mx_6.14.1.202504091515
2025-04-28 19:52:44,464 [INFO] DbMcusXml:78 - Set database path to: C:\ST\STM32CubeIDE_1.18.1\STM32CubeIDE\plugins\com.st.stm32cube.common.mx_6.14.1.202504091515\\db\/mcu/
2025-04-28 19:52:44,464 [INFO] ApiDb:274 - Set plugin database path to: C:\ST\STM32CubeIDE_1.18.1\STM32CubeIDE\plugins\com.st.stm32cube.common.mx_6.14.1.202504091515\\db\/plugins/boardmanager/
2025-04-28 19:52:44,464 [WARN] ApiDb:259 - Overriding images path with different value:  => C:\ST\STM32CubeIDE_1.18.1\STM32CubeIDE\plugins\com.st.stm32cube.common.mx_6.14.1.202504091515\\db\/plugins/mcufinder/images/
2025-04-28 19:52:44,470 [INFO] ApiDb:250 - Set database path to: C:\Users\Administrator\.stmcufinder\plugins\mcufinder//mcu/
2025-04-28 19:52:44,472 [INFO] DbMcusAds:125 - Set database path to: C:\Users\Administrator\.stmcufinder\plugins\mcufinder//mcu/
2025-04-28 19:52:45,344 [INFO] CrossReferenceDbSqlite:203 - Set database path to: C:\Users\Administrator\.stmcufinder\plugins\mcufinder//mcu/cs/
2025-04-28 19:52:45,564 [INFO] RulesReader:64 - Compatibility file has been processed (302 Rules)
2025-04-28 19:52:45,725 [INFO] DbMcusXml:78 - Set database path to: C:\ST\STM32CubeIDE_1.18.1\STM32CubeIDE\plugins\com.st.stm32cube.common.mx_6.14.1.202504091515\\db\/mcu/
2025-04-28 19:52:45,726 [INFO] ApiDb:274 - Set plugin database path to: C:\ST\STM32CubeIDE_1.18.1\STM32CubeIDE\plugins\com.st.stm32cube.common.mx_6.14.1.202504091515\\db\/plugins/boardmanager/
2025-04-28 19:52:45,726 [INFO] ApiDb:261 - Set plugin images path to: C:\ST\STM32CubeIDE_1.18.1\STM32CubeIDE\plugins\com.st.stm32cube.common.mx_6.14.1.202504091515\\db\/plugins/mcufinder/images/
2025-04-28 19:52:45,726 [WARN] DbFile:41 - Overriding database path with different value: C:\Users\Administrator\.stmcufinder\plugins\mcufinder/ => C:\Users\Administrator\.stmcufinder\plugins\mcufinder
2025-04-28 19:52:45,726 [INFO] ApiDb:250 - Set database path to: C:\Users\Administrator\.stmcufinder\plugins\mcufinder//mcu/
2025-04-28 19:52:45,726 [WARN] DbFile:41 - Overriding database path with different value: C:\Users\Administrator\.stmcufinder\plugins\mcufinder/ => C:\Users\Administrator\.stmcufinder\plugins\mcufinder
2025-04-28 19:52:45,727 [INFO] DbMcusAds:125 - Set database path to: C:\Users\Administrator\.stmcufinder\plugins\mcufinder//mcu/
2025-04-28 19:52:45,727 [WARN] DbFile:41 - Overriding database path with different value: C:\Users\Administrator\.stmcufinder\plugins\mcufinder/ => C:\Users\Administrator\.stmcufinder\plugins\mcufinder
2025-04-28 19:52:45,727 [WARN] DbFile:41 - Overriding database path with different value: C:\Users\Administrator\.stmcufinder\plugins\mcufinder/ => C:\Users\Administrator\.stmcufinder\plugins\mcufinder
2025-04-28 19:52:46,350 [INFO] CrossReferenceDbSqlite:203 - Set database path to: C:\Users\Administrator\.stmcufinder\plugins\mcufinder//mcu/cs/
2025-04-28 19:52:46,432 [INFO] MainPanel:272 - HeapMemory: 268435456
2025-04-28 19:52:46,517 [INFO] DbMcusXml:78 - Set database path to: C:\ST\STM32CubeIDE_1.18.1\STM32CubeIDE\plugins\com.st.stm32cube.common.mx_6.14.1.202504091515\\db\/mcu/
2025-04-28 19:52:46,517 [INFO] ApiDb:274 - Set plugin database path to: C:\ST\STM32CubeIDE_1.18.1\STM32CubeIDE\plugins\com.st.stm32cube.common.mx_6.14.1.202504091515\\db\/plugins/boardmanager/
2025-04-28 19:52:46,517 [INFO] ApiDb:261 - Set plugin images path to: C:\ST\STM32CubeIDE_1.18.1\STM32CubeIDE\plugins\com.st.stm32cube.common.mx_6.14.1.202504091515\\db\/plugins/mcufinder/images/
2025-04-28 19:52:46,518 [WARN] DbFile:41 - Overriding database path with different value: C:\Users\Administrator\.stmcufinder\plugins\mcufinder/ => C:\Users\Administrator\.stmcufinder\plugins\mcufinder
2025-04-28 19:52:46,518 [INFO] ApiDb:250 - Set database path to: C:\Users\Administrator\.stmcufinder\plugins\mcufinder//mcu/
2025-04-28 19:52:46,518 [WARN] DbFile:41 - Overriding database path with different value: C:\Users\Administrator\.stmcufinder\plugins\mcufinder/ => C:\Users\Administrator\.stmcufinder\plugins\mcufinder
2025-04-28 19:52:46,518 [INFO] DbMcusAds:125 - Set database path to: C:\Users\Administrator\.stmcufinder\plugins\mcufinder//mcu/
2025-04-28 19:52:46,518 [WARN] DbFile:41 - Overriding database path with different value: C:\Users\Administrator\.stmcufinder\plugins\mcufinder/ => C:\Users\Administrator\.stmcufinder\plugins\mcufinder
2025-04-28 19:52:46,518 [WARN] DbFile:41 - Overriding database path with different value: C:\Users\Administrator\.stmcufinder\plugins\mcufinder/ => C:\Users\Administrator\.stmcufinder\plugins\mcufinder
2025-04-28 19:52:47,349 [INFO] CrossReferenceDbSqlite:203 - Set database path to: C:\Users\Administrator\.stmcufinder\plugins\mcufinder//mcu/cs/
2025-04-28 19:52:47,393 [INFO] ApplicationProperties:184 - Using Application install path: C:\ST\STM32CubeIDE_1.18.1\STM32CubeIDE\plugins\com.st.stm32cube.common.mx_6.14.1.202504091515
2025-04-28 19:52:47,396 [INFO] PluginManage:196 - Search for loadable plugins [exclusion list=, ]
2025-04-28 19:52:47,398 [INFO] PluginManage:310 - Check plugin analytics
2025-04-28 19:52:48,486 [INFO] AnalyticsPlugin:253 - Accepted Software Licenses: 
2025-04-28 19:52:48,487 [INFO] AnalyticsPlugin:255 - Accepted CMSIS Pack Licenses: 
2025-04-28 19:52:48,487 [INFO] AnalyticsPlugin:257 - Accepted Firmware Licenses: 
2025-04-28 19:52:48,489 [INFO] PluginManage:359 - Loaded plugin analytics (category:tool,tabindex:-1)
2025-04-28 19:52:48,490 [INFO] PluginManage:310 - Check plugin cadmodel
2025-04-28 19:52:48,494 [INFO] CADModel:105 - Init CAD model plugin
2025-04-28 19:52:48,494 [INFO] PluginManage:359 - Loaded plugin cadmodel (category:power,tabindex:5)
2025-04-28 19:52:48,494 [INFO] PluginManage:310 - Check plugin clock
2025-04-28 19:52:48,502 [INFO] PluginManage:359 - Loaded plugin clock (category:base,tabindex:2)
2025-04-28 19:52:48,502 [INFO] PluginManage:310 - Check plugin ddr
2025-04-28 19:52:48,504 [INFO] PluginManage:359 - Loaded plugin ddr (category:tool,tabindex:6)
2025-04-28 19:52:48,504 [INFO] PluginManage:310 - Check plugin filemanager
2025-04-28 19:52:48,645 [INFO] PluginManage:359 - Loaded plugin filemanager (category:base,tabindex:10)
2025-04-28 19:52:48,646 [INFO] PluginManage:310 - Check plugin ipmanager
2025-04-28 19:52:48,651 [INFO] PluginManage:359 - Loaded plugin ipmanager (category:base,tabindex:5)
2025-04-28 19:52:48,651 [INFO] PluginManage:310 - Check plugin lpbam
2025-04-28 19:52:48,658 [INFO] PluginManage:359 - Loaded plugin lpbam (category:base,tabindex:0)
2025-04-28 19:52:48,658 [INFO] PluginManage:310 - Check plugin memorymap
2025-04-28 19:52:48,693 [INFO] PluginManage:359 - Loaded plugin memorymap (category:base,tabindex:4)
2025-04-28 19:52:48,693 [INFO] PluginManage:310 - Check plugin pinoutandconfiguration
2025-04-28 19:52:48,703 [INFO] PluginManage:359 - Loaded plugin pinoutandconfiguration (category:base,tabindex:1)
2025-04-28 19:52:48,704 [INFO] PluginManage:310 - Check plugin pinoutconfig
2025-04-28 19:52:48,792 [WARN] SupportedApi:132 - Cannot load RTOS API schema: s4s-elt-must-match.1: The content of 'definitions' must match (annotation?, (simpleType | complexType)?, (unique | key | keyref)*)). A problem was found starting at: attribute.
2025-04-28 19:52:48,934 [INFO] PluginManage:359 - Loaded plugin pinoutconfig (category:base,tabindex:0)
2025-04-28 19:52:48,934 [INFO] PluginManage:310 - Check plugin power
2025-04-28 19:52:48,948 [INFO] PluginManage:359 - Loaded plugin power (category:power,tabindex:4)
2025-04-28 19:52:48,949 [INFO] PluginManage:310 - Check plugin projectmanager
2025-04-28 19:52:48,974 [INFO] PluginManage:359 - Loaded plugin projectmanager (category:projectmanager,tabindex:4)
2025-04-28 19:52:48,974 [INFO] PluginManage:310 - Check plugin rif
2025-04-28 19:52:48,981 [INFO] PluginManage:359 - Loaded plugin rif (category:base,tabindex:3)
2025-04-28 19:52:48,981 [INFO] PluginManage:310 - Check plugin thirdparty
2025-04-28 19:52:49,099 [INFO] PluginManage:359 - Loaded plugin thirdparty (category:base,tabindex:-1)
2025-04-28 19:52:49,100 [INFO] PluginManage:310 - Check plugin tools
2025-04-28 19:52:49,099 [WARN] IntegrityCheckThread:84 - waiting for thirdparty lock release [integrity check]
2025-04-28 19:52:49,100 [INFO] IntegrityCheckThread:86 - entering critical section [integrity check]
2025-04-28 19:52:49,101 [INFO] ThirdPartyUpdaterWithRetryManager:70 - Updater plugin not ready yet. [1/15]
2025-04-28 19:52:49,104 [INFO] PluginManage:359 - Loaded plugin tools (category:base,tabindex:7)
2025-04-28 19:52:49,104 [INFO] PluginManage:310 - Check plugin tutovideos
2025-04-28 19:52:49,258 [INFO] PluginManage:359 - Loaded plugin tutovideos (category:base,tabindex:-1)
2025-04-28 19:52:49,259 [INFO] PluginManage:310 - Check plugin updater
2025-04-28 19:52:49,344 [INFO] PluginManage:359 - Loaded plugin updater (category:base,tabindex:12)
2025-04-28 19:52:49,345 [INFO] PluginManage:310 - Check plugin userauth
2025-04-28 19:52:49,349 [INFO] UserAuth:118 - Init User Auth plugin
2025-04-28 19:52:49,350 [INFO] PluginManage:359 - Loaded plugin userauth (category:base,tabindex:14)
2025-04-28 19:52:49,351 [INFO] PluginManage:283 - PluginManage : Loaded plugins [18]
2025-04-28 19:52:49,653 [INFO] PinOutPanel:1589 - setPackage(No Configuration,No Configuration)
2025-04-28 19:52:49,729 [INFO] CADModel:165 - CPN selected for project level
2025-04-28 19:52:49,729 [INFO] CADModel:114 - Register for checkConnection events
2025-04-28 19:52:49,743 [INFO] IPUIPlugin:80 - create IPUIPlugin
2025-04-28 19:52:49,743 [INFO] PluginManager:220 - loadIPPluginJar : add adc
2025-04-28 19:52:49,746 [INFO] IPUIPlugin:80 - create IPUIPlugin
2025-04-28 19:52:49,746 [INFO] PluginManager:220 - loadIPPluginJar : add aes
2025-04-28 19:52:49,748 [INFO] IPUIPlugin:80 - create IPUIPlugin
2025-04-28 19:52:49,748 [INFO] PluginManager:220 - loadIPPluginJar : add can
2025-04-28 19:52:49,750 [INFO] IPUIPlugin:80 - create IPUIPlugin
2025-04-28 19:52:49,750 [INFO] PluginManager:220 - loadIPPluginJar : add comp
2025-04-28 19:52:49,752 [INFO] IPUIPlugin:80 - create IPUIPlugin
2025-04-28 19:52:49,752 [INFO] PluginManager:220 - loadIPPluginJar : add cryp
2025-04-28 19:52:49,754 [INFO] IPUIPlugin:80 - create IPUIPlugin
2025-04-28 19:52:49,754 [INFO] PluginManager:220 - loadIPPluginJar : add ddr_ctrl_phy
2025-04-28 19:52:49,756 [INFO] IPUIPlugin:80 - create IPUIPlugin
2025-04-28 19:52:49,756 [INFO] PluginManager:220 - loadIPPluginJar : add dfsdm
2025-04-28 19:52:49,761 [INFO] IPUIPlugin:80 - create IPUIPlugin
2025-04-28 19:52:49,761 [INFO] PluginManager:220 - loadIPPluginJar : add dma
2025-04-28 19:52:49,764 [INFO] IPUIPlugin:80 - create IPUIPlugin
2025-04-28 19:52:49,764 [INFO] PluginManager:220 - loadIPPluginJar : add dma3
2025-04-28 19:52:49,767 [INFO] IPUIPlugin:80 - create IPUIPlugin
2025-04-28 19:52:49,767 [INFO] PluginManager:220 - loadIPPluginJar : add extmemmanager
2025-04-28 19:52:49,769 [INFO] IPUIPlugin:80 - create IPUIPlugin
2025-04-28 19:52:49,769 [INFO] PluginManager:220 - loadIPPluginJar : add fatfs
2025-04-28 19:52:49,775 [INFO] IPUIPlugin:80 - create IPUIPlugin
2025-04-28 19:52:49,775 [INFO] PluginManager:220 - loadIPPluginJar : add fmc
2025-04-28 19:52:49,781 [INFO] IPUIPlugin:80 - create IPUIPlugin
2025-04-28 19:52:49,781 [INFO] PluginManager:220 - loadIPPluginJar : add freertos
2025-04-28 19:52:49,782 [INFO] IPUIPlugin:80 - create IPUIPlugin
2025-04-28 19:52:49,783 [INFO] PluginManager:220 - loadIPPluginJar : add genericplugin
2025-04-28 19:52:49,785 [INFO] IPUIPlugin:80 - create IPUIPlugin
2025-04-28 19:52:49,785 [INFO] PluginManager:220 - loadIPPluginJar : add gfxmmu
2025-04-28 19:52:49,791 [INFO] IPUIPlugin:80 - create IPUIPlugin
2025-04-28 19:52:49,791 [INFO] PluginManager:220 - loadIPPluginJar : add gic
2025-04-28 19:52:49,796 [INFO] IPUIPlugin:80 - create IPUIPlugin
2025-04-28 19:52:49,797 [INFO] PluginManager:220 - loadIPPluginJar : add gpio
2025-04-28 19:52:49,800 [INFO] IPUIPlugin:80 - create IPUIPlugin
2025-04-28 19:52:49,800 [INFO] PluginManager:220 - loadIPPluginJar : add gtzc
2025-04-28 19:52:49,803 [INFO] IPUIPlugin:80 - create IPUIPlugin
2025-04-28 19:52:49,804 [INFO] PluginManager:220 - loadIPPluginJar : add hash
2025-04-28 19:52:49,808 [INFO] IPUIPlugin:80 - create IPUIPlugin
2025-04-28 19:52:49,808 [INFO] PluginManager:220 - loadIPPluginJar : add i2c
2025-04-28 19:52:49,812 [INFO] IPUIPlugin:80 - create IPUIPlugin
2025-04-28 19:52:49,812 [INFO] PluginManager:220 - loadIPPluginJar : add i2s
2025-04-28 19:52:49,816 [INFO] IPUIPlugin:80 - create IPUIPlugin
2025-04-28 19:52:49,816 [INFO] PluginManager:220 - loadIPPluginJar : add i3c
2025-04-28 19:52:49,820 [INFO] IPUIPlugin:80 - create IPUIPlugin
2025-04-28 19:52:49,820 [INFO] PluginManager:220 - loadIPPluginJar : add ipddr
2025-04-28 19:52:49,830 [INFO] IPUIPlugin:80 - create IPUIPlugin
2025-04-28 19:52:49,830 [INFO] PluginManager:220 - loadIPPluginJar : add linkedlist
2025-04-28 19:52:49,834 [INFO] IPUIPlugin:80 - create IPUIPlugin
2025-04-28 19:52:49,834 [INFO] PluginManager:220 - loadIPPluginJar : add lorawan
2025-04-28 19:52:49,837 [INFO] IPUIPlugin:80 - create IPUIPlugin
2025-04-28 19:52:49,837 [INFO] PluginManager:220 - loadIPPluginJar : add ltdc
2025-04-28 19:52:49,846 [INFO] IPUIPlugin:80 - create IPUIPlugin
2025-04-28 19:52:49,847 [INFO] PluginManager:220 - loadIPPluginJar : add mdma
2025-04-28 19:52:49,852 [INFO] IPUIPlugin:80 - create IPUIPlugin
2025-04-28 19:52:49,853 [INFO] PluginManager:220 - loadIPPluginJar : add nvic
2025-04-28 19:52:49,858 [INFO] IPUIPlugin:80 - create IPUIPlugin
2025-04-28 19:52:49,858 [INFO] PluginManager:220 - loadIPPluginJar : add opamp
2025-04-28 19:52:49,864 [INFO] IPUIPlugin:80 - create IPUIPlugin
2025-04-28 19:52:49,865 [INFO] PluginManager:220 - loadIPPluginJar : add openamp
2025-04-28 19:52:49,869 [INFO] IPUIPlugin:80 - create IPUIPlugin
2025-04-28 19:52:49,870 [INFO] PluginManager:220 - loadIPPluginJar : add pdm2pcm
2025-04-28 19:52:49,889 [INFO] IPUIPlugin:80 - create IPUIPlugin
2025-04-28 19:52:49,895 [INFO] PluginManager:220 - loadIPPluginJar : add plateformsettings
2025-04-28 19:52:49,897 [INFO] IPUIPlugin:80 - create IPUIPlugin
2025-04-28 19:52:49,897 [INFO] PluginManager:220 - loadIPPluginJar : add quadspi
2025-04-28 19:52:49,928 [INFO] IPUIPlugin:80 - create IPUIPlugin
2025-04-28 19:52:49,929 [INFO] PluginManager:220 - loadIPPluginJar : add radio
2025-04-28 19:52:49,935 [INFO] IPUIPlugin:80 - create IPUIPlugin
2025-04-28 19:52:49,935 [INFO] PluginManager:220 - loadIPPluginJar : add resmgrutility
2025-04-28 19:52:49,940 [INFO] IPUIPlugin:80 - create IPUIPlugin
2025-04-28 19:52:49,940 [INFO] PluginManager:220 - loadIPPluginJar : add sai
2025-04-28 19:52:49,944 [INFO] IPUIPlugin:80 - create IPUIPlugin
2025-04-28 19:52:49,945 [INFO] PluginManager:220 - loadIPPluginJar : add spi
2025-04-28 19:52:49,955 [INFO] IPUIPlugin:80 - create IPUIPlugin
2025-04-28 19:52:49,955 [INFO] PluginManager:220 - loadIPPluginJar : add stm32_wpan
2025-04-28 19:52:49,959 [INFO] IPUIPlugin:80 - create IPUIPlugin
2025-04-28 19:52:49,959 [INFO] PluginManager:220 - loadIPPluginJar : add tim
2025-04-28 19:52:49,964 [INFO] IPUIPlugin:80 - create IPUIPlugin
2025-04-28 19:52:49,965 [INFO] PluginManager:220 - loadIPPluginJar : add touchsensing
2025-04-28 19:52:49,969 [INFO] IPUIPlugin:80 - create IPUIPlugin
2025-04-28 19:52:49,969 [INFO] PluginManager:220 - loadIPPluginJar : add tracer_emb
2025-04-28 19:52:49,973 [INFO] IPUIPlugin:80 - create IPUIPlugin
2025-04-28 19:52:49,973 [INFO] PluginManager:220 - loadIPPluginJar : add ts
2025-04-28 19:52:49,975 [INFO] IPUIPlugin:80 - create IPUIPlugin
2025-04-28 19:52:49,975 [INFO] PluginManager:220 - loadIPPluginJar : add tsc
2025-04-28 19:52:49,977 [INFO] IPUIPlugin:80 - create IPUIPlugin
2025-04-28 19:52:49,978 [INFO] PluginManager:220 - loadIPPluginJar : add ucpd
2025-04-28 19:52:49,980 [INFO] IPUIPlugin:80 - create IPUIPlugin
2025-04-28 19:52:49,981 [INFO] PluginManager:220 - loadIPPluginJar : add usart
2025-04-28 19:52:49,984 [INFO] IPUIPlugin:80 - create IPUIPlugin
2025-04-28 19:52:49,984 [INFO] PluginManager:220 - loadIPPluginJar : add usbx
2025-04-28 19:52:50,120 [FATAL] Updater:351 - Updater called before beeing initialized
2025-04-28 19:52:50,172 [INFO] RulesReader:64 - Compatibility file has been processed (302 Rules)
2025-04-28 19:52:50,190 [INFO] RulesReader:64 - Compatibility file has been processed (302 Rules)
2025-04-28 19:52:50,200 [INFO] CADModel:165 - CPN selected for project level
2025-04-28 19:52:50,200 [INFO] CADModel:114 - Register for checkConnection events
2025-04-28 19:52:50,200 [FATAL] Updater:351 - Updater called before beeing initialized
2025-04-28 19:52:50,200 [ERROR] CADModel:125 - Updater not yet initialized, retry later 
2025-04-28 19:52:50,337 [FATAL] Updater:351 - Updater called before beeing initialized
2025-04-28 19:52:50,339 [INFO] CADModel:165 - CPN selected for project level
2025-04-28 19:52:50,340 [INFO] CADModel:114 - Register for checkConnection events
2025-04-28 19:52:50,340 [FATAL] Updater:351 - Updater called before beeing initialized
2025-04-28 19:52:50,340 [ERROR] CADModel:125 - Updater not yet initialized, retry later 
2025-04-28 19:52:50,346 [FATAL] Updater:351 - Updater called before beeing initialized
2025-04-28 19:52:50,496 [FATAL] Updater:351 - Updater called before beeing initialized
2025-04-28 19:52:50,501 [INFO] DbMcusAds:53 - JSON generation date=Thu Sep 30 13:55:09 ICT 2021 (1632984909247)
2025-04-28 19:52:50,501 [FATAL] Updater:351 - Updater called before beeing initialized
2025-04-28 19:52:50,532 [WARN] DetailPanel:346 - Failed to get advertising image, set to default
2025-04-28 19:52:50,810 [FATAL] Updater:351 - Updater called before beeing initialized
2025-04-28 19:52:50,812 [FATAL] Updater:351 - Updater called before beeing initialized
2025-04-28 19:52:50,812 [FATAL] Updater:351 - Updater called before beeing initialized
2025-04-28 19:52:50,812 [WARN] DetailPanel:346 - Failed to get advertising image, set to default
2025-04-28 19:52:50,813 [FATAL] Updater:351 - Updater called before beeing initialized
2025-04-28 19:52:50,868 [ERROR] Updater:1198 - MainUpdater not yet initialized. External WinMGr cannot be set.
2025-04-28 19:52:50,870 [INFO] Updater:1134 - Updater Version found : 6.14.1
2025-04-28 19:52:50,892 [INFO] ApplicationProperties:184 - Using Application install path: C:\ST\STM32CubeIDE_1.18.1\STM32CubeIDE\plugins\com.st.stm32cube.common.mx_6.14.1.202504091515
2025-04-28 19:52:51,458 [INFO] MainUpdater:2872 - connection check result : 10
2025-04-28 19:52:51,459 [INFO] MainUpdater:289 - Updater Check For Update Now.
2025-04-28 19:52:51,459 [INFO] MicroXplorer:498 - Change Database Version : DB.6.0.141
2025-04-28 19:52:51,471 [INFO] McuFinderGlobals:63 - Set McuFinder mode to 2 (CubeIDE integrated)
2025-04-28 19:52:51,471 [INFO] UserAuth:171 - activating auth plugin
2025-04-28 19:52:51,485 [INFO] UserAuth:484 - Internet connection configuration mode: 1
2025-04-28 19:52:51,503 [INFO] JxBrowserEngine:152 - Initiate JxBrowser Engine with user profile folder
2025-04-28 19:52:51,702 [INFO] CheckServerUpdateThread:120 - End of CheckServer Thread
2025-04-28 19:52:52,178 [INFO] WebApp:169 - Instantiating new browser for Auth
2025-04-28 19:52:52,486 [WARN] PackLoader:240 - Cannot read IP mode file for STMicroelectronics.FP-SNS-MOTENVWB1.1.4.0
2025-04-28 19:52:52,510 [WARN] PackLoader:240 - Cannot read IP mode file for STMicroelectronics.FP-ATR-ASTRA1.2.0.2
2025-04-28 19:52:52,523 [WARN] PackLoader:240 - Cannot read IP mode file for STMicroelectronics.X-CUBE-SMBUS.2.1.0
2025-04-28 19:52:52,591 [WARN] PackLoader:240 - Cannot read IP mode file for STMicroelectronics.X-CUBE-AZRTOS-F7.1.1.0
2025-04-28 19:52:52,672 [WARN] PackLoader:240 - Cannot read IP mode file for Infineon.AIROC-Wi-Fi-Bluetooth-STM32.1.7.0
2025-04-28 19:52:52,706 [WARN] PackLoader:240 - Cannot read IP mode file for STMicroelectronics.X-CUBE-DISPLAY.3.0.0
2025-04-28 19:52:52,759 [WARN] PackLoader:240 - Cannot read IP mode file for STMicroelectronics.X-CUBE-NFC10.1.0.0
2025-04-28 19:52:52,781 [WARN] PackLoader:240 - Cannot read IP mode file for STMicroelectronics.X-CUBE-BLEMGR.4.0.0
2025-04-28 19:52:52,798 [WARN] PackLoader:240 - Cannot read IP mode file for emotas.I-CUBE-CANOPEN.1.3.0
2025-04-28 19:52:52,803 [WARN] ConditionMgr:438 - getConditionDescription Invalid condition id : Cortex-A Device cause : null
2025-04-28 19:52:52,877 [WARN] ConditionMgr:1044 - genDependencies : Invalid condition id : Cortex-A Device cause : null
2025-04-28 19:52:52,877 [WARN] ConditionMgr:1044 - genDependencies : Invalid condition id : Cortex-A Device cause : null
2025-04-28 19:52:52,878 [WARN] ConditionMgr:1044 - genDependencies : Invalid condition id : Cortex-A Device cause : null
2025-04-28 19:52:52,883 [WARN] PackLoader:240 - Cannot read IP mode file for STMicroelectronics.X-CUBE-AI.10.0.0
2025-04-28 19:52:52,888 [WARN] PackLoader:240 - Cannot read IP mode file for STMicroelectronics.FP-SNS-SMARTAG2.1.2.0
2025-04-28 19:52:52,899 [WARN] PackLoader:240 - Cannot read IP mode file for STMicroelectronics.FP-SNS-FLIGHT1.5.1.0
2025-04-28 19:52:52,912 [INFO] LogOutputStream:77 - [STDOUT_REDIRECT] 1 : Invalid condition id : UX_CORESTACK_Condition cause : null
2025-04-28 19:52:52,912 [INFO] LogOutputStream:77 - [STDOUT_REDIRECT] 1 : Invalid condition id : UX_CORESTACK_Condition cause : null
2025-04-28 19:52:52,914 [INFO] LogOutputStream:77 - [STDOUT_REDIRECT] 1 : Invalid condition id : UX_CORESTACK_Condition cause : null
2025-04-28 19:52:52,915 [INFO] LogOutputStream:77 - [STDOUT_REDIRECT] 1 : Invalid condition id : UX_CORESTACK_Condition cause : null
2025-04-28 19:52:52,917 [INFO] LogOutputStream:77 - [STDOUT_REDIRECT] 1 : Invalid condition id : UX_CORESTACK_Condition cause : null
2025-04-28 19:52:52,921 [WARN] PackLoader:240 - Cannot read IP mode file for STMicroelectronics.X-CUBE-AZRTOS-WL.2.0.0
2025-04-28 19:52:52,927 [WARN] PackLoader:240 - Cannot read IP mode file for STMicroelectronics.FP-SNS-MOTENV1.5.0.0
2025-04-28 19:52:52,978 [WARN] PackLoader:240 - Cannot read IP mode file for WES.I-CUBE-Cesium.1.3.0
2025-04-28 19:52:52,984 [WARN] PackLoader:240 - Cannot read IP mode file for STMicroelectronics.X-CUBE-BLE2.3.3.0
2025-04-28 19:52:52,993 [WARN] PackLoader:240 - Cannot read IP mode file for STMicroelectronics.X-CUBE-NFC9.1.0.0
2025-04-28 19:52:53,000 [WARN] PackLoader:240 - Cannot read IP mode file for STMicroelectronics.X-CUBE-BLE1.7.1.0
2025-04-28 19:52:53,004 [WARN] PackLoader:240 - Cannot read IP mode file for wolfSSL.I-CUBE-wolfMQTT.1.19.2
2025-04-28 19:52:53,069 [WARN] PackLoader:240 - Cannot read IP mode file for STMicroelectronics.X-CUBE-MEMS1.11.2.0
2025-04-28 19:52:53,322 [WARN] PackLoader:240 - Cannot read IP mode file for STMicroelectronics.X-CUBE-AZRTOS-G0.1.1.0
2025-04-28 19:52:53,330 [WARN] PackLoader:240 - Cannot read IP mode file for STMicroelectronics.X-CUBE-SAFEA1.1.2.2
2025-04-28 19:52:53,335 [WARN] PackLoader:240 - Cannot read IP mode file for STMicroelectronics.X-CUBE-NFC4.3.0.0
2025-04-28 19:52:53,348 [WARN] PackLoader:240 - Cannot read IP mode file for EmbeddedOffice.I-CUBE-FS-RTOS.1.0.1
2025-04-28 19:52:53,363 [WARN] PackLoader:240 - Cannot read IP mode file for STMicroelectronics.X-CUBE-WB05N.2.0.0
2025-04-28 19:52:53,374 [WARN] PackLoader:240 - Cannot read IP mode file for wolfSSL.I-CUBE-wolfTPM.3.8.0
2025-04-28 19:52:53,381 [WARN] PackLoader:240 - Cannot read IP mode file for STMicroelectronics.X-CUBE-TCPP.4.2.0
2025-04-28 19:52:53,387 [WARN] PackLoader:240 - Cannot read IP mode file for RealThread.X-CUBE-RT-Thread_Nano.4.1.1
2025-04-28 19:52:53,392 [WARN] PackLoader:240 - Cannot read IP mode file for STMicroelectronics.FP-ATR-SIGFOX1.3.2.0
2025-04-28 19:52:53,399 [WARN] PackLoader:240 - Cannot read IP mode file for STMicroelectronics.X-CUBE-EEPRMA1.5.1.0
2025-04-28 19:52:53,405 [WARN] PackLoader:240 - Cannot read IP mode file for wolfSSL.I-CUBE-wolfSSL.5.7.6
2025-04-28 19:52:53,410 [WARN] PackLoader:240 - Cannot read IP mode file for ITTIA_DB.I-CUBE-ITTIADB.8.9.0
2025-04-28 19:52:53,440 [WARN] PackLoader:240 - Cannot read IP mode file for SEGGER.I-CUBE-embOS.1.3.1
2025-04-28 19:52:53,529 [WARN] PackLoader:240 - Cannot read IP mode file for STMicroelectronics.X-CUBE-ALGOBUILD.1.4.0
2025-04-28 19:52:53,547 [WARN] PackLoader:240 - Cannot read IP mode file for STMicroelectronics.X-CUBE-AZRTOS-F4.1.1.0
2025-04-28 19:52:53,554 [WARN] PackLoader:240 - Cannot read IP mode file for Avnet-IotConnect.X-CUBE-IoTC-DA16k-PMOD.1.0.0
2025-04-28 19:52:53,558 [WARN] PackLoader:240 - Cannot read IP mode file for STMicroelectronics.X-CUBE-ISPU.2.1.0
2025-04-28 19:52:53,580 [WARN] PackLoader:240 - Cannot read IP mode file for STMicroelectronics.X-CUBE-AZRTOS-L5.2.0.0
2025-04-28 19:52:53,591 [WARN] PackLoader:240 - Cannot read IP mode file for STMicroelectronics.X-CUBE-NFC6.3.1.0
2025-04-28 19:52:53,598 [WARN] PackLoader:240 - Cannot read IP mode file for STMicroelectronics.X-CUBE-FREERTOS.1.3.0
2025-04-28 19:52:53,605 [WARN] PackLoader:240 - Cannot read IP mode file for STMicroelectronics.X-CUBE-NFC7.1.0.1
2025-04-28 19:52:53,634 [WARN] PackLoader:240 - Cannot read IP mode file for STMicroelectronics.X-CUBE-DPower.1.3.0
2025-04-28 19:52:53,662 [WARN] ConditionMgr:438 - getConditionDescription Invalid condition id : LAN8742 Phy interface Condition cause : null
2025-04-28 19:52:53,665 [WARN] PackLoader:240 - Cannot read IP mode file for STMicroelectronics.X-CUBE-AZRTOS-L4.2.0.0
2025-04-28 19:52:53,668 [WARN] ConditionMgr:1044 - genDependencies : Invalid condition id : LAN8742 Phy interface Condition cause : null
2025-04-28 19:52:53,668 [WARN] ConditionMgr:1044 - genDependencies : Invalid condition id : LAN8742 Phy interface Condition cause : null
2025-04-28 19:52:53,669 [WARN] ConditionMgr:1044 - genDependencies : Invalid condition id : LAN8742 Phy interface Condition cause : null
2025-04-28 19:52:53,677 [WARN] PackLoader:240 - Cannot read IP mode file for STMicroelectronics.X-CUBE-SFXS2LP1.4.0.0
2025-04-28 19:52:53,699 [WARN] PackLoader:240 - Cannot read IP mode file for STMicroelectronics.X-CUBE-AZRTOS-H7.3.3.0
2025-04-28 19:52:53,715 [WARN] ConditionMgr:438 - getConditionDescription Invalid condition id : UX DEVICE CLASS RTOS Condition cause : null
2025-04-28 19:52:53,715 [WARN] ConditionMgr:438 - getConditionDescription Invalid condition id : UX DEVICE CLASS RTOS Condition cause : null
2025-04-28 19:52:53,718 [WARN] PackLoader:240 - Cannot read IP mode file for STMicroelectronics.X-CUBE-AZRTOS-WB.2.0.0
2025-04-28 19:52:53,718 [WARN] ConditionMgr:1044 - genDependencies : Invalid condition id : UX DEVICE CLASS RTOS Condition cause : null
2025-04-28 19:52:53,719 [WARN] ConditionMgr:1044 - genDependencies : Invalid condition id : UX DEVICE CLASS RTOS Condition cause : null
2025-04-28 19:52:53,719 [WARN] ConditionMgr:1044 - genDependencies : Invalid condition id : UX DEVICE CLASS RTOS Condition cause : null
2025-04-28 19:52:53,720 [WARN] ConditionMgr:1044 - genDependencies : Invalid condition id : UX DEVICE CLASS RTOS Condition cause : null
2025-04-28 19:52:53,720 [WARN] ConditionMgr:1044 - genDependencies : Invalid condition id : UX DEVICE CLASS RTOS Condition cause : null
2025-04-28 19:52:53,726 [WARN] PackLoader:240 - Cannot read IP mode file for STMicroelectronics.X-CUBE-GNSS1.7.0.1
2025-04-28 19:52:53,731 [WARN] PackLoader:240 - Cannot read IP mode file for STMicroelectronics.X-CUBE-TOUCHGFX.4.25.0
2025-04-28 19:52:53,738 [WARN] PackLoader:240 - Cannot read IP mode file for STMicroelectronics.FP-SNS-STBOX1.2.0.0
2025-04-28 19:52:53,797 [WARN] PackLoader:240 - Cannot read IP mode file for STMicroelectronics.X-CUBE-SUBG2.5.0.0
2025-04-28 19:52:53,835 [WARN] PackLoader:240 - Cannot read IP mode file for STMicroelectronics.X-CUBE-AZRTOS-H7RS.1.1.0
2025-04-28 19:52:53,841 [WARN] PackLoader:240 - Cannot read IP mode file for Cesanta.I-CUBE-Mongoose.7.13.0
2025-04-28 19:52:53,859 [WARN] PackLoader:240 - Cannot read IP mode file for STMicroelectronics.X-CUBE-AZRTOS-G4.2.0.0
2025-04-28 19:52:53,868 [WARN] PackLoader:240 - Cannot read IP mode file for wolfSSL.I-CUBE-wolfSSH.1.4.20
2025-04-28 19:52:53,882 [WARN] PackLoader:240 - Cannot read IP mode file for STMicroelectronics.X-CUBE-IPS.3.1.0
2025-04-28 19:52:53,897 [WARN] PackLoader:240 - Cannot read IP mode file for STMicroelectronics.X-CUBE-ALS.1.0.2
2025-04-28 19:52:53,922 [WARN] PackLoader:240 - Cannot read IP mode file for portGmbH.I-Cube-SoM-uGOAL.1.1.0
2025-04-28 19:52:53,934 [WARN] PackLoader:240 - Cannot read IP mode file for STMicroelectronics.X-CUBE-TOF1.3.4.3
2025-04-28 19:52:53,949 [INFO] ThirdParty:978 - Integrity check success = true
2025-04-28 19:52:53,949 [INFO] IntegrityCheckThread:100 - exiting critical section [integrity check]
2025-04-28 19:52:53,949 [INFO] IntegrityCheckThread:103 - End integrity checks thread
2025-04-28 19:52:54,217 [INFO] WebApp:463 - Apply proxy settings
2025-04-28 19:52:54,218 [INFO] WebApp:548 - Chromium requires no authentication
2025-04-28 19:52:54,229 [INFO] WebApp:491 - Direct internet connection detected
2025-04-28 19:52:54,250 [INFO] WebApp:894 - Register for checkConnection events
2025-04-28 19:52:54,250 [INFO] WebApp:463 - Apply proxy settings
2025-04-28 19:52:54,251 [INFO] WebApp:548 - Chromium requires no authentication
2025-04-28 19:52:54,252 [INFO] WebApp:491 - Direct internet connection detected
2025-04-28 19:52:54,391 [INFO] WebApp:225 - Starting web application
2025-04-28 19:52:54,391 [INFO] WebApp:593 - Web application path used C:\ST\STM32CubeIDE_1.18.1\STM32CubeIDE\plugins\com.st.stm32cube.common.mx_6.14.1.202504091515\db\plugins\mcufinder\reactClient1\index.html
2025-04-28 19:52:54,635 [INFO] WebApp:191 - Connection restablished
2025-04-28 20:53:49,502 [ERROR] ConfigurationRetriever:142 - IOException on connection: Connect timed out
2025-04-28 20:53:52,637 [ERROR] ConfigurationRetriever:142 - IOException on connection: Read timed out
2025-04-28 20:53:54,640 [ERROR] ConfigurationRetriever:142 - IOException on connection: Connect timed out
2025-04-28 20:53:56,657 [ERROR] ConfigurationRetriever:142 - IOException on connection: Connect timed out
2025-04-28 20:53:58,658 [ERROR] ConfigurationRetriever:142 - IOException on connection: Connect timed out
2025-04-28 20:54:01,797 [ERROR] ConfigurationRetriever:142 - IOException on connection: Read timed out
2025-04-28 20:54:26,250 [ERROR] ConfigurationRetriever:142 - IOException on connection: Connect timed out
2025-04-28 20:54:28,255 [ERROR] ConfigurationRetriever:142 - IOException on connection: Connect timed out
2025-04-28 20:54:30,393 [ERROR] ConfigurationRetriever:142 - IOException on connection: Read timed out
2025-04-28 20:54:32,408 [ERROR] ConfigurationRetriever:142 - IOException on connection: Connect timed out
2025-04-28 20:54:35,554 [ERROR] ConfigurationRetriever:142 - IOException on connection: Read timed out
2025-04-28 20:54:37,556 [ERROR] ConfigurationRetriever:142 - IOException on connection: Connect timed out
2025-04-28 20:57:48,667 [ERROR] ConfigurationRetriever:142 - IOException on connection: Read timed out
2025-04-28 20:57:51,944 [ERROR] ConfigurationRetriever:142 - IOException on connection: Read timed out
2025-04-28 20:57:54,070 [ERROR] ConfigurationRetriever:142 - IOException on connection: Read timed out
2025-04-28 20:57:56,072 [ERROR] ConfigurationRetriever:142 - IOException on connection: Connect timed out
2025-04-28 21:02:21,990 [ERROR] ConfigurationRetriever:142 - IOException on connection: Read timed out
2025-04-28 21:02:23,993 [ERROR] ConfigurationRetriever:142 - IOException on connection: Connect timed out
2025-04-28 21:02:26,111 [ERROR] ConfigurationRetriever:142 - IOException on connection: Read timed out
2025-04-28 21:02:39,438 [ERROR] ConfigurationRetriever:142 - IOException on connection: Read timed out
2025-04-28 21:02:41,440 [ERROR] ConfigurationRetriever:142 - IOException on connection: Connect timed out
2025-04-28 21:02:43,442 [ERROR] ConfigurationRetriever:142 - IOException on connection: Connect timed out
2025-04-28 22:25:58,934 [ERROR] LogOutputStream:75 - [STDERR_REDIRECT] 
2025-04-28 22:30:41,941 [INFO] Activator:176 - 


2025-04-28 22:30:41,944 [INFO] Activator:177 - !SESSION log4j initialized
2025-04-28 22:30:48,256 [INFO] LogOutputStream:77 - [STDOUT_REDIRECT] 
2025-04-28 22:30:49,844 [INFO] ApplicationProperties:184 - Using Application install path: C:\ST\STM32CubeIDE_1.18.1\STM32CubeIDE\plugins\com.st.stm32cube.common.mx_6.14.1.202504091515
2025-04-28 22:30:49,859 [INFO] DbMcusXml:78 - Set database path to: C:\ST\STM32CubeIDE_1.18.1\STM32CubeIDE\plugins\com.st.stm32cube.common.mx_6.14.1.202504091515\\db\/mcu/
2025-04-28 22:30:49,859 [INFO] ApiDb:274 - Set plugin database path to: C:\ST\STM32CubeIDE_1.18.1\STM32CubeIDE\plugins\com.st.stm32cube.common.mx_6.14.1.202504091515\\db\/plugins/boardmanager/
2025-04-28 22:30:49,860 [WARN] ApiDb:259 - Overriding images path with different value:  => C:\ST\STM32CubeIDE_1.18.1\STM32CubeIDE\plugins\com.st.stm32cube.common.mx_6.14.1.202504091515\\db\/plugins/mcufinder/images/
2025-04-28 22:30:49,865 [INFO] ApiDb:250 - Set database path to: C:\Users\Administrator\.stmcufinder\plugins\mcufinder//mcu/
2025-04-28 22:30:49,867 [INFO] DbMcusAds:125 - Set database path to: C:\Users\Administrator\.stmcufinder\plugins\mcufinder//mcu/
2025-04-28 22:30:50,844 [INFO] CrossReferenceDbSqlite:203 - Set database path to: C:\Users\Administrator\.stmcufinder\plugins\mcufinder//mcu/cs/
2025-04-28 22:30:51,008 [INFO] RulesReader:64 - Compatibility file has been processed (302 Rules)
2025-04-28 22:30:51,077 [INFO] DbMcusXml:78 - Set database path to: C:\ST\STM32CubeIDE_1.18.1\STM32CubeIDE\plugins\com.st.stm32cube.common.mx_6.14.1.202504091515\\db\/mcu/
2025-04-28 22:30:51,077 [INFO] ApiDb:274 - Set plugin database path to: C:\ST\STM32CubeIDE_1.18.1\STM32CubeIDE\plugins\com.st.stm32cube.common.mx_6.14.1.202504091515\\db\/plugins/boardmanager/
2025-04-28 22:30:51,077 [INFO] ApiDb:261 - Set plugin images path to: C:\ST\STM32CubeIDE_1.18.1\STM32CubeIDE\plugins\com.st.stm32cube.common.mx_6.14.1.202504091515\\db\/plugins/mcufinder/images/
2025-04-28 22:30:51,077 [WARN] DbFile:41 - Overriding database path with different value: C:\Users\Administrator\.stmcufinder\plugins\mcufinder/ => C:\Users\Administrator\.stmcufinder\plugins\mcufinder
2025-04-28 22:30:51,077 [INFO] ApiDb:250 - Set database path to: C:\Users\Administrator\.stmcufinder\plugins\mcufinder//mcu/
2025-04-28 22:30:51,077 [WARN] DbFile:41 - Overriding database path with different value: C:\Users\Administrator\.stmcufinder\plugins\mcufinder/ => C:\Users\Administrator\.stmcufinder\plugins\mcufinder
2025-04-28 22:30:51,077 [INFO] DbMcusAds:125 - Set database path to: C:\Users\Administrator\.stmcufinder\plugins\mcufinder//mcu/
2025-04-28 22:30:51,078 [WARN] DbFile:41 - Overriding database path with different value: C:\Users\Administrator\.stmcufinder\plugins\mcufinder/ => C:\Users\Administrator\.stmcufinder\plugins\mcufinder
2025-04-28 22:30:51,078 [WARN] DbFile:41 - Overriding database path with different value: C:\Users\Administrator\.stmcufinder\plugins\mcufinder/ => C:\Users\Administrator\.stmcufinder\plugins\mcufinder
2025-04-28 22:30:51,843 [INFO] CrossReferenceDbSqlite:203 - Set database path to: C:\Users\Administrator\.stmcufinder\plugins\mcufinder//mcu/cs/
2025-04-28 22:30:51,921 [INFO] MainPanel:272 - HeapMemory: 268435456
2025-04-28 22:30:52,023 [INFO] DbMcusXml:78 - Set database path to: C:\ST\STM32CubeIDE_1.18.1\STM32CubeIDE\plugins\com.st.stm32cube.common.mx_6.14.1.202504091515\\db\/mcu/
2025-04-28 22:30:52,023 [INFO] ApiDb:274 - Set plugin database path to: C:\ST\STM32CubeIDE_1.18.1\STM32CubeIDE\plugins\com.st.stm32cube.common.mx_6.14.1.202504091515\\db\/plugins/boardmanager/
2025-04-28 22:30:52,023 [INFO] ApiDb:261 - Set plugin images path to: C:\ST\STM32CubeIDE_1.18.1\STM32CubeIDE\plugins\com.st.stm32cube.common.mx_6.14.1.202504091515\\db\/plugins/mcufinder/images/
2025-04-28 22:30:52,024 [WARN] DbFile:41 - Overriding database path with different value: C:\Users\Administrator\.stmcufinder\plugins\mcufinder/ => C:\Users\Administrator\.stmcufinder\plugins\mcufinder
2025-04-28 22:30:52,024 [INFO] ApiDb:250 - Set database path to: C:\Users\Administrator\.stmcufinder\plugins\mcufinder//mcu/
2025-04-28 22:30:52,024 [WARN] DbFile:41 - Overriding database path with different value: C:\Users\Administrator\.stmcufinder\plugins\mcufinder/ => C:\Users\Administrator\.stmcufinder\plugins\mcufinder
2025-04-28 22:30:52,024 [INFO] DbMcusAds:125 - Set database path to: C:\Users\Administrator\.stmcufinder\plugins\mcufinder//mcu/
2025-04-28 22:30:52,024 [WARN] DbFile:41 - Overriding database path with different value: C:\Users\Administrator\.stmcufinder\plugins\mcufinder/ => C:\Users\Administrator\.stmcufinder\plugins\mcufinder
2025-04-28 22:30:52,024 [WARN] DbFile:41 - Overriding database path with different value: C:\Users\Administrator\.stmcufinder\plugins\mcufinder/ => C:\Users\Administrator\.stmcufinder\plugins\mcufinder
2025-04-28 22:30:52,844 [INFO] CrossReferenceDbSqlite:203 - Set database path to: C:\Users\Administrator\.stmcufinder\plugins\mcufinder//mcu/cs/
2025-04-28 22:30:52,871 [INFO] ApplicationProperties:184 - Using Application install path: C:\ST\STM32CubeIDE_1.18.1\STM32CubeIDE\plugins\com.st.stm32cube.common.mx_6.14.1.202504091515
2025-04-28 22:30:52,873 [INFO] PluginManage:196 - Search for loadable plugins [exclusion list=, ]
2025-04-28 22:30:52,876 [INFO] PluginManage:310 - Check plugin analytics
2025-04-28 22:30:54,010 [INFO] AnalyticsPlugin:253 - Accepted Software Licenses: 
2025-04-28 22:30:54,010 [INFO] AnalyticsPlugin:255 - Accepted CMSIS Pack Licenses: 
2025-04-28 22:30:54,011 [INFO] AnalyticsPlugin:257 - Accepted Firmware Licenses: 
2025-04-28 22:30:54,015 [INFO] PluginManage:359 - Loaded plugin analytics (category:tool,tabindex:-1)
2025-04-28 22:30:54,015 [INFO] PluginManage:310 - Check plugin cadmodel
2025-04-28 22:30:54,018 [INFO] CADModel:105 - Init CAD model plugin
2025-04-28 22:30:54,019 [INFO] PluginManage:359 - Loaded plugin cadmodel (category:power,tabindex:5)
2025-04-28 22:30:54,019 [INFO] PluginManage:310 - Check plugin clock
2025-04-28 22:30:54,026 [INFO] PluginManage:359 - Loaded plugin clock (category:base,tabindex:2)
2025-04-28 22:30:54,026 [INFO] PluginManage:310 - Check plugin ddr
2025-04-28 22:30:54,028 [INFO] PluginManage:359 - Loaded plugin ddr (category:tool,tabindex:6)
2025-04-28 22:30:54,028 [INFO] PluginManage:310 - Check plugin filemanager
2025-04-28 22:30:54,153 [INFO] PluginManage:359 - Loaded plugin filemanager (category:base,tabindex:10)
2025-04-28 22:30:54,153 [INFO] PluginManage:310 - Check plugin ipmanager
2025-04-28 22:30:54,159 [INFO] PluginManage:359 - Loaded plugin ipmanager (category:base,tabindex:5)
2025-04-28 22:30:54,159 [INFO] PluginManage:310 - Check plugin lpbam
2025-04-28 22:30:54,166 [INFO] PluginManage:359 - Loaded plugin lpbam (category:base,tabindex:0)
2025-04-28 22:30:54,166 [INFO] PluginManage:310 - Check plugin memorymap
2025-04-28 22:30:54,196 [INFO] PluginManage:359 - Loaded plugin memorymap (category:base,tabindex:4)
2025-04-28 22:30:54,196 [INFO] PluginManage:310 - Check plugin pinoutandconfiguration
2025-04-28 22:30:54,214 [INFO] PluginManage:359 - Loaded plugin pinoutandconfiguration (category:base,tabindex:1)
2025-04-28 22:30:54,214 [INFO] PluginManage:310 - Check plugin pinoutconfig
2025-04-28 22:30:54,372 [WARN] SupportedApi:132 - Cannot load RTOS API schema: s4s-elt-must-match.1: The content of 'definitions' must match (annotation?, (simpleType | complexType)?, (unique | key | keyref)*)). A problem was found starting at: attribute.
2025-04-28 22:30:54,552 [INFO] PluginManage:359 - Loaded plugin pinoutconfig (category:base,tabindex:0)
2025-04-28 22:30:54,553 [INFO] PluginManage:310 - Check plugin power
2025-04-28 22:30:54,562 [INFO] PluginManage:359 - Loaded plugin power (category:power,tabindex:4)
2025-04-28 22:30:54,563 [INFO] PluginManage:310 - Check plugin projectmanager
2025-04-28 22:30:54,582 [INFO] PluginManage:359 - Loaded plugin projectmanager (category:projectmanager,tabindex:4)
2025-04-28 22:30:54,582 [INFO] PluginManage:310 - Check plugin rif
2025-04-28 22:30:54,590 [INFO] PluginManage:359 - Loaded plugin rif (category:base,tabindex:3)
2025-04-28 22:30:54,590 [INFO] PluginManage:310 - Check plugin thirdparty
2025-04-28 22:30:54,817 [INFO] PluginManage:359 - Loaded plugin thirdparty (category:base,tabindex:-1)
2025-04-28 22:30:54,818 [INFO] PluginManage:310 - Check plugin tools
2025-04-28 22:30:54,821 [WARN] IntegrityCheckThread:84 - waiting for thirdparty lock release [integrity check]
2025-04-28 22:30:54,822 [INFO] IntegrityCheckThread:86 - entering critical section [integrity check]
2025-04-28 22:30:54,822 [INFO] PluginManage:359 - Loaded plugin tools (category:base,tabindex:7)
2025-04-28 22:30:54,823 [INFO] PluginManage:310 - Check plugin tutovideos
2025-04-28 22:30:54,827 [INFO] ThirdPartyUpdaterWithRetryManager:70 - Updater plugin not ready yet. [1/15]
2025-04-28 22:30:55,071 [INFO] PluginManage:359 - Loaded plugin tutovideos (category:base,tabindex:-1)
2025-04-28 22:30:55,071 [INFO] PluginManage:310 - Check plugin updater
2025-04-28 22:30:55,162 [INFO] PluginManage:359 - Loaded plugin updater (category:base,tabindex:12)
2025-04-28 22:30:55,163 [INFO] PluginManage:310 - Check plugin userauth
2025-04-28 22:30:55,180 [INFO] UserAuth:118 - Init User Auth plugin
2025-04-28 22:30:55,185 [INFO] PluginManage:359 - Loaded plugin userauth (category:base,tabindex:14)
2025-04-28 22:30:55,187 [INFO] PluginManage:283 - PluginManage : Loaded plugins [18]
2025-04-28 22:30:55,961 [INFO] PinOutPanel:1589 - setPackage(No Configuration,No Configuration)
2025-04-28 22:30:56,412 [INFO] CADModel:165 - CPN selected for project level
2025-04-28 22:30:56,413 [INFO] CADModel:114 - Register for checkConnection events
2025-04-28 22:30:56,434 [INFO] IPUIPlugin:80 - create IPUIPlugin
2025-04-28 22:30:56,434 [INFO] PluginManager:220 - loadIPPluginJar : add adc
2025-04-28 22:30:56,440 [INFO] IPUIPlugin:80 - create IPUIPlugin
2025-04-28 22:30:56,440 [INFO] PluginManager:220 - loadIPPluginJar : add aes
2025-04-28 22:30:56,444 [INFO] IPUIPlugin:80 - create IPUIPlugin
2025-04-28 22:30:56,446 [INFO] PluginManager:220 - loadIPPluginJar : add can
2025-04-28 22:30:56,448 [INFO] IPUIPlugin:80 - create IPUIPlugin
2025-04-28 22:30:56,448 [INFO] PluginManager:220 - loadIPPluginJar : add comp
2025-04-28 22:30:56,454 [INFO] IPUIPlugin:80 - create IPUIPlugin
2025-04-28 22:30:56,454 [INFO] PluginManager:220 - loadIPPluginJar : add cryp
2025-04-28 22:30:56,458 [INFO] IPUIPlugin:80 - create IPUIPlugin
2025-04-28 22:30:56,463 [INFO] PluginManager:220 - loadIPPluginJar : add ddr_ctrl_phy
2025-04-28 22:30:56,471 [INFO] IPUIPlugin:80 - create IPUIPlugin
2025-04-28 22:30:56,473 [INFO] PluginManager:220 - loadIPPluginJar : add dfsdm
2025-04-28 22:30:56,484 [INFO] IPUIPlugin:80 - create IPUIPlugin
2025-04-28 22:30:56,486 [INFO] PluginManager:220 - loadIPPluginJar : add dma
2025-04-28 22:30:56,491 [INFO] IPUIPlugin:80 - create IPUIPlugin
2025-04-28 22:30:56,492 [INFO] PluginManager:220 - loadIPPluginJar : add dma3
2025-04-28 22:30:56,497 [INFO] IPUIPlugin:80 - create IPUIPlugin
2025-04-28 22:30:56,498 [INFO] PluginManager:220 - loadIPPluginJar : add extmemmanager
2025-04-28 22:30:56,501 [INFO] IPUIPlugin:80 - create IPUIPlugin
2025-04-28 22:30:56,502 [INFO] PluginManager:220 - loadIPPluginJar : add fatfs
2025-04-28 22:30:56,509 [INFO] IPUIPlugin:80 - create IPUIPlugin
2025-04-28 22:30:56,509 [INFO] PluginManager:220 - loadIPPluginJar : add fmc
2025-04-28 22:30:56,527 [INFO] IPUIPlugin:80 - create IPUIPlugin
2025-04-28 22:30:56,527 [INFO] PluginManager:220 - loadIPPluginJar : add freertos
2025-04-28 22:30:56,530 [INFO] IPUIPlugin:80 - create IPUIPlugin
2025-04-28 22:30:56,530 [INFO] PluginManager:220 - loadIPPluginJar : add genericplugin
2025-04-28 22:30:56,533 [INFO] IPUIPlugin:80 - create IPUIPlugin
2025-04-28 22:30:56,533 [INFO] PluginManager:220 - loadIPPluginJar : add gfxmmu
2025-04-28 22:30:56,540 [INFO] IPUIPlugin:80 - create IPUIPlugin
2025-04-28 22:30:56,540 [INFO] PluginManager:220 - loadIPPluginJar : add gic
2025-04-28 22:30:56,545 [INFO] IPUIPlugin:80 - create IPUIPlugin
2025-04-28 22:30:56,545 [INFO] PluginManager:220 - loadIPPluginJar : add gpio
2025-04-28 22:30:56,550 [INFO] IPUIPlugin:80 - create IPUIPlugin
2025-04-28 22:30:56,550 [INFO] PluginManager:220 - loadIPPluginJar : add gtzc
2025-04-28 22:30:56,555 [INFO] IPUIPlugin:80 - create IPUIPlugin
2025-04-28 22:30:56,555 [INFO] PluginManager:220 - loadIPPluginJar : add hash
2025-04-28 22:30:56,565 [INFO] IPUIPlugin:80 - create IPUIPlugin
2025-04-28 22:30:56,565 [INFO] PluginManager:220 - loadIPPluginJar : add i2c
2025-04-28 22:30:56,569 [INFO] IPUIPlugin:80 - create IPUIPlugin
2025-04-28 22:30:56,569 [INFO] PluginManager:220 - loadIPPluginJar : add i2s
2025-04-28 22:30:56,573 [INFO] IPUIPlugin:80 - create IPUIPlugin
2025-04-28 22:30:56,573 [INFO] PluginManager:220 - loadIPPluginJar : add i3c
2025-04-28 22:30:56,578 [INFO] IPUIPlugin:80 - create IPUIPlugin
2025-04-28 22:30:56,578 [INFO] PluginManager:220 - loadIPPluginJar : add ipddr
2025-04-28 22:30:56,587 [INFO] IPUIPlugin:80 - create IPUIPlugin
2025-04-28 22:30:56,588 [INFO] PluginManager:220 - loadIPPluginJar : add linkedlist
2025-04-28 22:30:56,592 [INFO] IPUIPlugin:80 - create IPUIPlugin
2025-04-28 22:30:56,592 [INFO] PluginManager:220 - loadIPPluginJar : add lorawan
2025-04-28 22:30:56,594 [INFO] IPUIPlugin:80 - create IPUIPlugin
2025-04-28 22:30:56,594 [INFO] PluginManager:220 - loadIPPluginJar : add ltdc
2025-04-28 22:30:56,612 [INFO] IPUIPlugin:80 - create IPUIPlugin
2025-04-28 22:30:56,612 [INFO] PluginManager:220 - loadIPPluginJar : add mdma
2025-04-28 22:30:56,617 [INFO] IPUIPlugin:80 - create IPUIPlugin
2025-04-28 22:30:56,618 [INFO] PluginManager:220 - loadIPPluginJar : add nvic
2025-04-28 22:30:56,622 [INFO] IPUIPlugin:80 - create IPUIPlugin
2025-04-28 22:30:56,622 [INFO] PluginManager:220 - loadIPPluginJar : add opamp
2025-04-28 22:30:56,628 [INFO] IPUIPlugin:80 - create IPUIPlugin
2025-04-28 22:30:56,630 [INFO] PluginManager:220 - loadIPPluginJar : add openamp
2025-04-28 22:30:56,635 [INFO] IPUIPlugin:80 - create IPUIPlugin
2025-04-28 22:30:56,635 [INFO] PluginManager:220 - loadIPPluginJar : add pdm2pcm
2025-04-28 22:30:56,644 [INFO] IPUIPlugin:80 - create IPUIPlugin
2025-04-28 22:30:56,647 [INFO] PluginManager:220 - loadIPPluginJar : add plateformsettings
2025-04-28 22:30:56,650 [INFO] IPUIPlugin:80 - create IPUIPlugin
2025-04-28 22:30:56,650 [INFO] PluginManager:220 - loadIPPluginJar : add quadspi
2025-04-28 22:30:56,652 [INFO] IPUIPlugin:80 - create IPUIPlugin
2025-04-28 22:30:56,654 [INFO] PluginManager:220 - loadIPPluginJar : add radio
2025-04-28 22:30:56,658 [INFO] IPUIPlugin:80 - create IPUIPlugin
2025-04-28 22:30:56,658 [INFO] PluginManager:220 - loadIPPluginJar : add resmgrutility
2025-04-28 22:30:56,662 [INFO] IPUIPlugin:80 - create IPUIPlugin
2025-04-28 22:30:56,662 [INFO] PluginManager:220 - loadIPPluginJar : add sai
2025-04-28 22:30:56,665 [INFO] IPUIPlugin:80 - create IPUIPlugin
2025-04-28 22:30:56,665 [INFO] PluginManager:220 - loadIPPluginJar : add spi
2025-04-28 22:30:56,673 [INFO] IPUIPlugin:80 - create IPUIPlugin
2025-04-28 22:30:56,673 [INFO] PluginManager:220 - loadIPPluginJar : add stm32_wpan
2025-04-28 22:30:56,676 [INFO] IPUIPlugin:80 - create IPUIPlugin
2025-04-28 22:30:56,676 [INFO] PluginManager:220 - loadIPPluginJar : add tim
2025-04-28 22:30:56,680 [INFO] IPUIPlugin:80 - create IPUIPlugin
2025-04-28 22:30:56,680 [INFO] PluginManager:220 - loadIPPluginJar : add touchsensing
2025-04-28 22:30:56,683 [INFO] IPUIPlugin:80 - create IPUIPlugin
2025-04-28 22:30:56,683 [INFO] PluginManager:220 - loadIPPluginJar : add tracer_emb
2025-04-28 22:30:56,686 [INFO] IPUIPlugin:80 - create IPUIPlugin
2025-04-28 22:30:56,686 [INFO] PluginManager:220 - loadIPPluginJar : add ts
2025-04-28 22:30:56,688 [INFO] IPUIPlugin:80 - create IPUIPlugin
2025-04-28 22:30:56,688 [INFO] PluginManager:220 - loadIPPluginJar : add tsc
2025-04-28 22:30:56,691 [INFO] IPUIPlugin:80 - create IPUIPlugin
2025-04-28 22:30:56,691 [INFO] PluginManager:220 - loadIPPluginJar : add ucpd
2025-04-28 22:30:56,694 [INFO] IPUIPlugin:80 - create IPUIPlugin
2025-04-28 22:30:56,695 [INFO] PluginManager:220 - loadIPPluginJar : add usart
2025-04-28 22:30:56,698 [INFO] IPUIPlugin:80 - create IPUIPlugin
2025-04-28 22:30:56,699 [INFO] PluginManager:220 - loadIPPluginJar : add usbx
2025-04-28 22:30:56,850 [FATAL] Updater:351 - Updater called before beeing initialized
2025-04-28 22:30:56,884 [INFO] RulesReader:64 - Compatibility file has been processed (302 Rules)
2025-04-28 22:30:56,899 [INFO] RulesReader:64 - Compatibility file has been processed (302 Rules)
2025-04-28 22:30:56,913 [INFO] CADModel:165 - CPN selected for project level
2025-04-28 22:30:56,913 [INFO] CADModel:114 - Register for checkConnection events
2025-04-28 22:30:56,913 [FATAL] Updater:351 - Updater called before beeing initialized
2025-04-28 22:30:56,914 [ERROR] CADModel:125 - Updater not yet initialized, retry later 
2025-04-28 22:30:57,061 [FATAL] Updater:351 - Updater called before beeing initialized
2025-04-28 22:30:57,063 [INFO] CADModel:165 - CPN selected for project level
2025-04-28 22:30:57,063 [INFO] CADModel:114 - Register for checkConnection events
2025-04-28 22:30:57,063 [FATAL] Updater:351 - Updater called before beeing initialized
2025-04-28 22:30:57,063 [ERROR] CADModel:125 - Updater not yet initialized, retry later 
2025-04-28 22:30:57,067 [FATAL] Updater:351 - Updater called before beeing initialized
2025-04-28 22:30:57,201 [FATAL] Updater:351 - Updater called before beeing initialized
2025-04-28 22:30:57,206 [INFO] DbMcusAds:53 - JSON generation date=Thu Sep 30 13:55:09 ICT 2021 (1632984909247)
2025-04-28 22:30:57,206 [FATAL] Updater:351 - Updater called before beeing initialized
2025-04-28 22:30:57,250 [WARN] DetailPanel:346 - Failed to get advertising image, set to default
2025-04-28 22:30:57,617 [FATAL] Updater:351 - Updater called before beeing initialized
2025-04-28 22:30:57,619 [FATAL] Updater:351 - Updater called before beeing initialized
2025-04-28 22:30:57,619 [FATAL] Updater:351 - Updater called before beeing initialized
2025-04-28 22:30:57,619 [WARN] DetailPanel:346 - Failed to get advertising image, set to default
2025-04-28 22:30:57,621 [FATAL] Updater:351 - Updater called before beeing initialized
2025-04-28 22:30:57,829 [INFO] ThirdPartyUpdaterWithRetryManager:70 - Updater plugin not ready yet. [2/15]
2025-04-28 22:31:00,830 [FATAL] Updater:351 - Updater called before beeing initialized
2025-04-28 22:31:00,830 [ERROR] IntegrityCheckThread:130 - Cannot retrieve database content from updater: error 21
2025-04-28 22:31:00,830 [INFO] ThirdParty:978 - Integrity check success = false
2025-04-28 22:31:00,830 [INFO] IntegrityCheckThread:100 - exiting critical section [integrity check]
2025-04-28 22:31:00,830 [INFO] IntegrityCheckThread:103 - End integrity checks thread
