2025-07-05 14:02:25,769 [INFO] Activator:176 - 


2025-07-05 14:02:25,781 [INFO] Activator:177 - !SESSION log4j initialized
2025-07-05 14:02:36,029 [INFO] LogOutputStream:77 - [STDOUT_REDIRECT] 
2025-07-05 14:02:36,930 [INFO] ApplicationProperties:184 - Using Application install path: C:\ST\STM32CubeIDE_1.18.1\STM32CubeIDE\plugins\com.st.stm32cube.common.mx_6.14.1.202504091515
2025-07-05 14:02:36,949 [INFO] DbMcusXml:78 - Set database path to: C:\ST\STM32CubeIDE_1.18.1\STM32CubeIDE\plugins\com.st.stm32cube.common.mx_6.14.1.202504091515\\db\/mcu/
2025-07-05 14:02:36,950 [INFO] ApiDb:274 - Set plugin database path to: C:\ST\STM32CubeIDE_1.18.1\STM32CubeIDE\plugins\com.st.stm32cube.common.mx_6.14.1.202504091515\\db\/plugins/boardmanager/
2025-07-05 14:02:36,950 [WARN] ApiDb:259 - Overriding images path with different value:  => C:\ST\STM32CubeIDE_1.18.1\STM32CubeIDE\plugins\com.st.stm32cube.common.mx_6.14.1.202504091515\\db\/plugins/mcufinder/images/
2025-07-05 14:02:36,960 [INFO] ApiDb:250 - Set database path to: C:\Users\Administrator\.stmcufinder\plugins\mcufinder//mcu/
2025-07-05 14:02:36,962 [INFO] DbMcusAds:125 - Set database path to: C:\Users\Administrator\.stmcufinder\plugins\mcufinder//mcu/
2025-07-05 14:02:36,964 [INFO] CrossReferenceDbSqlite:203 - Set database path to: C:\Users\Administrator\.stmcufinder\plugins\mcufinder//mcu/cs/
2025-07-05 14:02:37,146 [INFO] RulesReader:64 - Compatibility file has been processed (302 Rules)
2025-07-05 14:02:37,237 [INFO] DbMcusXml:78 - Set database path to: C:\ST\STM32CubeIDE_1.18.1\STM32CubeIDE\plugins\com.st.stm32cube.common.mx_6.14.1.202504091515\\db\/mcu/
2025-07-05 14:02:37,238 [INFO] ApiDb:274 - Set plugin database path to: C:\ST\STM32CubeIDE_1.18.1\STM32CubeIDE\plugins\com.st.stm32cube.common.mx_6.14.1.202504091515\\db\/plugins/boardmanager/
2025-07-05 14:02:37,238 [INFO] ApiDb:261 - Set plugin images path to: C:\ST\STM32CubeIDE_1.18.1\STM32CubeIDE\plugins\com.st.stm32cube.common.mx_6.14.1.202504091515\\db\/plugins/mcufinder/images/
2025-07-05 14:02:37,238 [WARN] DbFile:41 - Overriding database path with different value: C:\Users\Administrator\.stmcufinder\plugins\mcufinder/ => C:\Users\Administrator\.stmcufinder\plugins\mcufinder
2025-07-05 14:02:37,238 [INFO] ApiDb:250 - Set database path to: C:\Users\Administrator\.stmcufinder\plugins\mcufinder//mcu/
2025-07-05 14:02:37,238 [WARN] DbFile:41 - Overriding database path with different value: C:\Users\Administrator\.stmcufinder\plugins\mcufinder/ => C:\Users\Administrator\.stmcufinder\plugins\mcufinder
2025-07-05 14:02:37,238 [INFO] DbMcusAds:125 - Set database path to: C:\Users\Administrator\.stmcufinder\plugins\mcufinder//mcu/
2025-07-05 14:02:37,238 [WARN] DbFile:41 - Overriding database path with different value: C:\Users\Administrator\.stmcufinder\plugins\mcufinder/ => C:\Users\Administrator\.stmcufinder\plugins\mcufinder
2025-07-05 14:02:37,238 [WARN] DbFile:41 - Overriding database path with different value: C:\Users\Administrator\.stmcufinder\plugins\mcufinder/ => C:\Users\Administrator\.stmcufinder\plugins\mcufinder
2025-07-05 14:02:37,238 [INFO] CrossReferenceDbSqlite:203 - Set database path to: C:\Users\Administrator\.stmcufinder\plugins\mcufinder//mcu/cs/
2025-07-05 14:02:37,335 [INFO] MainPanel:272 - HeapMemory: 268435456
2025-07-05 14:02:37,451 [INFO] DbMcusXml:78 - Set database path to: C:\ST\STM32CubeIDE_1.18.1\STM32CubeIDE\plugins\com.st.stm32cube.common.mx_6.14.1.202504091515\\db\/mcu/
2025-07-05 14:02:37,451 [INFO] ApiDb:274 - Set plugin database path to: C:\ST\STM32CubeIDE_1.18.1\STM32CubeIDE\plugins\com.st.stm32cube.common.mx_6.14.1.202504091515\\db\/plugins/boardmanager/
2025-07-05 14:02:37,451 [INFO] ApiDb:261 - Set plugin images path to: C:\ST\STM32CubeIDE_1.18.1\STM32CubeIDE\plugins\com.st.stm32cube.common.mx_6.14.1.202504091515\\db\/plugins/mcufinder/images/
2025-07-05 14:02:37,451 [WARN] DbFile:41 - Overriding database path with different value: C:\Users\Administrator\.stmcufinder\plugins\mcufinder/ => C:\Users\Administrator\.stmcufinder\plugins\mcufinder
2025-07-05 14:02:37,451 [INFO] ApiDb:250 - Set database path to: C:\Users\Administrator\.stmcufinder\plugins\mcufinder//mcu/
2025-07-05 14:02:37,451 [WARN] DbFile:41 - Overriding database path with different value: C:\Users\Administrator\.stmcufinder\plugins\mcufinder/ => C:\Users\Administrator\.stmcufinder\plugins\mcufinder
2025-07-05 14:02:37,451 [INFO] DbMcusAds:125 - Set database path to: C:\Users\Administrator\.stmcufinder\plugins\mcufinder//mcu/
2025-07-05 14:02:37,452 [WARN] DbFile:41 - Overriding database path with different value: C:\Users\Administrator\.stmcufinder\plugins\mcufinder/ => C:\Users\Administrator\.stmcufinder\plugins\mcufinder
2025-07-05 14:02:37,452 [WARN] DbFile:41 - Overriding database path with different value: C:\Users\Administrator\.stmcufinder\plugins\mcufinder/ => C:\Users\Administrator\.stmcufinder\plugins\mcufinder
2025-07-05 14:02:37,452 [INFO] CrossReferenceDbSqlite:203 - Set database path to: C:\Users\Administrator\.stmcufinder\plugins\mcufinder//mcu/cs/
2025-07-05 14:02:37,476 [INFO] ApplicationProperties:184 - Using Application install path: C:\ST\STM32CubeIDE_1.18.1\STM32CubeIDE\plugins\com.st.stm32cube.common.mx_6.14.1.202504091515
2025-07-05 14:02:37,477 [INFO] PluginManage:196 - Search for loadable plugins [exclusion list=, ]
2025-07-05 14:02:37,479 [INFO] PluginManage:310 - Check plugin analytics
2025-07-05 14:02:37,684 [INFO] AnalyticsPlugin:253 - Accepted Software Licenses: STM32CubeMX.6.14.1
2025-07-05 14:02:37,685 [INFO] AnalyticsPlugin:255 - Accepted CMSIS Pack Licenses: 
2025-07-05 14:02:37,685 [INFO] AnalyticsPlugin:257 - Accepted Firmware Licenses: FW.F4.1.28.0
2025-07-05 14:02:37,689 [INFO] PluginManage:359 - Loaded plugin analytics (category:tool,tabindex:-1)
2025-07-05 14:02:37,690 [INFO] PluginManage:310 - Check plugin cadmodel
2025-07-05 14:02:37,707 [INFO] CADModel:105 - Init CAD model plugin
2025-07-05 14:02:37,707 [INFO] PluginManage:359 - Loaded plugin cadmodel (category:power,tabindex:5)
2025-07-05 14:02:37,707 [INFO] PluginManage:310 - Check plugin clock
2025-07-05 14:02:37,718 [INFO] PluginManage:359 - Loaded plugin clock (category:base,tabindex:2)
2025-07-05 14:02:37,718 [INFO] PluginManage:310 - Check plugin ddr
2025-07-05 14:02:37,720 [INFO] PluginManage:359 - Loaded plugin ddr (category:tool,tabindex:6)
2025-07-05 14:02:37,721 [INFO] PluginManage:310 - Check plugin filemanager
2025-07-05 14:02:37,907 [INFO] PluginManage:359 - Loaded plugin filemanager (category:base,tabindex:10)
2025-07-05 14:02:37,907 [INFO] PluginManage:310 - Check plugin ipmanager
2025-07-05 14:02:37,916 [INFO] PluginManage:359 - Loaded plugin ipmanager (category:base,tabindex:5)
2025-07-05 14:02:37,916 [INFO] PluginManage:310 - Check plugin lpbam
2025-07-05 14:02:37,924 [INFO] PluginManage:359 - Loaded plugin lpbam (category:base,tabindex:0)
2025-07-05 14:02:37,924 [INFO] PluginManage:310 - Check plugin memorymap
2025-07-05 14:02:37,938 [INFO] PluginManage:359 - Loaded plugin memorymap (category:base,tabindex:4)
2025-07-05 14:02:37,938 [INFO] PluginManage:310 - Check plugin pinoutandconfiguration
2025-07-05 14:02:37,948 [INFO] PluginManage:359 - Loaded plugin pinoutandconfiguration (category:base,tabindex:1)
2025-07-05 14:02:37,948 [INFO] PluginManage:310 - Check plugin pinoutconfig
2025-07-05 14:02:38,047 [WARN] SupportedApi:132 - Cannot load RTOS API schema: s4s-elt-must-match.1: The content of 'definitions' must match (annotation?, (simpleType | complexType)?, (unique | key | keyref)*)). A problem was found starting at: attribute.
2025-07-05 14:02:38,195 [INFO] PluginManage:359 - Loaded plugin pinoutconfig (category:base,tabindex:0)
2025-07-05 14:02:38,195 [INFO] PluginManage:310 - Check plugin power
2025-07-05 14:02:38,210 [INFO] PluginManage:359 - Loaded plugin power (category:power,tabindex:4)
2025-07-05 14:02:38,210 [INFO] PluginManage:310 - Check plugin projectmanager
2025-07-05 14:02:38,229 [INFO] PluginManage:359 - Loaded plugin projectmanager (category:projectmanager,tabindex:4)
2025-07-05 14:02:38,229 [INFO] PluginManage:310 - Check plugin rif
2025-07-05 14:02:38,239 [INFO] PluginManage:359 - Loaded plugin rif (category:base,tabindex:3)
2025-07-05 14:02:38,239 [INFO] PluginManage:310 - Check plugin thirdparty
2025-07-05 14:02:38,427 [INFO] PluginManage:359 - Loaded plugin thirdparty (category:base,tabindex:-1)
2025-07-05 14:02:38,427 [INFO] PluginManage:310 - Check plugin tools
2025-07-05 14:02:38,427 [WARN] IntegrityCheckThread:84 - waiting for thirdparty lock release [integrity check]
2025-07-05 14:02:38,428 [INFO] IntegrityCheckThread:86 - entering critical section [integrity check]
2025-07-05 14:02:38,428 [INFO] ThirdPartyUpdaterWithRetryManager:70 - Updater plugin not ready yet. [1/15]
2025-07-05 14:02:38,431 [INFO] PluginManage:359 - Loaded plugin tools (category:base,tabindex:7)
2025-07-05 14:02:38,431 [INFO] PluginManage:310 - Check plugin tutovideos
2025-07-05 14:02:38,617 [INFO] PluginManage:359 - Loaded plugin tutovideos (category:base,tabindex:-1)
2025-07-05 14:02:38,618 [INFO] PluginManage:310 - Check plugin updater
2025-07-05 14:02:38,648 [INFO] PluginManage:359 - Loaded plugin updater (category:base,tabindex:12)
2025-07-05 14:02:38,648 [INFO] PluginManage:310 - Check plugin userauth
2025-07-05 14:02:38,654 [INFO] UserAuth:118 - Init User Auth plugin
2025-07-05 14:02:38,655 [INFO] PluginManage:359 - Loaded plugin userauth (category:base,tabindex:14)
2025-07-05 14:02:38,656 [INFO] PluginManage:283 - PluginManage : Loaded plugins [18]
2025-07-05 14:02:38,955 [INFO] PinOutPanel:1589 - setPackage(No Configuration,No Configuration)
2025-07-05 14:02:39,046 [INFO] CADModel:165 - CPN selected for project level
2025-07-05 14:02:39,046 [INFO] CADModel:114 - Register for checkConnection events
2025-07-05 14:02:39,068 [INFO] IPUIPlugin:80 - create IPUIPlugin
2025-07-05 14:02:39,068 [INFO] PluginManager:220 - loadIPPluginJar : add adc
2025-07-05 14:02:39,086 [INFO] IPUIPlugin:80 - create IPUIPlugin
2025-07-05 14:02:39,087 [INFO] PluginManager:220 - loadIPPluginJar : add aes
2025-07-05 14:02:39,091 [INFO] IPUIPlugin:80 - create IPUIPlugin
2025-07-05 14:02:39,091 [INFO] PluginManager:220 - loadIPPluginJar : add can
2025-07-05 14:02:39,094 [INFO] IPUIPlugin:80 - create IPUIPlugin
2025-07-05 14:02:39,094 [INFO] PluginManager:220 - loadIPPluginJar : add comp
2025-07-05 14:02:39,098 [INFO] IPUIPlugin:80 - create IPUIPlugin
2025-07-05 14:02:39,098 [INFO] PluginManager:220 - loadIPPluginJar : add cryp
2025-07-05 14:02:39,102 [INFO] IPUIPlugin:80 - create IPUIPlugin
2025-07-05 14:02:39,102 [INFO] PluginManager:220 - loadIPPluginJar : add ddr_ctrl_phy
2025-07-05 14:02:39,106 [INFO] IPUIPlugin:80 - create IPUIPlugin
2025-07-05 14:02:39,106 [INFO] PluginManager:220 - loadIPPluginJar : add dfsdm
2025-07-05 14:02:39,114 [INFO] IPUIPlugin:80 - create IPUIPlugin
2025-07-05 14:02:39,114 [INFO] PluginManager:220 - loadIPPluginJar : add dma
2025-07-05 14:02:39,144 [INFO] IPUIPlugin:80 - create IPUIPlugin
2025-07-05 14:02:39,144 [INFO] PluginManager:220 - loadIPPluginJar : add dma3
2025-07-05 14:02:39,148 [INFO] IPUIPlugin:80 - create IPUIPlugin
2025-07-05 14:02:39,148 [INFO] PluginManager:220 - loadIPPluginJar : add extmemmanager
2025-07-05 14:02:39,151 [INFO] IPUIPlugin:80 - create IPUIPlugin
2025-07-05 14:02:39,151 [INFO] PluginManager:220 - loadIPPluginJar : add fatfs
2025-07-05 14:02:39,156 [INFO] IPUIPlugin:80 - create IPUIPlugin
2025-07-05 14:02:39,156 [INFO] PluginManager:220 - loadIPPluginJar : add fmc
2025-07-05 14:02:39,164 [INFO] IPUIPlugin:80 - create IPUIPlugin
2025-07-05 14:02:39,165 [INFO] PluginManager:220 - loadIPPluginJar : add freertos
2025-07-05 14:02:39,170 [INFO] IPUIPlugin:80 - create IPUIPlugin
2025-07-05 14:02:39,170 [INFO] PluginManager:220 - loadIPPluginJar : add genericplugin
2025-07-05 14:02:39,172 [INFO] IPUIPlugin:80 - create IPUIPlugin
2025-07-05 14:02:39,172 [INFO] PluginManager:220 - loadIPPluginJar : add gfxmmu
2025-07-05 14:02:39,178 [INFO] IPUIPlugin:80 - create IPUIPlugin
2025-07-05 14:02:39,178 [INFO] PluginManager:220 - loadIPPluginJar : add gic
2025-07-05 14:02:39,183 [INFO] IPUIPlugin:80 - create IPUIPlugin
2025-07-05 14:02:39,183 [INFO] PluginManager:220 - loadIPPluginJar : add gpio
2025-07-05 14:02:39,186 [INFO] IPUIPlugin:80 - create IPUIPlugin
2025-07-05 14:02:39,186 [INFO] PluginManager:220 - loadIPPluginJar : add gtzc
2025-07-05 14:02:39,189 [INFO] IPUIPlugin:80 - create IPUIPlugin
2025-07-05 14:02:39,190 [INFO] PluginManager:220 - loadIPPluginJar : add hash
2025-07-05 14:02:39,193 [INFO] IPUIPlugin:80 - create IPUIPlugin
2025-07-05 14:02:39,193 [INFO] PluginManager:220 - loadIPPluginJar : add i2c
2025-07-05 14:02:39,196 [INFO] IPUIPlugin:80 - create IPUIPlugin
2025-07-05 14:02:39,196 [INFO] PluginManager:220 - loadIPPluginJar : add i2s
2025-07-05 14:02:39,199 [INFO] IPUIPlugin:80 - create IPUIPlugin
2025-07-05 14:02:39,199 [INFO] PluginManager:220 - loadIPPluginJar : add i3c
2025-07-05 14:02:39,204 [INFO] IPUIPlugin:80 - create IPUIPlugin
2025-07-05 14:02:39,204 [INFO] PluginManager:220 - loadIPPluginJar : add ipddr
2025-07-05 14:02:39,211 [INFO] IPUIPlugin:80 - create IPUIPlugin
2025-07-05 14:02:39,212 [INFO] PluginManager:220 - loadIPPluginJar : add linkedlist
2025-07-05 14:02:39,215 [INFO] IPUIPlugin:80 - create IPUIPlugin
2025-07-05 14:02:39,215 [INFO] PluginManager:220 - loadIPPluginJar : add lorawan
2025-07-05 14:02:39,217 [INFO] IPUIPlugin:80 - create IPUIPlugin
2025-07-05 14:02:39,217 [INFO] PluginManager:220 - loadIPPluginJar : add ltdc
2025-07-05 14:02:39,223 [INFO] IPUIPlugin:80 - create IPUIPlugin
2025-07-05 14:02:39,223 [INFO] PluginManager:220 - loadIPPluginJar : add mdma
2025-07-05 14:02:39,227 [INFO] IPUIPlugin:80 - create IPUIPlugin
2025-07-05 14:02:39,228 [INFO] PluginManager:220 - loadIPPluginJar : add nvic
2025-07-05 14:02:39,231 [INFO] IPUIPlugin:80 - create IPUIPlugin
2025-07-05 14:02:39,231 [INFO] PluginManager:220 - loadIPPluginJar : add opamp
2025-07-05 14:02:39,235 [INFO] IPUIPlugin:80 - create IPUIPlugin
2025-07-05 14:02:39,235 [INFO] PluginManager:220 - loadIPPluginJar : add openamp
2025-07-05 14:02:39,238 [INFO] IPUIPlugin:80 - create IPUIPlugin
2025-07-05 14:02:39,238 [INFO] PluginManager:220 - loadIPPluginJar : add pdm2pcm
2025-07-05 14:02:39,248 [INFO] IPUIPlugin:80 - create IPUIPlugin
2025-07-05 14:02:39,251 [INFO] PluginManager:220 - loadIPPluginJar : add plateformsettings
2025-07-05 14:02:39,253 [INFO] IPUIPlugin:80 - create IPUIPlugin
2025-07-05 14:02:39,253 [INFO] PluginManager:220 - loadIPPluginJar : add quadspi
2025-07-05 14:02:39,256 [INFO] IPUIPlugin:80 - create IPUIPlugin
2025-07-05 14:02:39,256 [INFO] PluginManager:220 - loadIPPluginJar : add radio
2025-07-05 14:02:39,261 [INFO] IPUIPlugin:80 - create IPUIPlugin
2025-07-05 14:02:39,261 [INFO] PluginManager:220 - loadIPPluginJar : add resmgrutility
2025-07-05 14:02:39,265 [INFO] IPUIPlugin:80 - create IPUIPlugin
2025-07-05 14:02:39,265 [INFO] PluginManager:220 - loadIPPluginJar : add sai
2025-07-05 14:02:39,267 [INFO] IPUIPlugin:80 - create IPUIPlugin
2025-07-05 14:02:39,268 [INFO] PluginManager:220 - loadIPPluginJar : add spi
2025-07-05 14:02:39,275 [INFO] IPUIPlugin:80 - create IPUIPlugin
2025-07-05 14:02:39,276 [INFO] PluginManager:220 - loadIPPluginJar : add stm32_wpan
2025-07-05 14:02:39,280 [INFO] IPUIPlugin:80 - create IPUIPlugin
2025-07-05 14:02:39,280 [INFO] PluginManager:220 - loadIPPluginJar : add tim
2025-07-05 14:02:39,287 [INFO] IPUIPlugin:80 - create IPUIPlugin
2025-07-05 14:02:39,287 [INFO] PluginManager:220 - loadIPPluginJar : add touchsensing
2025-07-05 14:02:39,291 [INFO] IPUIPlugin:80 - create IPUIPlugin
2025-07-05 14:02:39,291 [INFO] PluginManager:220 - loadIPPluginJar : add tracer_emb
2025-07-05 14:02:39,294 [INFO] IPUIPlugin:80 - create IPUIPlugin
2025-07-05 14:02:39,294 [INFO] PluginManager:220 - loadIPPluginJar : add ts
2025-07-05 14:02:39,297 [INFO] IPUIPlugin:80 - create IPUIPlugin
2025-07-05 14:02:39,297 [INFO] PluginManager:220 - loadIPPluginJar : add tsc
2025-07-05 14:02:39,300 [INFO] IPUIPlugin:80 - create IPUIPlugin
2025-07-05 14:02:39,300 [INFO] PluginManager:220 - loadIPPluginJar : add ucpd
2025-07-05 14:02:39,304 [INFO] IPUIPlugin:80 - create IPUIPlugin
2025-07-05 14:02:39,304 [INFO] PluginManager:220 - loadIPPluginJar : add usart
2025-07-05 14:02:39,308 [INFO] IPUIPlugin:80 - create IPUIPlugin
2025-07-05 14:02:39,309 [INFO] PluginManager:220 - loadIPPluginJar : add usbx
2025-07-05 14:02:39,442 [FATAL] Updater:351 - Updater called before beeing initialized
2025-07-05 14:02:39,474 [INFO] RulesReader:64 - Compatibility file has been processed (302 Rules)
2025-07-05 14:02:39,485 [INFO] RulesReader:64 - Compatibility file has been processed (302 Rules)
2025-07-05 14:02:39,493 [INFO] CADModel:165 - CPN selected for project level
2025-07-05 14:02:39,493 [INFO] CADModel:114 - Register for checkConnection events
2025-07-05 14:02:39,494 [FATAL] Updater:351 - Updater called before beeing initialized
2025-07-05 14:02:39,494 [ERROR] CADModel:125 - Updater not yet initialized, retry later 
2025-07-05 14:02:39,649 [FATAL] Updater:351 - Updater called before beeing initialized
2025-07-05 14:02:39,651 [INFO] CADModel:165 - CPN selected for project level
2025-07-05 14:02:39,651 [INFO] CADModel:114 - Register for checkConnection events
2025-07-05 14:02:39,651 [FATAL] Updater:351 - Updater called before beeing initialized
2025-07-05 14:02:39,651 [ERROR] CADModel:125 - Updater not yet initialized, retry later 
2025-07-05 14:02:39,655 [FATAL] Updater:351 - Updater called before beeing initialized
2025-07-05 14:02:39,828 [FATAL] Updater:351 - Updater called before beeing initialized
2025-07-05 14:02:39,836 [INFO] DbMcusAds:53 - JSON generation date=Thu Jun 19 15:32:34 ICT 2025 (1750321954415)
2025-07-05 14:02:39,836 [FATAL] Updater:351 - Updater called before beeing initialized
2025-07-05 14:02:39,879 [WARN] DetailPanel:346 - Failed to get advertising image, set to default
2025-07-05 14:02:40,167 [FATAL] Updater:351 - Updater called before beeing initialized
2025-07-05 14:02:40,169 [FATAL] Updater:351 - Updater called before beeing initialized
2025-07-05 14:02:40,169 [FATAL] Updater:351 - Updater called before beeing initialized
2025-07-05 14:02:40,169 [WARN] DetailPanel:346 - Failed to get advertising image, set to default
2025-07-05 14:02:40,170 [FATAL] Updater:351 - Updater called before beeing initialized
2025-07-05 14:02:40,225 [ERROR] Updater:1198 - MainUpdater not yet initialized. External WinMGr cannot be set.
2025-07-05 14:02:40,227 [INFO] Updater:1134 - Updater Version found : 6.14.1
2025-07-05 14:02:40,255 [INFO] ApplicationProperties:184 - Using Application install path: C:\ST\STM32CubeIDE_1.18.1\STM32CubeIDE\plugins\com.st.stm32cube.common.mx_6.14.1.202504091515
2025-07-05 14:02:40,720 [INFO] MainUpdater:2872 - connection check result : 10
2025-07-05 14:02:40,721 [INFO] MainUpdater:289 - Updater Check For Update Now.
2025-07-05 14:02:40,721 [INFO] MicroXplorer:498 - Change Database Version : DB.6.0.141
2025-07-05 14:02:40,727 [INFO] McuFinderGlobals:63 - Set McuFinder mode to 2 (CubeIDE integrated)
2025-07-05 14:02:40,729 [INFO] UserAuth:484 - Internet connection configuration mode: 1
2025-07-05 14:02:40,762 [INFO] JxBrowserEngine:152 - Initiate JxBrowser Engine with user profile folder
2025-07-05 14:02:41,006 [INFO] CheckServerUpdateThread:120 - End of CheckServer Thread
2025-07-05 14:02:42,346 [WARN] PackLoader:240 - Cannot read IP mode file for STMicroelectronics.FP-SNS-MOTENVWB1.1.4.0
2025-07-05 14:02:42,356 [WARN] PackLoader:240 - Cannot read IP mode file for STMicroelectronics.FP-ATR-ASTRA1.2.0.2
2025-07-05 14:02:42,370 [WARN] PackLoader:240 - Cannot read IP mode file for STMicroelectronics.X-CUBE-SMBUS.2.1.0
2025-07-05 14:02:42,380 [WARN] PackLoader:240 - Cannot read IP mode file for STMicroelectronics.X-CUBE-ST60.1.0.0
2025-07-05 14:02:42,419 [WARN] PackLoader:240 - Cannot read IP mode file for STMicroelectronics.X-CUBE-AZRTOS-F7.1.1.0
2025-07-05 14:02:42,469 [WARN] PackLoader:240 - Cannot read IP mode file for Infineon.AIROC-Wi-Fi-Bluetooth-STM32.1.7.0
2025-07-05 14:02:42,488 [WARN] PackLoader:240 - Cannot read IP mode file for STMicroelectronics.X-CUBE-DISPLAY.3.0.0
2025-07-05 14:02:42,693 [WARN] PackLoader:240 - Cannot read IP mode file for STMicroelectronics.X-CUBE-NFC10.1.0.0
2025-07-05 14:02:42,826 [WARN] PackLoader:240 - Cannot read IP mode file for STMicroelectronics.X-CUBE-BLEMGR.4.0.0
2025-07-05 14:02:42,849 [WARN] PackLoader:240 - Cannot read IP mode file for emotas.I-CUBE-CANOPEN.1.3.0
2025-07-05 14:02:42,860 [WARN] ConditionMgr:438 - getConditionDescription Invalid condition id : Cortex-A Device cause : null
2025-07-05 14:02:42,883 [WARN] ConditionMgr:1044 - genDependencies : Invalid condition id : Cortex-A Device cause : null
2025-07-05 14:02:42,883 [WARN] ConditionMgr:1044 - genDependencies : Invalid condition id : Cortex-A Device cause : null
2025-07-05 14:02:42,884 [WARN] ConditionMgr:1044 - genDependencies : Invalid condition id : Cortex-A Device cause : null
2025-07-05 14:02:42,889 [WARN] PackLoader:240 - Cannot read IP mode file for STMicroelectronics.X-CUBE-AI.10.0.0
2025-07-05 14:02:42,895 [WARN] PackLoader:240 - Cannot read IP mode file for STMicroelectronics.FP-SNS-SMARTAG2.1.2.0
2025-07-05 14:02:42,903 [WARN] PackLoader:240 - Cannot read IP mode file for STMicroelectronics.FP-SNS-FLIGHT1.5.1.0
2025-07-05 14:02:42,914 [INFO] WebApp:169 - Instantiating new browser for Auth
2025-07-05 14:02:42,916 [INFO] LogOutputStream:77 - [STDOUT_REDIRECT] 1 : Invalid condition id : UX_CORESTACK_Condition cause : null
2025-07-05 14:02:42,917 [INFO] LogOutputStream:77 - [STDOUT_REDIRECT] 1 : Invalid condition id : UX_CORESTACK_Condition cause : null
2025-07-05 14:02:42,919 [INFO] LogOutputStream:77 - [STDOUT_REDIRECT] 1 : Invalid condition id : UX_CORESTACK_Condition cause : null
2025-07-05 14:02:42,927 [INFO] LogOutputStream:77 - [STDOUT_REDIRECT] 1 : Invalid condition id : UX_CORESTACK_Condition cause : null
2025-07-05 14:02:42,944 [INFO] LogOutputStream:77 - [STDOUT_REDIRECT] 1 : Invalid condition id : UX_CORESTACK_Condition cause : null
2025-07-05 14:02:42,958 [WARN] PackLoader:240 - Cannot read IP mode file for STMicroelectronics.X-CUBE-AZRTOS-WL.2.0.0
2025-07-05 14:02:42,976 [WARN] PackLoader:240 - Cannot read IP mode file for STMicroelectronics.FP-SNS-MOTENV1.5.0.0
2025-07-05 14:02:42,989 [WARN] PackLoader:240 - Cannot read IP mode file for WES.I-CUBE-Cesium.1.3.0
2025-07-05 14:02:43,003 [WARN] PackLoader:240 - Cannot read IP mode file for STMicroelectronics.X-CUBE-BLE2.3.3.0
2025-07-05 14:02:43,059 [WARN] PackLoader:240 - Cannot read IP mode file for STMicroelectronics.X-CUBE-NFC9.1.0.0
2025-07-05 14:02:43,105 [WARN] PackLoader:240 - Cannot read IP mode file for STMicroelectronics.X-CUBE-BLE1.7.1.0
2025-07-05 14:02:43,112 [WARN] PackLoader:240 - Cannot read IP mode file for wolfSSL.I-CUBE-wolfMQTT.1.19.2
2025-07-05 14:02:43,118 [WARN] PackLoader:240 - Cannot read IP mode file for STMicroelectronics.X-CUBE-AI.10.1.0
2025-07-05 14:02:43,243 [WARN] PackLoader:240 - Cannot read IP mode file for STMicroelectronics.X-CUBE-MEMS1.11.2.0
2025-07-05 14:02:43,561 [WARN] PackLoader:240 - Cannot read IP mode file for STMicroelectronics.X-CUBE-AZRTOS-G0.1.1.0
2025-07-05 14:02:43,581 [WARN] PackLoader:240 - Cannot read IP mode file for STMicroelectronics.X-CUBE-SAFEA1.1.2.2
2025-07-05 14:02:43,590 [WARN] PackLoader:240 - Cannot read IP mode file for STMicroelectronics.X-CUBE-NFC4.3.0.0
2025-07-05 14:02:43,605 [WARN] PackLoader:240 - Cannot read IP mode file for EmbeddedOffice.I-CUBE-FS-RTOS.1.0.1
2025-07-05 14:02:43,622 [WARN] PackLoader:240 - Cannot read IP mode file for STMicroelectronics.X-CUBE-WB05N.2.0.0
2025-07-05 14:02:43,651 [WARN] PackLoader:240 - Cannot read IP mode file for wolfSSL.I-CUBE-wolfTPM.3.8.0
2025-07-05 14:02:43,657 [WARN] PackLoader:240 - Cannot read IP mode file for STMicroelectronics.X-CUBE-TCPP.4.2.0
2025-07-05 14:02:43,676 [WARN] PackLoader:240 - Cannot read IP mode file for RealThread.X-CUBE-RT-Thread_Nano.4.1.1
2025-07-05 14:02:43,683 [WARN] PackLoader:240 - Cannot read IP mode file for STMicroelectronics.FP-ATR-SIGFOX1.3.2.0
2025-07-05 14:02:43,696 [WARN] PackLoader:240 - Cannot read IP mode file for STMicroelectronics.X-CUBE-EEPRMA1.5.1.0
2025-07-05 14:02:43,702 [WARN] PackLoader:240 - Cannot read IP mode file for wolfSSL.I-CUBE-wolfSSL.5.7.6
2025-07-05 14:02:43,713 [WARN] PackLoader:240 - Cannot read IP mode file for ITTIA_DB.I-CUBE-ITTIADB.8.9.0
2025-07-05 14:02:43,719 [WARN] PackLoader:240 - Cannot read IP mode file for STMicroelectronics.X-CUBE-ST67W61.1.0.0
2025-07-05 14:02:43,784 [WARN] PackLoader:240 - Cannot read IP mode file for SEGGER.I-CUBE-embOS.1.3.1
2025-07-05 14:02:43,868 [WARN] PackLoader:240 - Cannot read IP mode file for STMicroelectronics.X-CUBE-ALGOBUILD.1.4.0
2025-07-05 14:02:43,970 [WARN] PackLoader:240 - Cannot read IP mode file for STMicroelectronics.X-CUBE-MEMS1.11.3.0
2025-07-05 14:02:44,568 [WARN] PackLoader:240 - Cannot read IP mode file for STMicroelectronics.X-CUBE-PM33A1.1.0.0
2025-07-05 14:02:44,600 [WARN] PackLoader:240 - Cannot read IP mode file for STMicroelectronics.X-CUBE-AZRTOS-F4.1.1.0
2025-07-05 14:02:44,610 [WARN] PackLoader:240 - Cannot read IP mode file for Avnet-IotConnect.X-CUBE-IoTC-DA16k-PMOD.1.0.0
2025-07-05 14:02:44,613 [INFO] WebApp:463 - Apply proxy settings
2025-07-05 14:02:44,614 [INFO] WebApp:548 - Chromium requires no authentication
2025-07-05 14:02:44,635 [INFO] WebApp:491 - Direct internet connection detected
2025-07-05 14:02:44,655 [WARN] PackLoader:240 - Cannot read IP mode file for STMicroelectronics.X-CUBE-ISPU.2.1.0
2025-07-05 14:02:44,687 [WARN] PackLoader:240 - Cannot read IP mode file for STMicroelectronics.X-CUBE-AZRTOS-L5.2.0.0
2025-07-05 14:02:44,704 [WARN] PackLoader:240 - Cannot read IP mode file for STMicroelectronics.X-CUBE-NFC6.3.1.0
2025-07-05 14:02:44,717 [INFO] WebApp:894 - Register for checkConnection events
2025-07-05 14:02:44,717 [INFO] WebApp:463 - Apply proxy settings
2025-07-05 14:02:44,718 [INFO] WebApp:548 - Chromium requires no authentication
2025-07-05 14:02:44,718 [INFO] WebApp:491 - Direct internet connection detected
2025-07-05 14:02:44,721 [WARN] PackLoader:240 - Cannot read IP mode file for STMicroelectronics.X-CUBE-FREERTOS.1.3.1
2025-07-05 14:02:44,731 [WARN] PackLoader:240 - Cannot read IP mode file for STMicroelectronics.X-CUBE-FREERTOS.1.3.0
2025-07-05 14:02:44,740 [WARN] PackLoader:240 - Cannot read IP mode file for STMicroelectronics.X-CUBE-NFC7.1.0.1
2025-07-05 14:02:44,747 [WARN] PackLoader:240 - Cannot read IP mode file for STMicroelectronics.FP-SNS-STAIOTCFT.1.0.0
2025-07-05 14:02:44,801 [WARN] PackLoader:240 - Cannot read IP mode file for STMicroelectronics.X-CUBE-DPower.1.3.0
2025-07-05 14:02:44,835 [WARN] ConditionMgr:438 - getConditionDescription Invalid condition id : LAN8742 Phy interface Condition cause : null
2025-07-05 14:02:44,836 [WARN] PackLoader:240 - Cannot read IP mode file for STMicroelectronics.X-CUBE-AZRTOS-L4.2.0.0
2025-07-05 14:02:44,837 [WARN] ConditionMgr:1044 - genDependencies : Invalid condition id : LAN8742 Phy interface Condition cause : null
2025-07-05 14:02:44,838 [WARN] ConditionMgr:1044 - genDependencies : Invalid condition id : LAN8742 Phy interface Condition cause : null
2025-07-05 14:02:44,838 [WARN] ConditionMgr:1044 - genDependencies : Invalid condition id : LAN8742 Phy interface Condition cause : null
2025-07-05 14:02:44,846 [WARN] PackLoader:240 - Cannot read IP mode file for STMicroelectronics.X-CUBE-SFXS2LP1.4.0.0
2025-07-05 14:02:44,868 [WARN] PackLoader:240 - Cannot read IP mode file for STMicroelectronics.X-CUBE-AZRTOS-H7.3.3.0
2025-07-05 14:02:44,892 [WARN] ConditionMgr:438 - getConditionDescription Invalid condition id : UX DEVICE CLASS RTOS Condition cause : null
2025-07-05 14:02:44,892 [WARN] ConditionMgr:438 - getConditionDescription Invalid condition id : UX DEVICE CLASS RTOS Condition cause : null
2025-07-05 14:02:44,894 [WARN] PackLoader:240 - Cannot read IP mode file for STMicroelectronics.X-CUBE-AZRTOS-WB.2.0.0
2025-07-05 14:02:44,895 [WARN] ConditionMgr:1044 - genDependencies : Invalid condition id : UX DEVICE CLASS RTOS Condition cause : null
2025-07-05 14:02:44,895 [WARN] ConditionMgr:1044 - genDependencies : Invalid condition id : UX DEVICE CLASS RTOS Condition cause : null
2025-07-05 14:02:44,895 [WARN] ConditionMgr:1044 - genDependencies : Invalid condition id : UX DEVICE CLASS RTOS Condition cause : null
2025-07-05 14:02:44,896 [WARN] ConditionMgr:1044 - genDependencies : Invalid condition id : UX DEVICE CLASS RTOS Condition cause : null
2025-07-05 14:02:44,896 [WARN] ConditionMgr:1044 - genDependencies : Invalid condition id : UX DEVICE CLASS RTOS Condition cause : null
2025-07-05 14:02:44,903 [WARN] PackLoader:240 - Cannot read IP mode file for STMicroelectronics.X-CUBE-GNSS1.7.0.1
2025-07-05 14:02:44,909 [WARN] PackLoader:240 - Cannot read IP mode file for STMicroelectronics.X-CUBE-TOUCHGFX.4.25.0
2025-07-05 14:02:44,922 [WARN] PackLoader:240 - Cannot read IP mode file for STMicroelectronics.FP-SNS-STBOX1.2.0.0
2025-07-05 14:02:44,941 [WARN] PackLoader:240 - Cannot read IP mode file for STMicroelectronics.X-CUBE-SUBG2.5.0.0
2025-07-05 14:02:44,979 [WARN] PackLoader:240 - Cannot read IP mode file for STMicroelectronics.X-CUBE-AZRTOS-H7RS.1.1.0
2025-07-05 14:02:44,987 [WARN] PackLoader:240 - Cannot read IP mode file for Cesanta.I-CUBE-Mongoose.7.13.0
2025-07-05 14:02:45,012 [WARN] PackLoader:240 - Cannot read IP mode file for STMicroelectronics.X-CUBE-AZRTOS-G4.2.0.0
2025-07-05 14:02:45,019 [WARN] PackLoader:240 - Cannot read IP mode file for wolfSSL.I-CUBE-wolfSSH.1.4.20
2025-07-05 14:02:45,024 [WARN] PackLoader:240 - Cannot read IP mode file for STMicroelectronics.X-CUBE-NFC7.2.0.0
2025-07-05 14:02:45,036 [WARN] PackLoader:240 - Cannot read IP mode file for STMicroelectronics.X-CUBE-IPS.3.1.0
2025-07-05 14:02:45,069 [WARN] PackLoader:240 - Cannot read IP mode file for STMicroelectronics.X-CUBE-ALS.1.0.2
2025-07-05 14:02:45,077 [WARN] PackLoader:240 - Cannot read IP mode file for portGmbH.I-Cube-SoM-uGOAL.1.1.0
2025-07-05 14:02:45,090 [WARN] PackLoader:240 - Cannot read IP mode file for STMicroelectronics.X-CUBE-TOF1.3.4.3
2025-07-05 14:02:45,118 [INFO] ThirdParty:978 - Integrity check success = true
2025-07-05 14:02:45,118 [INFO] IntegrityCheckThread:100 - exiting critical section [integrity check]
2025-07-05 14:02:45,118 [INFO] IntegrityCheckThread:103 - End integrity checks thread
2025-07-05 14:02:45,183 [INFO] WebApp:225 - Starting web application
2025-07-05 14:02:45,183 [INFO] WebApp:593 - Web application path used C:\ST\STM32CubeIDE_1.18.1\STM32CubeIDE\plugins\com.st.stm32cube.common.mx_6.14.1.202504091515\db\plugins\mcufinder\reactClient1\index.html
2025-07-05 14:02:45,319 [INFO] WebApp:191 - Connection restablished
2025-07-05 14:02:45,327 [INFO] UserAuth:484 - Internet connection configuration mode: 1
2025-07-05 16:09:12,696 [ERROR] LogOutputStream:75 - [STDERR_REDIRECT] 
