2025-06-29 09:12:39,534 [INFO] Activator:176 - 


2025-06-29 09:12:39,543 [INFO] Activator:177 - !SESSION log4j initialized
2025-06-29 09:12:47,762 [INFO] LogOutputStream:77 - [STDOUT_REDIRECT] 
2025-06-29 09:12:48,953 [INFO] ApplicationProperties:184 - Using Application install path: C:\ST\STM32CubeIDE_1.18.1\STM32CubeIDE\plugins\com.st.stm32cube.common.mx_6.14.1.202504091515
2025-06-29 09:12:48,989 [INFO] DbMcusXml:78 - Set database path to: C:\ST\STM32CubeIDE_1.18.1\STM32CubeIDE\plugins\com.st.stm32cube.common.mx_6.14.1.202504091515\\db\/mcu/
2025-06-29 09:12:48,989 [INFO] ApiDb:274 - Set plugin database path to: C:\ST\STM32CubeIDE_1.18.1\STM32CubeIDE\plugins\com.st.stm32cube.common.mx_6.14.1.202504091515\\db\/plugins/boardmanager/
2025-06-29 09:12:48,990 [WARN] ApiDb:259 - Overriding images path with different value:  => C:\ST\STM32CubeIDE_1.18.1\STM32CubeIDE\plugins\com.st.stm32cube.common.mx_6.14.1.202504091515\\db\/plugins/mcufinder/images/
2025-06-29 09:12:48,998 [INFO] ApiDb:250 - Set database path to: C:\Users\Administrator\.stmcufinder\plugins\mcufinder//mcu/
2025-06-29 09:12:48,999 [INFO] DbMcusAds:125 - Set database path to: C:\Users\Administrator\.stmcufinder\plugins\mcufinder//mcu/
2025-06-29 09:12:49,001 [INFO] CrossReferenceDbSqlite:203 - Set database path to: C:\Users\Administrator\.stmcufinder\plugins\mcufinder//mcu/cs/
2025-06-29 09:12:49,132 [INFO] RulesReader:64 - Compatibility file has been processed (302 Rules)
2025-06-29 09:12:49,243 [INFO] DbMcusXml:78 - Set database path to: C:\ST\STM32CubeIDE_1.18.1\STM32CubeIDE\plugins\com.st.stm32cube.common.mx_6.14.1.202504091515\\db\/mcu/
2025-06-29 09:12:49,244 [INFO] ApiDb:274 - Set plugin database path to: C:\ST\STM32CubeIDE_1.18.1\STM32CubeIDE\plugins\com.st.stm32cube.common.mx_6.14.1.202504091515\\db\/plugins/boardmanager/
2025-06-29 09:12:49,244 [INFO] ApiDb:261 - Set plugin images path to: C:\ST\STM32CubeIDE_1.18.1\STM32CubeIDE\plugins\com.st.stm32cube.common.mx_6.14.1.202504091515\\db\/plugins/mcufinder/images/
2025-06-29 09:12:49,245 [WARN] DbFile:41 - Overriding database path with different value: C:\Users\Administrator\.stmcufinder\plugins\mcufinder/ => C:\Users\Administrator\.stmcufinder\plugins\mcufinder
2025-06-29 09:12:49,245 [INFO] ApiDb:250 - Set database path to: C:\Users\Administrator\.stmcufinder\plugins\mcufinder//mcu/
2025-06-29 09:12:49,245 [WARN] DbFile:41 - Overriding database path with different value: C:\Users\Administrator\.stmcufinder\plugins\mcufinder/ => C:\Users\Administrator\.stmcufinder\plugins\mcufinder
2025-06-29 09:12:49,245 [INFO] DbMcusAds:125 - Set database path to: C:\Users\Administrator\.stmcufinder\plugins\mcufinder//mcu/
2025-06-29 09:12:49,245 [WARN] DbFile:41 - Overriding database path with different value: C:\Users\Administrator\.stmcufinder\plugins\mcufinder/ => C:\Users\Administrator\.stmcufinder\plugins\mcufinder
2025-06-29 09:12:49,245 [WARN] DbFile:41 - Overriding database path with different value: C:\Users\Administrator\.stmcufinder\plugins\mcufinder/ => C:\Users\Administrator\.stmcufinder\plugins\mcufinder
2025-06-29 09:12:49,246 [INFO] CrossReferenceDbSqlite:203 - Set database path to: C:\Users\Administrator\.stmcufinder\plugins\mcufinder//mcu/cs/
2025-06-29 09:12:49,363 [INFO] MainPanel:272 - HeapMemory: 268435456
2025-06-29 09:12:49,491 [INFO] DbMcusXml:78 - Set database path to: C:\ST\STM32CubeIDE_1.18.1\STM32CubeIDE\plugins\com.st.stm32cube.common.mx_6.14.1.202504091515\\db\/mcu/
2025-06-29 09:12:49,491 [INFO] ApiDb:274 - Set plugin database path to: C:\ST\STM32CubeIDE_1.18.1\STM32CubeIDE\plugins\com.st.stm32cube.common.mx_6.14.1.202504091515\\db\/plugins/boardmanager/
2025-06-29 09:12:49,491 [INFO] ApiDb:261 - Set plugin images path to: C:\ST\STM32CubeIDE_1.18.1\STM32CubeIDE\plugins\com.st.stm32cube.common.mx_6.14.1.202504091515\\db\/plugins/mcufinder/images/
2025-06-29 09:12:49,492 [WARN] DbFile:41 - Overriding database path with different value: C:\Users\Administrator\.stmcufinder\plugins\mcufinder/ => C:\Users\Administrator\.stmcufinder\plugins\mcufinder
2025-06-29 09:12:49,492 [INFO] ApiDb:250 - Set database path to: C:\Users\Administrator\.stmcufinder\plugins\mcufinder//mcu/
2025-06-29 09:12:49,492 [WARN] DbFile:41 - Overriding database path with different value: C:\Users\Administrator\.stmcufinder\plugins\mcufinder/ => C:\Users\Administrator\.stmcufinder\plugins\mcufinder
2025-06-29 09:12:49,492 [INFO] DbMcusAds:125 - Set database path to: C:\Users\Administrator\.stmcufinder\plugins\mcufinder//mcu/
2025-06-29 09:12:49,492 [WARN] DbFile:41 - Overriding database path with different value: C:\Users\Administrator\.stmcufinder\plugins\mcufinder/ => C:\Users\Administrator\.stmcufinder\plugins\mcufinder
2025-06-29 09:12:49,492 [WARN] DbFile:41 - Overriding database path with different value: C:\Users\Administrator\.stmcufinder\plugins\mcufinder/ => C:\Users\Administrator\.stmcufinder\plugins\mcufinder
2025-06-29 09:12:49,493 [INFO] CrossReferenceDbSqlite:203 - Set database path to: C:\Users\Administrator\.stmcufinder\plugins\mcufinder//mcu/cs/
2025-06-29 09:12:49,517 [INFO] ApplicationProperties:184 - Using Application install path: C:\ST\STM32CubeIDE_1.18.1\STM32CubeIDE\plugins\com.st.stm32cube.common.mx_6.14.1.202504091515
2025-06-29 09:12:49,519 [INFO] PluginManage:196 - Search for loadable plugins [exclusion list=, ]
2025-06-29 09:12:49,520 [INFO] PluginManage:310 - Check plugin analytics
2025-06-29 09:12:49,750 [INFO] AnalyticsPlugin:253 - Accepted Software Licenses: STM32CubeMX.6.14.1
2025-06-29 09:12:49,750 [INFO] AnalyticsPlugin:255 - Accepted CMSIS Pack Licenses: 
2025-06-29 09:12:49,750 [INFO] AnalyticsPlugin:257 - Accepted Firmware Licenses: FW.F4.1.28.0
2025-06-29 09:12:49,754 [INFO] PluginManage:359 - Loaded plugin analytics (category:tool,tabindex:-1)
2025-06-29 09:12:49,755 [INFO] PluginManage:310 - Check plugin cadmodel
2025-06-29 09:12:49,764 [INFO] CADModel:105 - Init CAD model plugin
2025-06-29 09:12:49,765 [INFO] PluginManage:359 - Loaded plugin cadmodel (category:power,tabindex:5)
2025-06-29 09:12:49,765 [INFO] PluginManage:310 - Check plugin clock
2025-06-29 09:12:49,776 [INFO] PluginManage:359 - Loaded plugin clock (category:base,tabindex:2)
2025-06-29 09:12:49,776 [INFO] PluginManage:310 - Check plugin ddr
2025-06-29 09:12:49,780 [INFO] PluginManage:359 - Loaded plugin ddr (category:tool,tabindex:6)
2025-06-29 09:12:49,781 [INFO] PluginManage:310 - Check plugin filemanager
2025-06-29 09:12:49,949 [INFO] PluginManage:359 - Loaded plugin filemanager (category:base,tabindex:10)
2025-06-29 09:12:49,949 [INFO] PluginManage:310 - Check plugin ipmanager
2025-06-29 09:12:49,957 [INFO] PluginManage:359 - Loaded plugin ipmanager (category:base,tabindex:5)
2025-06-29 09:12:49,957 [INFO] PluginManage:310 - Check plugin lpbam
2025-06-29 09:12:49,968 [INFO] PluginManage:359 - Loaded plugin lpbam (category:base,tabindex:0)
2025-06-29 09:12:49,969 [INFO] PluginManage:310 - Check plugin memorymap
2025-06-29 09:12:49,990 [INFO] PluginManage:359 - Loaded plugin memorymap (category:base,tabindex:4)
2025-06-29 09:12:49,991 [INFO] PluginManage:310 - Check plugin pinoutandconfiguration
2025-06-29 09:12:50,004 [INFO] PluginManage:359 - Loaded plugin pinoutandconfiguration (category:base,tabindex:1)
2025-06-29 09:12:50,005 [INFO] PluginManage:310 - Check plugin pinoutconfig
2025-06-29 09:12:50,140 [WARN] SupportedApi:132 - Cannot load RTOS API schema: s4s-elt-must-match.1: The content of 'definitions' must match (annotation?, (simpleType | complexType)?, (unique | key | keyref)*)). A problem was found starting at: attribute.
2025-06-29 09:12:50,299 [INFO] PluginManage:359 - Loaded plugin pinoutconfig (category:base,tabindex:0)
2025-06-29 09:12:50,299 [INFO] PluginManage:310 - Check plugin power
2025-06-29 09:12:50,309 [INFO] PluginManage:359 - Loaded plugin power (category:power,tabindex:4)
2025-06-29 09:12:50,310 [INFO] PluginManage:310 - Check plugin projectmanager
2025-06-29 09:12:50,328 [INFO] PluginManage:359 - Loaded plugin projectmanager (category:projectmanager,tabindex:4)
2025-06-29 09:12:50,328 [INFO] PluginManage:310 - Check plugin rif
2025-06-29 09:12:50,338 [INFO] PluginManage:359 - Loaded plugin rif (category:base,tabindex:3)
2025-06-29 09:12:50,339 [INFO] PluginManage:310 - Check plugin thirdparty
2025-06-29 09:12:50,555 [INFO] PluginManage:359 - Loaded plugin thirdparty (category:base,tabindex:-1)
2025-06-29 09:12:50,556 [INFO] PluginManage:310 - Check plugin tools
2025-06-29 09:12:50,560 [INFO] PluginManage:359 - Loaded plugin tools (category:base,tabindex:7)
2025-06-29 09:12:50,561 [INFO] PluginManage:310 - Check plugin tutovideos
2025-06-29 09:12:50,561 [WARN] IntegrityCheckThread:84 - waiting for thirdparty lock release [integrity check]
2025-06-29 09:12:50,572 [INFO] IntegrityCheckThread:86 - entering critical section [integrity check]
2025-06-29 09:12:50,573 [INFO] ThirdPartyUpdaterWithRetryManager:70 - Updater plugin not ready yet. [1/15]
2025-06-29 09:12:50,853 [INFO] PluginManage:359 - Loaded plugin tutovideos (category:base,tabindex:-1)
2025-06-29 09:12:50,853 [INFO] PluginManage:310 - Check plugin updater
2025-06-29 09:12:50,926 [INFO] PluginManage:359 - Loaded plugin updater (category:base,tabindex:12)
2025-06-29 09:12:50,926 [INFO] PluginManage:310 - Check plugin userauth
2025-06-29 09:12:50,933 [INFO] UserAuth:118 - Init User Auth plugin
2025-06-29 09:12:50,935 [INFO] PluginManage:359 - Loaded plugin userauth (category:base,tabindex:14)
2025-06-29 09:12:50,935 [INFO] PluginManage:283 - PluginManage : Loaded plugins [18]
2025-06-29 09:12:51,310 [INFO] PinOutPanel:1589 - setPackage(No Configuration,No Configuration)
2025-06-29 09:12:51,423 [INFO] CADModel:165 - CPN selected for project level
2025-06-29 09:12:51,424 [INFO] CADModel:114 - Register for checkConnection events
2025-06-29 09:12:51,459 [INFO] IPUIPlugin:80 - create IPUIPlugin
2025-06-29 09:12:51,460 [INFO] PluginManager:220 - loadIPPluginJar : add adc
2025-06-29 09:12:51,464 [INFO] IPUIPlugin:80 - create IPUIPlugin
2025-06-29 09:12:51,465 [INFO] PluginManager:220 - loadIPPluginJar : add aes
2025-06-29 09:12:51,470 [INFO] IPUIPlugin:80 - create IPUIPlugin
2025-06-29 09:12:51,470 [INFO] PluginManager:220 - loadIPPluginJar : add can
2025-06-29 09:12:51,473 [INFO] IPUIPlugin:80 - create IPUIPlugin
2025-06-29 09:12:51,473 [INFO] PluginManager:220 - loadIPPluginJar : add comp
2025-06-29 09:12:51,479 [INFO] IPUIPlugin:80 - create IPUIPlugin
2025-06-29 09:12:51,479 [INFO] PluginManager:220 - loadIPPluginJar : add cryp
2025-06-29 09:12:51,484 [INFO] IPUIPlugin:80 - create IPUIPlugin
2025-06-29 09:12:51,484 [INFO] PluginManager:220 - loadIPPluginJar : add ddr_ctrl_phy
2025-06-29 09:12:51,489 [INFO] IPUIPlugin:80 - create IPUIPlugin
2025-06-29 09:12:51,490 [INFO] PluginManager:220 - loadIPPluginJar : add dfsdm
2025-06-29 09:12:51,521 [INFO] IPUIPlugin:80 - create IPUIPlugin
2025-06-29 09:12:51,522 [INFO] PluginManager:220 - loadIPPluginJar : add dma
2025-06-29 09:12:51,527 [INFO] IPUIPlugin:80 - create IPUIPlugin
2025-06-29 09:12:51,528 [INFO] PluginManager:220 - loadIPPluginJar : add dma3
2025-06-29 09:12:51,533 [INFO] IPUIPlugin:80 - create IPUIPlugin
2025-06-29 09:12:51,533 [INFO] PluginManager:220 - loadIPPluginJar : add extmemmanager
2025-06-29 09:12:51,536 [INFO] IPUIPlugin:80 - create IPUIPlugin
2025-06-29 09:12:51,536 [INFO] PluginManager:220 - loadIPPluginJar : add fatfs
2025-06-29 09:12:51,547 [INFO] IPUIPlugin:80 - create IPUIPlugin
2025-06-29 09:12:51,547 [INFO] PluginManager:220 - loadIPPluginJar : add fmc
2025-06-29 09:12:51,556 [INFO] IPUIPlugin:80 - create IPUIPlugin
2025-06-29 09:12:51,557 [INFO] PluginManager:220 - loadIPPluginJar : add freertos
2025-06-29 09:12:51,561 [INFO] IPUIPlugin:80 - create IPUIPlugin
2025-06-29 09:12:51,561 [INFO] PluginManager:220 - loadIPPluginJar : add genericplugin
2025-06-29 09:12:51,566 [INFO] IPUIPlugin:80 - create IPUIPlugin
2025-06-29 09:12:51,566 [INFO] PluginManager:220 - loadIPPluginJar : add gfxmmu
2025-06-29 09:12:51,577 [INFO] IPUIPlugin:80 - create IPUIPlugin
2025-06-29 09:12:51,578 [INFO] PluginManager:220 - loadIPPluginJar : add gic
2025-06-29 09:12:51,586 [INFO] IPUIPlugin:80 - create IPUIPlugin
2025-06-29 09:12:51,586 [INFO] PluginManager:220 - loadIPPluginJar : add gpio
2025-06-29 09:12:51,592 [INFO] IPUIPlugin:80 - create IPUIPlugin
2025-06-29 09:12:51,592 [INFO] PluginManager:220 - loadIPPluginJar : add gtzc
2025-06-29 09:12:51,598 [INFO] IPUIPlugin:80 - create IPUIPlugin
2025-06-29 09:12:51,598 [INFO] PluginManager:220 - loadIPPluginJar : add hash
2025-06-29 09:12:51,606 [INFO] IPUIPlugin:80 - create IPUIPlugin
2025-06-29 09:12:51,606 [INFO] PluginManager:220 - loadIPPluginJar : add i2c
2025-06-29 09:12:51,610 [INFO] IPUIPlugin:80 - create IPUIPlugin
2025-06-29 09:12:51,611 [INFO] PluginManager:220 - loadIPPluginJar : add i2s
2025-06-29 09:12:51,615 [INFO] IPUIPlugin:80 - create IPUIPlugin
2025-06-29 09:12:51,616 [INFO] PluginManager:220 - loadIPPluginJar : add i3c
2025-06-29 09:12:51,620 [INFO] IPUIPlugin:80 - create IPUIPlugin
2025-06-29 09:12:51,621 [INFO] PluginManager:220 - loadIPPluginJar : add ipddr
2025-06-29 09:12:51,636 [INFO] IPUIPlugin:80 - create IPUIPlugin
2025-06-29 09:12:51,639 [INFO] PluginManager:220 - loadIPPluginJar : add linkedlist
2025-06-29 09:12:51,646 [INFO] IPUIPlugin:80 - create IPUIPlugin
2025-06-29 09:12:51,647 [INFO] PluginManager:220 - loadIPPluginJar : add lorawan
2025-06-29 09:12:51,649 [INFO] IPUIPlugin:80 - create IPUIPlugin
2025-06-29 09:12:51,649 [INFO] PluginManager:220 - loadIPPluginJar : add ltdc
2025-06-29 09:12:51,659 [INFO] IPUIPlugin:80 - create IPUIPlugin
2025-06-29 09:12:51,660 [INFO] PluginManager:220 - loadIPPluginJar : add mdma
2025-06-29 09:12:51,668 [INFO] IPUIPlugin:80 - create IPUIPlugin
2025-06-29 09:12:51,668 [INFO] PluginManager:220 - loadIPPluginJar : add nvic
2025-06-29 09:12:51,676 [INFO] IPUIPlugin:80 - create IPUIPlugin
2025-06-29 09:12:51,676 [INFO] PluginManager:220 - loadIPPluginJar : add opamp
2025-06-29 09:12:51,683 [INFO] IPUIPlugin:80 - create IPUIPlugin
2025-06-29 09:12:51,683 [INFO] PluginManager:220 - loadIPPluginJar : add openamp
2025-06-29 09:12:51,689 [INFO] IPUIPlugin:80 - create IPUIPlugin
2025-06-29 09:12:51,689 [INFO] PluginManager:220 - loadIPPluginJar : add pdm2pcm
2025-06-29 09:12:51,702 [INFO] IPUIPlugin:80 - create IPUIPlugin
2025-06-29 09:12:51,706 [INFO] PluginManager:220 - loadIPPluginJar : add plateformsettings
2025-06-29 09:12:51,711 [INFO] IPUIPlugin:80 - create IPUIPlugin
2025-06-29 09:12:51,711 [INFO] PluginManager:220 - loadIPPluginJar : add quadspi
2025-06-29 09:12:51,714 [INFO] IPUIPlugin:80 - create IPUIPlugin
2025-06-29 09:12:51,716 [INFO] PluginManager:220 - loadIPPluginJar : add radio
2025-06-29 09:12:51,723 [INFO] IPUIPlugin:80 - create IPUIPlugin
2025-06-29 09:12:51,723 [INFO] PluginManager:220 - loadIPPluginJar : add resmgrutility
2025-06-29 09:12:51,730 [INFO] IPUIPlugin:80 - create IPUIPlugin
2025-06-29 09:12:51,730 [INFO] PluginManager:220 - loadIPPluginJar : add sai
2025-06-29 09:12:51,736 [INFO] IPUIPlugin:80 - create IPUIPlugin
2025-06-29 09:12:51,736 [INFO] PluginManager:220 - loadIPPluginJar : add spi
2025-06-29 09:12:51,747 [INFO] IPUIPlugin:80 - create IPUIPlugin
2025-06-29 09:12:51,748 [INFO] PluginManager:220 - loadIPPluginJar : add stm32_wpan
2025-06-29 09:12:51,751 [INFO] IPUIPlugin:80 - create IPUIPlugin
2025-06-29 09:12:51,751 [INFO] PluginManager:220 - loadIPPluginJar : add tim
2025-06-29 09:12:51,757 [INFO] IPUIPlugin:80 - create IPUIPlugin
2025-06-29 09:12:51,757 [INFO] PluginManager:220 - loadIPPluginJar : add touchsensing
2025-06-29 09:12:51,804 [INFO] IPUIPlugin:80 - create IPUIPlugin
2025-06-29 09:12:51,804 [INFO] PluginManager:220 - loadIPPluginJar : add tracer_emb
2025-06-29 09:12:51,807 [INFO] IPUIPlugin:80 - create IPUIPlugin
2025-06-29 09:12:51,807 [INFO] PluginManager:220 - loadIPPluginJar : add ts
2025-06-29 09:12:51,811 [INFO] IPUIPlugin:80 - create IPUIPlugin
2025-06-29 09:12:51,811 [INFO] PluginManager:220 - loadIPPluginJar : add tsc
2025-06-29 09:12:51,814 [INFO] IPUIPlugin:80 - create IPUIPlugin
2025-06-29 09:12:51,814 [INFO] PluginManager:220 - loadIPPluginJar : add ucpd
2025-06-29 09:12:51,819 [INFO] IPUIPlugin:80 - create IPUIPlugin
2025-06-29 09:12:51,819 [INFO] PluginManager:220 - loadIPPluginJar : add usart
2025-06-29 09:12:51,824 [INFO] IPUIPlugin:80 - create IPUIPlugin
2025-06-29 09:12:51,824 [INFO] PluginManager:220 - loadIPPluginJar : add usbx
2025-06-29 09:12:52,279 [FATAL] Updater:351 - Updater called before beeing initialized
2025-06-29 09:12:52,320 [INFO] RulesReader:64 - Compatibility file has been processed (302 Rules)
2025-06-29 09:12:52,340 [INFO] RulesReader:64 - Compatibility file has been processed (302 Rules)
2025-06-29 09:12:52,351 [INFO] CADModel:165 - CPN selected for project level
2025-06-29 09:12:52,351 [INFO] CADModel:114 - Register for checkConnection events
2025-06-29 09:12:52,351 [FATAL] Updater:351 - Updater called before beeing initialized
2025-06-29 09:12:52,352 [ERROR] CADModel:125 - Updater not yet initialized, retry later 
2025-06-29 09:12:52,689 [FATAL] Updater:351 - Updater called before beeing initialized
2025-06-29 09:12:52,693 [INFO] CADModel:165 - CPN selected for project level
2025-06-29 09:12:52,693 [INFO] CADModel:114 - Register for checkConnection events
2025-06-29 09:12:52,693 [FATAL] Updater:351 - Updater called before beeing initialized
2025-06-29 09:12:52,693 [ERROR] CADModel:125 - Updater not yet initialized, retry later 
2025-06-29 09:12:52,698 [FATAL] Updater:351 - Updater called before beeing initialized
2025-06-29 09:12:53,029 [FATAL] Updater:351 - Updater called before beeing initialized
2025-06-29 09:12:53,034 [INFO] DbMcusAds:53 - JSON generation date=Thu Jun 19 15:32:34 ICT 2025 (1750321954415)
2025-06-29 09:12:53,035 [FATAL] Updater:351 - Updater called before beeing initialized
2025-06-29 09:12:53,077 [WARN] DetailPanel:346 - Failed to get advertising image, set to default
2025-06-29 09:12:53,363 [FATAL] Updater:351 - Updater called before beeing initialized
2025-06-29 09:12:53,366 [FATAL] Updater:351 - Updater called before beeing initialized
2025-06-29 09:12:53,366 [FATAL] Updater:351 - Updater called before beeing initialized
2025-06-29 09:12:53,366 [WARN] DetailPanel:346 - Failed to get advertising image, set to default
2025-06-29 09:12:53,367 [FATAL] Updater:351 - Updater called before beeing initialized
2025-06-29 09:12:53,434 [ERROR] Updater:1198 - MainUpdater not yet initialized. External WinMGr cannot be set.
2025-06-29 09:12:53,436 [INFO] Updater:1134 - Updater Version found : 6.14.1
2025-06-29 09:12:53,461 [INFO] ApplicationProperties:184 - Using Application install path: C:\ST\STM32CubeIDE_1.18.1\STM32CubeIDE\plugins\com.st.stm32cube.common.mx_6.14.1.202504091515
2025-06-29 09:12:53,574 [INFO] ThirdPartyUpdaterWithRetryManager:70 - Updater plugin not ready yet. [2/15]
2025-06-29 09:12:55,150 [INFO] MainUpdater:2872 - connection check result : 10
2025-06-29 09:12:55,151 [INFO] MainUpdater:289 - Updater Check For Update Now.
2025-06-29 09:12:55,152 [INFO] MicroXplorer:498 - Change Database Version : DB.6.0.141
2025-06-29 09:12:55,161 [INFO] McuFinderGlobals:63 - Set McuFinder mode to 2 (CubeIDE integrated)
2025-06-29 09:12:55,162 [INFO] UserAuth:484 - Internet connection configuration mode: 1
2025-06-29 09:12:55,209 [INFO] JxBrowserEngine:152 - Initiate JxBrowser Engine with user profile folder
2025-06-29 09:12:55,398 [INFO] CheckServerUpdateThread:120 - End of CheckServer Thread
2025-06-29 09:12:57,195 [INFO] WebApp:169 - Instantiating new browser for Auth
2025-06-29 09:12:57,221 [WARN] PackLoader:240 - Cannot read IP mode file for STMicroelectronics.FP-SNS-MOTENVWB1.1.4.0
2025-06-29 09:12:57,235 [WARN] PackLoader:240 - Cannot read IP mode file for STMicroelectronics.FP-ATR-ASTRA1.2.0.2
2025-06-29 09:12:57,250 [WARN] PackLoader:240 - Cannot read IP mode file for STMicroelectronics.X-CUBE-SMBUS.2.1.0
2025-06-29 09:12:57,260 [WARN] PackLoader:240 - Cannot read IP mode file for STMicroelectronics.X-CUBE-ST60.1.0.0
2025-06-29 09:12:57,370 [WARN] PackLoader:240 - Cannot read IP mode file for STMicroelectronics.X-CUBE-AZRTOS-F7.1.1.0
2025-06-29 09:12:57,461 [WARN] PackLoader:240 - Cannot read IP mode file for Infineon.AIROC-Wi-Fi-Bluetooth-STM32.1.7.0
2025-06-29 09:12:57,481 [WARN] PackLoader:240 - Cannot read IP mode file for STMicroelectronics.X-CUBE-DISPLAY.3.0.0
2025-06-29 09:12:57,501 [WARN] PackLoader:240 - Cannot read IP mode file for STMicroelectronics.X-CUBE-NFC10.1.0.0
2025-06-29 09:12:57,567 [WARN] PackLoader:240 - Cannot read IP mode file for STMicroelectronics.X-CUBE-BLEMGR.4.0.0
2025-06-29 09:12:57,585 [WARN] PackLoader:240 - Cannot read IP mode file for emotas.I-CUBE-CANOPEN.1.3.0
2025-06-29 09:12:57,591 [WARN] ConditionMgr:438 - getConditionDescription Invalid condition id : Cortex-A Device cause : null
2025-06-29 09:12:57,610 [WARN] ConditionMgr:1044 - genDependencies : Invalid condition id : Cortex-A Device cause : null
2025-06-29 09:12:57,611 [WARN] ConditionMgr:1044 - genDependencies : Invalid condition id : Cortex-A Device cause : null
2025-06-29 09:12:57,611 [WARN] ConditionMgr:1044 - genDependencies : Invalid condition id : Cortex-A Device cause : null
2025-06-29 09:12:57,618 [WARN] PackLoader:240 - Cannot read IP mode file for STMicroelectronics.X-CUBE-AI.10.0.0
2025-06-29 09:12:57,625 [WARN] PackLoader:240 - Cannot read IP mode file for STMicroelectronics.FP-SNS-SMARTAG2.1.2.0
2025-06-29 09:12:57,633 [WARN] PackLoader:240 - Cannot read IP mode file for STMicroelectronics.FP-SNS-FLIGHT1.5.1.0
2025-06-29 09:12:57,647 [INFO] LogOutputStream:77 - [STDOUT_REDIRECT] 1 : Invalid condition id : UX_CORESTACK_Condition cause : null
2025-06-29 09:12:57,648 [INFO] LogOutputStream:77 - [STDOUT_REDIRECT] 1 : Invalid condition id : UX_CORESTACK_Condition cause : null
2025-06-29 09:12:57,677 [INFO] LogOutputStream:77 - [STDOUT_REDIRECT] 1 : Invalid condition id : UX_CORESTACK_Condition cause : null
2025-06-29 09:12:57,685 [INFO] LogOutputStream:77 - [STDOUT_REDIRECT] 1 : Invalid condition id : UX_CORESTACK_Condition cause : null
2025-06-29 09:12:57,686 [INFO] LogOutputStream:77 - [STDOUT_REDIRECT] 1 : Invalid condition id : UX_CORESTACK_Condition cause : null
2025-06-29 09:12:57,703 [WARN] PackLoader:240 - Cannot read IP mode file for STMicroelectronics.X-CUBE-AZRTOS-WL.2.0.0
2025-06-29 09:12:57,714 [WARN] PackLoader:240 - Cannot read IP mode file for STMicroelectronics.FP-SNS-MOTENV1.5.0.0
2025-06-29 09:12:57,749 [WARN] PackLoader:240 - Cannot read IP mode file for WES.I-CUBE-Cesium.1.3.0
2025-06-29 09:12:57,756 [WARN] PackLoader:240 - Cannot read IP mode file for STMicroelectronics.X-CUBE-BLE2.3.3.0
2025-06-29 09:12:57,771 [WARN] PackLoader:240 - Cannot read IP mode file for STMicroelectronics.X-CUBE-NFC9.1.0.0
2025-06-29 09:12:57,778 [WARN] PackLoader:240 - Cannot read IP mode file for STMicroelectronics.X-CUBE-BLE1.7.1.0
2025-06-29 09:12:57,783 [WARN] PackLoader:240 - Cannot read IP mode file for wolfSSL.I-CUBE-wolfMQTT.1.19.2
2025-06-29 09:12:57,787 [WARN] PackLoader:240 - Cannot read IP mode file for STMicroelectronics.X-CUBE-AI.10.1.0
2025-06-29 09:12:57,871 [WARN] PackLoader:240 - Cannot read IP mode file for STMicroelectronics.X-CUBE-MEMS1.11.2.0
2025-06-29 09:12:58,130 [WARN] PackLoader:240 - Cannot read IP mode file for STMicroelectronics.X-CUBE-AZRTOS-G0.1.1.0
2025-06-29 09:12:58,160 [WARN] PackLoader:240 - Cannot read IP mode file for STMicroelectronics.X-CUBE-SAFEA1.1.2.2
2025-06-29 09:12:58,167 [WARN] PackLoader:240 - Cannot read IP mode file for STMicroelectronics.X-CUBE-NFC4.3.0.0
2025-06-29 09:12:58,177 [WARN] PackLoader:240 - Cannot read IP mode file for EmbeddedOffice.I-CUBE-FS-RTOS.1.0.1
2025-06-29 09:12:58,184 [WARN] PackLoader:240 - Cannot read IP mode file for STMicroelectronics.X-CUBE-WB05N.2.0.0
2025-06-29 09:12:58,189 [WARN] PackLoader:240 - Cannot read IP mode file for wolfSSL.I-CUBE-wolfTPM.3.8.0
2025-06-29 09:12:58,196 [WARN] PackLoader:240 - Cannot read IP mode file for STMicroelectronics.X-CUBE-TCPP.4.2.0
2025-06-29 09:12:58,203 [WARN] PackLoader:240 - Cannot read IP mode file for RealThread.X-CUBE-RT-Thread_Nano.4.1.1
2025-06-29 09:12:58,207 [WARN] PackLoader:240 - Cannot read IP mode file for STMicroelectronics.FP-ATR-SIGFOX1.3.2.0
2025-06-29 09:12:58,215 [WARN] PackLoader:240 - Cannot read IP mode file for STMicroelectronics.X-CUBE-EEPRMA1.5.1.0
2025-06-29 09:12:58,221 [WARN] PackLoader:240 - Cannot read IP mode file for wolfSSL.I-CUBE-wolfSSL.5.7.6
2025-06-29 09:12:58,227 [WARN] PackLoader:240 - Cannot read IP mode file for ITTIA_DB.I-CUBE-ITTIADB.8.9.0
2025-06-29 09:12:58,234 [WARN] PackLoader:240 - Cannot read IP mode file for STMicroelectronics.X-CUBE-ST67W61.1.0.0
2025-06-29 09:12:58,321 [WARN] PackLoader:240 - Cannot read IP mode file for SEGGER.I-CUBE-embOS.1.3.1
2025-06-29 09:12:58,421 [WARN] PackLoader:240 - Cannot read IP mode file for STMicroelectronics.X-CUBE-ALGOBUILD.1.4.0
2025-06-29 09:12:58,504 [WARN] PackLoader:240 - Cannot read IP mode file for STMicroelectronics.X-CUBE-MEMS1.11.3.0
2025-06-29 09:12:58,720 [WARN] PackLoader:240 - Cannot read IP mode file for STMicroelectronics.X-CUBE-PM33A1.1.0.0
2025-06-29 09:12:58,764 [WARN] PackLoader:240 - Cannot read IP mode file for STMicroelectronics.X-CUBE-AZRTOS-F4.1.1.0
2025-06-29 09:12:58,771 [WARN] PackLoader:240 - Cannot read IP mode file for Avnet-IotConnect.X-CUBE-IoTC-DA16k-PMOD.1.0.0
2025-06-29 09:12:58,776 [WARN] PackLoader:240 - Cannot read IP mode file for STMicroelectronics.X-CUBE-ISPU.2.1.0
2025-06-29 09:12:58,798 [WARN] PackLoader:240 - Cannot read IP mode file for STMicroelectronics.X-CUBE-AZRTOS-L5.2.0.0
2025-06-29 09:12:58,811 [WARN] PackLoader:240 - Cannot read IP mode file for STMicroelectronics.X-CUBE-NFC6.3.1.0
2025-06-29 09:12:58,825 [WARN] PackLoader:240 - Cannot read IP mode file for STMicroelectronics.X-CUBE-FREERTOS.1.3.1
2025-06-29 09:12:58,834 [WARN] PackLoader:240 - Cannot read IP mode file for STMicroelectronics.X-CUBE-FREERTOS.1.3.0
2025-06-29 09:12:58,841 [WARN] PackLoader:240 - Cannot read IP mode file for STMicroelectronics.X-CUBE-NFC7.1.0.1
2025-06-29 09:12:58,849 [WARN] PackLoader:240 - Cannot read IP mode file for STMicroelectronics.FP-SNS-STAIOTCFT.1.0.0
2025-06-29 09:12:58,857 [WARN] PackLoader:240 - Cannot read IP mode file for STMicroelectronics.X-CUBE-DPower.1.3.0
2025-06-29 09:12:58,897 [WARN] ConditionMgr:438 - getConditionDescription Invalid condition id : LAN8742 Phy interface Condition cause : null
2025-06-29 09:12:58,898 [WARN] PackLoader:240 - Cannot read IP mode file for STMicroelectronics.X-CUBE-AZRTOS-L4.2.0.0
2025-06-29 09:12:58,900 [WARN] ConditionMgr:1044 - genDependencies : Invalid condition id : LAN8742 Phy interface Condition cause : null
2025-06-29 09:12:58,900 [WARN] ConditionMgr:1044 - genDependencies : Invalid condition id : LAN8742 Phy interface Condition cause : null
2025-06-29 09:12:58,901 [WARN] ConditionMgr:1044 - genDependencies : Invalid condition id : LAN8742 Phy interface Condition cause : null
2025-06-29 09:12:58,910 [WARN] PackLoader:240 - Cannot read IP mode file for STMicroelectronics.X-CUBE-SFXS2LP1.4.0.0
2025-06-29 09:12:58,984 [WARN] PackLoader:240 - Cannot read IP mode file for STMicroelectronics.X-CUBE-AZRTOS-H7.3.3.0
2025-06-29 09:12:59,065 [WARN] ConditionMgr:438 - getConditionDescription Invalid condition id : UX DEVICE CLASS RTOS Condition cause : null
2025-06-29 09:12:59,068 [WARN] ConditionMgr:438 - getConditionDescription Invalid condition id : UX DEVICE CLASS RTOS Condition cause : null
2025-06-29 09:12:59,077 [WARN] PackLoader:240 - Cannot read IP mode file for STMicroelectronics.X-CUBE-AZRTOS-WB.2.0.0
2025-06-29 09:12:59,080 [WARN] ConditionMgr:1044 - genDependencies : Invalid condition id : UX DEVICE CLASS RTOS Condition cause : null
2025-06-29 09:12:59,080 [WARN] ConditionMgr:1044 - genDependencies : Invalid condition id : UX DEVICE CLASS RTOS Condition cause : null
2025-06-29 09:12:59,082 [WARN] ConditionMgr:1044 - genDependencies : Invalid condition id : UX DEVICE CLASS RTOS Condition cause : null
2025-06-29 09:12:59,083 [WARN] ConditionMgr:1044 - genDependencies : Invalid condition id : UX DEVICE CLASS RTOS Condition cause : null
2025-06-29 09:12:59,083 [WARN] ConditionMgr:1044 - genDependencies : Invalid condition id : UX DEVICE CLASS RTOS Condition cause : null
2025-06-29 09:12:59,094 [WARN] PackLoader:240 - Cannot read IP mode file for STMicroelectronics.X-CUBE-GNSS1.7.0.1
2025-06-29 09:12:59,101 [WARN] PackLoader:240 - Cannot read IP mode file for STMicroelectronics.X-CUBE-TOUCHGFX.4.25.0
2025-06-29 09:12:59,108 [WARN] PackLoader:240 - Cannot read IP mode file for STMicroelectronics.FP-SNS-STBOX1.2.0.0
2025-06-29 09:12:59,123 [WARN] PackLoader:240 - Cannot read IP mode file for STMicroelectronics.X-CUBE-SUBG2.5.0.0
2025-06-29 09:12:59,149 [WARN] PackLoader:240 - Cannot read IP mode file for STMicroelectronics.X-CUBE-AZRTOS-H7RS.1.1.0
2025-06-29 09:12:59,158 [WARN] PackLoader:240 - Cannot read IP mode file for Cesanta.I-CUBE-Mongoose.7.13.0
2025-06-29 09:12:59,173 [WARN] PackLoader:240 - Cannot read IP mode file for STMicroelectronics.X-CUBE-AZRTOS-G4.2.0.0
2025-06-29 09:12:59,197 [WARN] PackLoader:240 - Cannot read IP mode file for wolfSSL.I-CUBE-wolfSSH.1.4.20
2025-06-29 09:12:59,202 [WARN] PackLoader:240 - Cannot read IP mode file for STMicroelectronics.X-CUBE-NFC7.2.0.0
2025-06-29 09:12:59,218 [WARN] PackLoader:240 - Cannot read IP mode file for STMicroelectronics.X-CUBE-IPS.3.1.0
2025-06-29 09:12:59,229 [WARN] PackLoader:240 - Cannot read IP mode file for STMicroelectronics.X-CUBE-ALS.1.0.2
2025-06-29 09:12:59,239 [WARN] PackLoader:240 - Cannot read IP mode file for portGmbH.I-Cube-SoM-uGOAL.1.1.0
2025-06-29 09:12:59,252 [WARN] PackLoader:240 - Cannot read IP mode file for STMicroelectronics.X-CUBE-TOF1.3.4.3
2025-06-29 09:12:59,267 [INFO] ThirdParty:978 - Integrity check success = true
2025-06-29 09:12:59,267 [INFO] IntegrityCheckThread:100 - exiting critical section [integrity check]
2025-06-29 09:12:59,267 [INFO] IntegrityCheckThread:103 - End integrity checks thread
2025-06-29 09:13:00,879 [INFO] WebApp:463 - Apply proxy settings
2025-06-29 09:13:00,879 [INFO] WebApp:548 - Chromium requires no authentication
2025-06-29 09:13:00,903 [INFO] WebApp:491 - Direct internet connection detected
2025-06-29 09:13:00,945 [INFO] WebApp:894 - Register for checkConnection events
2025-06-29 09:13:00,946 [INFO] WebApp:463 - Apply proxy settings
2025-06-29 09:13:00,946 [INFO] WebApp:548 - Chromium requires no authentication
2025-06-29 09:13:00,946 [INFO] WebApp:491 - Direct internet connection detected
2025-06-29 09:13:01,147 [INFO] WebApp:191 - Connection restablished
2025-06-29 09:13:01,266 [INFO] WebApp:225 - Starting web application
2025-06-29 09:13:01,266 [INFO] WebApp:593 - Web application path used C:\ST\STM32CubeIDE_1.18.1\STM32CubeIDE\plugins\com.st.stm32cube.common.mx_6.14.1.202504091515\db\plugins\mcufinder\reactClient1\index.html
2025-06-29 09:13:01,562 [INFO] UserAuth:484 - Internet connection configuration mode: 1
2025-06-29 09:41:23,122 [ERROR] LogOutputStream:75 - [STDERR_REDIRECT] 
